#
# A fatal error has been detected by the Java Runtime Environment:
#
#  EXCEPTION_ACCESS_VIOLATION (0xc0000005) at pc=0xffffffffa3585120, pid=5604, tid=5160
#
# JRE version: Java(TM) SE Runtime Environment (8.0_40-b26) (build 1.8.0_40-b26)
# Java VM: Java HotSpot(TM) 64-Bit Server VM (25.40-b25 mixed mode windows-amd64 compressed oops)
# Problematic frame:
# C  0xffffffffa3585120
#
# Failed to write core dump. Minidumps are not enabled by default on client versions of Windows
#
# If you would like to submit a bug report, please visit:
#   http://bugreport.java.com/bugreport/crash.jsp
#

---------------  T H R E A D  ---------------

Current thread (0x0000000018fee800):  JavaThread "AWT-EventQueue-0" [_thread_in_Java, id=5160, stack(0x00000000197d0000,0x00000000198d0000)]

siginfo: ExceptionCode=0xc0000005, ExceptionInformation=0x0000000000000008 0xffffffffa3585120

Registers:
RAX=0x0000000080213c40, RBX=0x0000000080213c40, RCX=0x0000000000000000, RDX=0x00000000eb2b9168
RSP=0x00000000198cca58, RBP=0x00000000eb2b9168, RSI=0x0000000080213c40, RDI=0x00000000140c0090
R8 =0x00000000eb2b9110, R9 =0x0000000000000000, R10=0x0000000080213c40, R11=0x0000000000000022
R12=0x0000000000000000, R13=0x0000000000000000, R14=0x0000000000000022, R15=0x0000000018fee800
RIP=0xffffffffa3585120, EFLAGS=0x0000000000010246

Top of Stack: (sp=0x00000000198cca58)
0x00000000198cca58:   0000000002ba3a34 00000000eafc67c8
0x00000000198cca68:   0000000002bd3974 00000000ecf3ddb0
0x00000000198cca78:   0000000700000000 0000002200000022
0x00000000198cca88:   0000002200000022 00000000eb2b90f8
0x00000000198cca98:   00000000eb2b9148 00000000eb2b91c8
0x00000000198ccaa8:   00000000eb2b9110 eb2b916800000000
0x00000000198ccab8:   00000000eb2b91d8 00000000eb2b9110
0x00000000198ccac8:   00000000eb2b87d0 eb2b87f00000000c
0x00000000198ccad8:   00000000eb2b8748 00000000eafcb5d0
0x00000000198ccae8:   0000000002b96e5c 0000000000000000
0x00000000198ccaf8:   0000000000000000 00000000eafc65e8
0x00000000198ccb08:   0000000002b96f34 00000000ecf3de00
0x00000000198ccb18:   00000000000b39a5 00000000eb2b8ea0
0x00000000198ccb28:   00000000ecf3c5d8 00000000eb2b8be8
0x00000000198ccb38:   00000000eb2b8930 00000000eafbd808
0x00000000198ccb48:   0000000000000005 0000000500000000 

Instructions: (pc=0xffffffffa3585120)
0xffffffffa3585100:   
[error occurred during error reporting (printing registers, top of stack, instructions near pc), id 0xc0000005]

Register to memory mapping:

RAX=0x0000000080213c40 is pointing into metadata
RBX=0x0000000080213c40 is pointing into metadata
RCX=0x0000000000000000 is an unknown value
RDX=0x00000000eb2b9168 is an oop
sun.nio.cs.UTF_16LE$Decoder 
 - klass: 'sun/nio/cs/UTF_16LE$Decoder'
RSP=0x00000000198cca58 is pointing into the stack for thread: 0x0000000018fee800
RBP=0x00000000eb2b9168 is an oop
sun.nio.cs.UTF_16LE$Decoder 
 - klass: 'sun/nio/cs/UTF_16LE$Decoder'
RSI=0x0000000080213c40 is pointing into metadata
RDI=0x00000000140c0090 is pointing into metadata
R8 =0x00000000eb2b9110 is an oop
[B 
 - klass: {type array byte}
 - length: 34
R9 =0x0000000000000000 is an unknown value
R10=0x0000000080213c40 is pointing into metadata
R11=0x0000000000000022 is an unknown value
R12=0x0000000000000000 is an unknown value
R13=0x0000000000000000 is an unknown value
R14=0x0000000000000022 is an unknown value
R15=0x0000000018fee800 is a thread


Stack: [0x00000000197d0000,0x00000000198d0000],  sp=0x00000000198cca58,  free space=1010k
Native frames: (J=compiled Java code, j=interpreted, Vv=VM code, C=native code)
C  0xffffffffa3585120


---------------  P R O C E S S  ---------------

Java Threads: ( => current thread )
  0x0000000019667000 JavaThread "TimerQueue" daemon [_thread_blocked, id=7472, stack(0x000000001c7d0000,0x000000001c8d0000)]
  0x0000000019664800 JavaThread "D3D Screen Updater" daemon [_thread_blocked, id=5216, stack(0x000000001c3e0000,0x000000001c4e0000)]
  0x0000000001ede000 JavaThread "DestroyJavaVM" [_thread_blocked, id=7876, stack(0x00000000021b0000,0x00000000022b0000)]
=>0x0000000018fee800 JavaThread "AWT-EventQueue-0" [_thread_in_Java, id=5160, stack(0x00000000197d0000,0x00000000198d0000)]
  0x0000000016305800 JavaThread "AWT-Windows" daemon [_thread_in_native, id=3232, stack(0x0000000016590000,0x0000000016690000)]
  0x00000000162ff000 JavaThread "AWT-Shutdown" [_thread_blocked, id=7316, stack(0x00000000166c0000,0x00000000167c0000)]
  0x00000000162f9800 JavaThread "Java2D Disposer" daemon [_thread_blocked, id=7448, stack(0x0000000016480000,0x0000000016580000)]
  0x0000000014aba000 JavaThread "Service Thread" daemon [_thread_blocked, id=6536, stack(0x0000000015e50000,0x0000000015f50000)]
  0x0000000014ab5000 JavaThread "C1 CompilerThread1" daemon [_thread_blocked, id=7752, stack(0x0000000015d10000,0x0000000015e10000)]
  0x0000000014a5c800 JavaThread "C2 CompilerThread0" daemon [_thread_blocked, id=6176, stack(0x0000000015590000,0x0000000015690000)]
  0x0000000014a5a800 JavaThread "Attach Listener" daemon [_thread_blocked, id=5940, stack(0x0000000015ad0000,0x0000000015bd0000)]
  0x0000000014a59800 JavaThread "Signal Dispatcher" daemon [_thread_blocked, id=5476, stack(0x00000000159d0000,0x0000000015ad0000)]
  0x00000000149fc000 JavaThread "Finalizer" daemon [_thread_blocked, id=8036, stack(0x00000000158b0000,0x00000000159b0000)]
  0x00000000149f5000 JavaThread "Reference Handler" daemon [_thread_blocked, id=7668, stack(0x0000000015700000,0x0000000015800000)]

Other Threads:
  0x00000000149ed000 VMThread [stack: 0x0000000015470000,0x0000000015570000] [id=6956]
  0x0000000014abe800 WatcherThread [stack: 0x0000000015c10000,0x0000000015d10000] [id=7544]

VM state:not at safepoint (normal execution)

VM Mutex/Monitor currently owned by a thread: None

Heap:
 PSYoungGen      total 35328K, used 10560K [0x00000000eab00000, 0x00000000ed000000, 0x0000000100000000)
  eden space 32768K, 24% used [0x00000000eab00000,0x00000000eb2d33f0,0x00000000ecb00000)
  from space 2560K, 99% used [0x00000000ecd80000,0x00000000ecffcd38,0x00000000ed000000)
  to   space 2560K, 0% used [0x00000000ecb00000,0x00000000ecb00000,0x00000000ecd80000)
 ParOldGen       total 44032K, used 4920K [0x00000000c0000000, 0x00000000c2b00000, 0x00000000eab00000)
  object space 44032K, 11% used [0x00000000c0000000,0x00000000c04ce1e8,0x00000000c2b00000)
 Metaspace       used 19193K, capacity 19464K, committed 19712K, reserved 1067008K
  class space    used 2400K, capacity 2506K, committed 2560K, reserved 1048576K

Card table byte_map: [0x0000000011940000,0x0000000011b50000] byte_map_base: 0x0000000011340000

Marking Bits: (ParMarkBitMap*) 0x00000000519d4040
 Begin Bits: [0x0000000011ec0000, 0x0000000012ec0000)
 End Bits:   [0x0000000012ec0000, 0x0000000013ec0000)

Polling page: 0x0000000000120000

CodeCache: size=245760Kb used=6654Kb max_used=6665Kb free=239105Kb
 bounds [0x0000000002580000, 0x0000000002c10000, 0x0000000011580000]
 total_blobs=2640 nmethods=2068 adapters=485
 compilation: enabled

Compilation events (10 events):
Event: 4.064 Thread 0x0000000014a5c800 2064       4       com.microsoft.sqlserver.jdbc.Column::getValue (49 bytes)
Event: 4.067 Thread 0x0000000014a5c800 nmethod 2064 0x0000000002bfe4d0 code [0x0000000002bfe620, 0x0000000002bfe7e8]
Event: 4.067 Thread 0x0000000014a5c800 2065       4       com.microsoft.sqlserver.jdbc.SimpleInputStream::isEOS (42 bytes)
Event: 4.068 Thread 0x0000000014a5c800 nmethod 2065 0x0000000002c01810 code [0x0000000002c01940, 0x0000000002c01998]
Event: 4.068 Thread 0x0000000014a5c800 2066   !   4       com.microsoft.sqlserver.jdbc.ServerDTVImpl::skipValue (149 bytes)
Event: 4.071 Thread 0x0000000014a5c800 nmethod 2066 0x0000000002c02b90 code [0x0000000002c02ce0, 0x0000000002c02ec8]
Event: 4.071 Thread 0x0000000014a5c800 2067       4       com.microsoft.sqlserver.jdbc.SQLServerResultSet::skipColumns (115 bytes)
Event: 4.078 Thread 0x0000000014a5c800 nmethod 2067 0x0000000002c01d90 code [0x0000000002c01f00, 0x0000000002c023e8]
Event: 4.080 Thread 0x0000000014ab5000 2068       1       sun.nio.cs.UnicodeDecoder::implReset (9 bytes)
Event: 4.080 Thread 0x0000000014ab5000 nmethod 2068 0x0000000002c01490 code [0x0000000002c015e0, 0x0000000002c016f0]

GC Heap History (4 events):
Event: 1.446 GC heap before
{Heap before GC invocations=1 (full 0):
 PSYoungGen      total 18944K, used 16384K [0x00000000eab00000, 0x00000000ec000000, 0x0000000100000000)
  eden space 16384K, 100% used [0x00000000eab00000,0x00000000ebb00000,0x00000000ebb00000)
  from space 2560K, 0% used [0x00000000ebd80000,0x00000000ebd80000,0x00000000ec000000)
  to   space 2560K, 0% used [0x00000000ebb00000,0x00000000ebb00000,0x00000000ebd80000)
 ParOldGen       total 44032K, used 0K [0x00000000c0000000, 0x00000000c2b00000, 0x00000000eab00000)
  object space 44032K, 0% used [0x00000000c0000000,0x00000000c0000000,0x00000000c2b00000)
 Metaspace       used 15699K, capacity 15934K, committed 16256K, reserved 1062912K
  class space    used 2052K, capacity 2147K, committed 2176K, reserved 1048576K
Event: 1.465 GC heap after
Heap after GC invocations=1 (full 0):
 PSYoungGen      total 18944K, used 2544K [0x00000000eab00000, 0x00000000ed000000, 0x0000000100000000)
  eden space 16384K, 0% used [0x00000000eab00000,0x00000000eab00000,0x00000000ebb00000)
  from space 2560K, 99% used [0x00000000ebb00000,0x00000000ebd7c010,0x00000000ebd80000)
  to   space 2560K, 0% used [0x00000000ecd80000,0x00000000ecd80000,0x00000000ed000000)
 ParOldGen       total 44032K, used 2300K [0x00000000c0000000, 0x00000000c2b00000, 0x00000000eab00000)
  object space 44032K, 5% used [0x00000000c0000000,0x00000000c023f3c8,0x00000000c2b00000)
 Metaspace       used 15699K, capacity 15934K, committed 16256K, reserved 1062912K
  class space    used 2052K, capacity 2147K, committed 2176K, reserved 1048576K
}
Event: 2.995 GC heap before
{Heap before GC invocations=2 (full 0):
 PSYoungGen      total 18944K, used 18928K [0x00000000eab00000, 0x00000000ed000000, 0x0000000100000000)
  eden space 16384K, 100% used [0x00000000eab00000,0x00000000ebb00000,0x00000000ebb00000)
  from space 2560K, 99% used [0x00000000ebb00000,0x00000000ebd7c010,0x00000000ebd80000)
  to   space 2560K, 0% used [0x00000000ecd80000,0x00000000ecd80000,0x00000000ed000000)
 ParOldGen       total 44032K, used 2300K [0x00000000c0000000, 0x00000000c2b00000, 0x00000000eab00000)
  object space 44032K, 5% used [0x00000000c0000000,0x00000000c023f3c8,0x00000000c2b00000)
 Metaspace       used 18509K, capacity 18748K, committed 19200K, reserved 1067008K
  class space    used 2356K, capacity 2440K, committed 2560K, reserved 1048576K
Event: 3.009 GC heap after
Heap after GC invocations=2 (full 0):
 PSYoungGen      total 35328K, used 2547K [0x00000000eab00000, 0x00000000ed000000, 0x0000000100000000)
  eden space 32768K, 0% used [0x00000000eab00000,0x00000000eab00000,0x00000000ecb00000)
  from space 2560K, 99% used [0x00000000ecd80000,0x00000000ecffcd38,0x00000000ed000000)
  to   space 2560K, 0% used [0x00000000ecb00000,0x00000000ecb00000,0x00000000ecd80000)
 ParOldGen       total 44032K, used 4920K [0x00000000c0000000, 0x00000000c2b00000, 0x00000000eab00000)
  object space 44032K, 11% used [0x00000000c0000000,0x00000000c04ce1e8,0x00000000c2b00000)
 Metaspace       used 18509K, capacity 18748K, committed 19200K, reserved 1067008K
  class space    used 2356K, capacity 2440K, committed 2560K, reserved 1048576K
}

Deoptimization events (10 events):
Event: 1.754 Thread 0x0000000001ede000 Uncommon trap: reason=unstable_if action=reinterpret pc=0x00000000029be7e4 method=java.util.HashMap.putVal(ILjava/lang/Object;Ljava/lang/Object;ZZ)Ljava/lang/Object; @ 162
Event: 1.754 Thread 0x0000000001ede000 Uncommon trap: reason=unstable_if action=reinterpret pc=0x000000000288d2f4 method=java.util.HashMap.putVal(ILjava/lang/Object;Ljava/lang/Object;ZZ)Ljava/lang/Object; @ 162
Event: 1.754 Thread 0x0000000001ede000 Uncommon trap: reason=unstable_if action=reinterpret pc=0x00000000029e4f08 method=java.util.HashMap.resize()[Ljava/util/HashMap$Node; @ 206
Event: 1.757 Thread 0x0000000001ede000 Uncommon trap: reason=unstable_if action=reinterpret pc=0x00000000029fdf48 method=java.util.HashMap.getNode(ILjava/lang/Object;)Ljava/util/HashMap$Node; @ 84
Event: 1.806 Thread 0x0000000001ede000 Uncommon trap: reason=unstable_if action=reinterpret pc=0x00000000027dde08 method=java.util.HashMap.getNode(ILjava/lang/Object;)Ljava/util/HashMap$Node; @ 84
Event: 1.897 Thread 0x0000000001ede000 Uncommon trap: reason=predicate action=maybe_recompile pc=0x0000000002a4cf0c method=java.util.regex.Pattern$SliceI.match(Ljava/util/regex/Matcher;ILjava/lang/CharSequence;)Z @ 21
Event: 1.948 Thread 0x0000000016305800 Uncommon trap: reason=class_check action=maybe_recompile pc=0x0000000002a25aec method=java.util.HashMap.putVal(ILjava/lang/Object;Ljava/lang/Object;ZZ)Ljava/lang/Object; @ 91
Event: 1.948 Thread 0x0000000016305800 Uncommon trap: reason=class_check action=maybe_recompile pc=0x0000000002a25aec method=java.util.HashMap.putVal(ILjava/lang/Object;Ljava/lang/Object;ZZ)Ljava/lang/Object; @ 91
Event: 2.087 Thread 0x0000000018fee800 Uncommon trap: reason=unstable_if action=reinterpret pc=0x0000000002840860 method=sun.awt.SunToolkit.getAppContext(Ljava/lang/Object;)Lsun/awt/AppContext; @ 4
Event: 2.088 Thread 0x0000000018fee800 Uncommon trap: reason=unstable_if action=reinterpret pc=0x00000000028750c8 method=java.lang.ref.SoftReference.get()Ljava/lang/Object; @ 17

Internal exceptions (10 events):
Event: 0.097 Thread 0x0000000001ede000 Exception <a 'java/lang/NoSuchMethodError': Method sun.misc.Unsafe.prefetchRead(Ljava/lang/Object;J)V name or signature does not match> (0x00000000eab0de10) thrown at [D:\re\workspace\8-2-build-windows-amd64-cygwin\jdk8u40\3098\hotspot\src\share\vm\prims\j5ÆqdëÅ?
Event: 0.171 Thread 0x0000000001ede000 Exception <a 'java/security/PrivilegedActionException'> (0x00000000eab97e30) thrown at [D:\re\workspace\8-2-build-windows-amd64-cygwin\jdk8u40\3098\hotspot\src\share\vm\prims\jvm.cpp, line 1382]
Event: 0.171 Thread 0x0000000001ede000 Exception <a 'java/security/PrivilegedActionException'> (0x00000000eab97fe8) thrown at [D:\re\workspace\8-2-build-windows-amd64-cygwin\jdk8u40\3098\hotspot\src\share\vm\prims\jvm.cpp, line 1382]
Event: 0.172 Thread 0x0000000001ede000 Exception <a 'java/security/PrivilegedActionException'> (0x00000000eab9bae0) thrown at [D:\re\workspace\8-2-build-windows-amd64-cygwin\jdk8u40\3098\hotspot\src\share\vm\prims\jvm.cpp, line 1382]
Event: 0.172 Thread 0x0000000001ede000 Exception <a 'java/security/PrivilegedActionException'> (0x00000000eab9bc98) thrown at [D:\re\workspace\8-2-build-windows-amd64-cygwin\jdk8u40\3098\hotspot\src\share\vm\prims\jvm.cpp, line 1382]
Event: 0.206 Thread 0x0000000001ede000 Exception <a 'java/io/FileNotFoundException'> (0x00000000eac6e0c0) thrown at [D:\re\workspace\8-2-build-windows-amd64-cygwin\jdk8u40\3098\hotspot\src\share\vm\prims\jni.cpp, line 709]
Event: 0.229 Thread 0x0000000001ede000 Exception <a 'java/io/FileNotFoundException'> (0x00000000eac8e578) thrown at [D:\re\workspace\8-2-build-windows-amd64-cygwin\jdk8u40\3098\hotspot\src\share\vm\prims\jni.cpp, line 709]
Event: 0.275 Thread 0x0000000001ede000 Exception <a 'java/lang/NoSuchFieldError': method resolution failed> (0x00000000ead625b8) thrown at [D:\re\workspace\8-2-build-windows-amd64-cygwin\jdk8u40\3098\hotspot\src\share\vm\prims\methodHandles.cpp, line 1125]
Event: 0.285 Thread 0x0000000001ede000 Exception <a 'java/lang/NoSuchFieldError': method resolution failed> (0x00000000ead70ff8) thrown at [D:\re\workspace\8-2-build-windows-amd64-cygwin\jdk8u40\3098\hotspot\src\share\vm\prims\methodHandles.cpp, line 1125]
Event: 1.008 Thread 0x0000000001ede000 Implicit null exception at 0x000000000281a603 to 0x000000000281aa8d

Events (10 events):
Event: 3.180 loading class sun/java2d/loops/ProcessPath$Point
Event: 3.180 loading class sun/java2d/loops/ProcessPath$Point done
Event: 3.181 loading class sun/java2d/loops/ProcessPath$ActiveEdgeList
Event: 3.181 loading class sun/java2d/loops/ProcessPath$ActiveEdgeList done
Event: 3.181 loading class sun/java2d/loops/ProcessPath$Edge
Event: 3.181 loading class sun/java2d/loops/ProcessPath$Edge done
Event: 3.851 loading class com/microsoft/sqlserver/jdbc/TypeInfo$1
Event: 3.851 loading class com/microsoft/sqlserver/jdbc/TypeInfo$1 done
Event: 3.853 loading class com/bookingsystem/model/Equipment
Event: 3.853 loading class com/bookingsystem/model/Equipment done


Dynamic libraries:
0x000000013f330000 - 0x000000013f367000 	C:\Program Files\Java\jre1.8.0_40\bin\javaw.exe
0x0000000077440000 - 0x00000000775e9000 	C:\Windows\SYSTEM32\ntdll.dll
0x0000000077320000 - 0x000000007743f000 	C:\Windows\system32\kernel32.dll
0x000007fefd520000 - 0x000007fefd58b000 	C:\Windows\system32\KERNELBASE.dll
0x000007feff3e0000 - 0x000007feff4bb000 	C:\Windows\system32\ADVAPI32.dll
0x000007fefeb40000 - 0x000007fefebdf000 	C:\Windows\system32\msvcrt.dll
0x000007feff3c0000 - 0x000007feff3df000 	C:\Windows\SYSTEM32\sechost.dll
0x000007feff4d0000 - 0x000007feff5fd000 	C:\Windows\system32\RPCRT4.dll
0x0000000077220000 - 0x000000007731a000 	C:\Windows\system32\USER32.dll
0x000007fefead0000 - 0x000007fefeb37000 	C:\Windows\system32\GDI32.dll
0x000007feff4c0000 - 0x000007feff4ce000 	C:\Windows\system32\LPK.dll
0x000007fefeea0000 - 0x000007fefef69000 	C:\Windows\system32\USP10.dll
0x000007fefbf40000 - 0x000007fefc134000 	C:\Windows\WinSxS\amd64_microsoft.windows.common-controls_6595b64144ccf1df_6.0.7601.17514_none_fa396087175ac9ac\COMCTL32.dll
0x000007feff6c0000 - 0x000007feff731000 	C:\Windows\system32\SHLWAPI.dll
0x000007fefebe0000 - 0x000007fefec0e000 	C:\Windows\system32\IMM32.DLL
0x000007fefec10000 - 0x000007fefed19000 	C:\Windows\system32\MSCTF.dll
0x0000000075130000 - 0x0000000075168000 	C:\PROGRA~2\Sophos\SOPHOS~1\SOPHOS~2.DLL
0x0000000077610000 - 0x0000000077617000 	C:\Windows\system32\PSAPI.DLL
0x0000000055aa0000 - 0x0000000055b72000 	C:\Program Files\Java\jre1.8.0_40\bin\msvcr100.dll
0x00000000511d0000 - 0x0000000051a53000 	C:\Program Files\Java\jre1.8.0_40\bin\server\jvm.dll
0x000007fef93c0000 - 0x000007fef93c9000 	C:\Windows\system32\WSOCK32.dll
0x000007fefe780000 - 0x000007fefe7cd000 	C:\Windows\system32\WS2_32.dll
0x000007feff740000 - 0x000007feff748000 	C:\Windows\system32\NSI.dll
0x000007fefaf70000 - 0x000007fefafab000 	C:\Windows\system32\WINMM.dll
0x000007fefc510000 - 0x000007fefc51c000 	C:\Windows\system32\VERSION.dll
0x0000000067a10000 - 0x0000000067a1f000 	C:\Program Files\Java\jre1.8.0_40\bin\verify.dll
0x0000000067340000 - 0x0000000067369000 	C:\Program Files\Java\jre1.8.0_40\bin\java.dll
0x0000000067320000 - 0x0000000067336000 	C:\Program Files\Java\jre1.8.0_40\bin\zip.dll
0x000007fefd760000 - 0x000007fefe4e8000 	C:\Windows\system32\SHELL32.dll
0x000007fefe4f0000 - 0x000007fefe6f3000 	C:\Windows\system32\ole32.dll
0x000007fefd390000 - 0x000007fefd39f000 	C:\Windows\system32\profapi.dll
0x0000000055900000 - 0x0000000055a98000 	C:\Program Files\Java\jre1.8.0_40\bin\awt.dll
0x000007feff150000 - 0x000007feff227000 	C:\Windows\system32\OLEAUT32.dll
0x000007fefb5a0000 - 0x000007fefb5b8000 	C:\Windows\system32\DWMAPI.DLL
0x000007fefbce0000 - 0x000007fefbd36000 	C:\Windows\system32\uxtheme.dll
0x000007fefd260000 - 0x000007fefd26f000 	C:\Windows\system32\CRYPTBASE.dll
0x000007feecb00000 - 0x000007feeccff000 	C:\Windows\system32\d3d9.dll
0x000007fefb700000 - 0x000007fefb707000 	C:\Windows\system32\d3d8thk.dll
0x000007fed6b70000 - 0x000007fed7bdd000 	C:\Windows\system32\nvd3dumx.dll
0x000007fefb8e0000 - 0x000007fefb90c000 	C:\Windows\system32\powrprof.dll
0x000007fefef70000 - 0x000007feff147000 	C:\Windows\system32\SETUPAPI.dll
0x000007fefd4e0000 - 0x000007fefd516000 	C:\Windows\system32\CFGMGR32.dll
0x000007fefd700000 - 0x000007fefd71a000 	C:\Windows\system32\DEVOBJ.dll
0x000007feedaa0000 - 0x000007feedc0c000 	C:\Program Files (x86)\NVIDIA Corporation\3D Vision\nvSCPAPI64.dll
0x000007fef7a80000 - 0x000007fef7dcd000 	C:\Windows\system32\nvapi64.dll
0x000007fefd720000 - 0x000007fefd75a000 	C:\Windows\system32\WINTRUST.dll
0x000007fefd590000 - 0x000007fefd6f7000 	C:\Windows\system32\CRYPT32.dll
0x000007fefd430000 - 0x000007fefd43f000 	C:\Windows\system32\MSASN1.dll
0x0000000062e50000 - 0x0000000062e97000 	C:\Program Files\Java\jre1.8.0_40\bin\fontmanager.dll
0x0000000067300000 - 0x000000006731a000 	C:\Program Files\Java\jre1.8.0_40\bin\net.dll
0x000007fefc520000 - 0x000007fefc54d000 	C:\ProgramData\Sophos\Web Intelligence\swi_ifslsp_64.dll
0x000007fefcd00000 - 0x000007fefcd55000 	C:\Windows\system32\mswsock.dll
0x000007fefcba0000 - 0x000007fefcba7000 	C:\Windows\System32\wship6.dll
0x0000000066680000 - 0x0000000066691000 	C:\Program Files\Java\jre1.8.0_40\bin\nio.dll
0x0000000063bb0000 - 0x0000000063bf1000 	C:\Program Files\Java\jre1.8.0_40\bin\t2k.dll
0x000007fefce10000 - 0x000007fefce27000 	C:\Windows\system32\CRYPTSP.dll
0x000007fefca20000 - 0x000007fefca67000 	C:\Windows\system32\rsaenh.dll
0x000007fefc670000 - 0x000007fefc68e000 	C:\Windows\system32\USERENV.dll
0x000007fefbd70000 - 0x000007fefbd97000 	C:\Windows\system32\IPHLPAPI.DLL
0x000007fefc500000 - 0x000007fefc50b000 	C:\Windows\system32\WINNSI.DLL
0x000007fefa370000 - 0x000007fefa381000 	C:\Windows\system32\dhcpcsvc6.DLL
0x000007fefa350000 - 0x000007fefa368000 	C:\Windows\system32\dhcpcsvc.DLL
0x000007fefc4f0000 - 0x000007fefc4f7000 	C:\Windows\System32\wshtcpip.dll
0x000007fef9f60000 - 0x000007fef9f8f000 	C:\Program Files\Common Files\Microsoft Shared\Windows Live\WLIDNSP.DLL
0x000007fefc890000 - 0x000007fefc8eb000 	C:\Windows\system32\DNSAPI.dll
0x000007fef9f50000 - 0x000007fef9f58000 	C:\Windows\system32\rasadhlp.dll
0x000007fefa400000 - 0x000007fefa453000 	C:\Windows\System32\fwpuclnt.dll
0x0000000066650000 - 0x0000000066674000 	C:\Program Files\Java\jre1.8.0_40\bin\sunec.dll
0x000007fefb020000 - 0x000007fefb035000 	C:\Windows\system32\NLAapi.dll
0x000007fef9e80000 - 0x000007fef9e95000 	C:\Windows\system32\napinsp.dll
0x000007fef9ea0000 - 0x000007fef9eb9000 	C:\Windows\system32\pnrpnsp.dll
0x000007fef9e70000 - 0x000007fef9e7b000 	C:\Windows\System32\winrnr.dll
0x000007fefe7d0000 - 0x000007fefe869000 	C:\Windows\system32\CLBCatQ.DLL
0x000007fefb470000 - 0x000007fefb59a000 	C:\Windows\system32\WindowsCodecs.dll
0x000007fefd270000 - 0x000007fefd2c7000 	C:\Windows\system32\apphelp.dll
0x000007fef5370000 - 0x000007fef53af000 	C:\Users\boseleya\AppData\Local\Microsoft\SkyDrive\17.0.4035.0328\amd64\SkyDriveShell64.dll
0x000007fef52c0000 - 0x000007fef5367000 	C:\Users\boseleya\AppData\Local\Microsoft\SkyDrive\17.0.4035.0328\amd64\MSVCP110.dll
0x000007fef51f0000 - 0x000007fef52be000 	C:\Users\boseleya\AppData\Local\Microsoft\SkyDrive\17.0.4035.0328\amd64\MSVCR110.dll
0x000007feff290000 - 0x000007feff3ba000 	C:\Windows\system32\WININET.dll
0x000007fefed20000 - 0x000007fefee98000 	C:\Windows\system32\urlmon.dll
0x000007fefe870000 - 0x000007fefeac9000 	C:\Windows\system32\iertutil.dll
0x000007fef4fb0000 - 0x000007fef51ed000 	C:\PROGRA~1\MICROS~2\Office15\GROOVEEX.DLL
0x0000000071f10000 - 0x0000000071fa8000 	C:\Windows\system32\MSVCP100.dll
0x000000006f6c0000 - 0x000000006f6eb000 	C:\Windows\system32\ATL100.DLL
0x000007fefa570000 - 0x000007fefa886000 	C:\Windows\system32\msi.dll
0x000007fef27d0000 - 0x000007fef304d000 	C:\PROGRA~1\MICROS~2\Office15\1033\GrooveIntlResource.dll
0x000007fef5450000 - 0x000007fef5485000 	C:\Windows\system32\EhStorShell.dll
0x000007fefb710000 - 0x000007fefb83c000 	C:\Windows\system32\PROPSYS.dll
0x000007fef53d0000 - 0x000007fef544e000 	C:\Windows\System32\cscui.dll
0x000007fef53c0000 - 0x000007fef53cc000 	C:\Windows\System32\CSCDLL.dll
0x000007fef9200000 - 0x000007fef920f000 	C:\Windows\system32\CSCAPI.dll
0x000007fef4a30000 - 0x000007fef4ab0000 	C:\Windows\system32\ntshrui.dll
0x000007fefcec0000 - 0x000007fefcee3000 	C:\Windows\system32\srvcli.dll
0x000007fefad70000 - 0x000007fefad7b000 	C:\Windows\system32\slc.dll
0x000007fee62d0000 - 0x000007fee63f5000 	C:\Windows\system32\dbghelp.dll

VM Arguments:
jvm_args: -Dfile.encoding=Cp1252 
java_command: com.bookingsystem.startup.BookingSystemMain
java_class_path (initial): C:\Users\boseleya\Documents\GitHub\java-bs\Booking System\out\production\Booking System;C:\Users\boseleya\Documents\GitHub\java-bs\Booking System\apache-rat-0.6.jar;C:\Users\boseleya\Downloads\Jar\commons-codec-1.10.jar;C:\Users\boseleya\Downloads\Jar\jdatepicker-1.3.4.jar;C:\Users\boseleya\Downloads\Jar\poi-bin-3.11-20141221\poi-3.11\poi-3.11-20141221.jar;C:\Users\boseleya\Downloads\Jar\poi-bin-3.11-20141221\poi-3.11\poi-ooxml-3.11-20141221.jar;C:\Users\boseleya\Downloads\Jar\poi-bin-3.11-20141221\poi-3.11\poi-ooxml-schemas-3.11-20141221.jar;C:\Users\boseleya\Downloads\Jar\poi-bin-3.11-20141221\poi-3.11\ooxml-lib\xmlbeans-2.6.0.jar;C:\Users\boseleya\Downloads\Microsoft JDBC Driver 4.0 for SQL Server\sqljdbc_4.0\enu\sqljdbc4.jar
Launcher Type: SUN_STANDARD

Environment Variables:
PATH=C:/Program Files/Java/jre1.8.0_40/bin/server;C:/Program Files/Java/jre1.8.0_40/bin;C:/Program Files/Java/jre1.8.0_40/lib/amd64;C:\Program Files\Common Files\Microsoft Shared\Windows Live;C:\Program Files (x86)\Common Files\Microsoft Shared\Windows Live;C:\Program Files (x86)\NVIDIA Corporation\PhysX\Common;C:\Windows\system32;C:\Windows;C:\Windows\System32\Wbem;C:\Windows\System32\WindowsPowerShell\v1.0\;C:\Program Files (x86)\Windows Live\Shared;C:\Program Files\Java\jdk1.7.0_75\bin;c:\Program Files (x86)\Microsoft SQL Server\110\Tools\Binn\;c:\Program Files\Microsoft SQL Server\110\Tools\Binn\;c:\Program Files\Microsoft SQL Server\110\DTS\Binn\;c:\Program Files (x86)\Microsoft SQL Server\110\Tools\Binn\ManagementStudio\;c:\Program Files (x86)\Microsoft SQL Server\110\DTS\Binn\;C:\Users\boseleya\Documents\Eclipse IDE\eclipse;
USERNAME=boseleya
OS=Windows_NT
PROCESSOR_IDENTIFIER=Intel64 Family 6 Model 23 Stepping 10, GenuineIntel



---------------  S Y S T E M  ---------------

OS: Windows 7 , 64 bit Build 7601 (6.1.7601.17514)

CPU:total 2 (2 cores per cpu, 1 threads per core) family 6 model 23 stepping 10, cmov, cx8, fxsr, mmx, sse, sse2, sse3, ssse3, sse4.1, tsc

Memory: 4k page, physical 4192760k(1265972k free), swap 8383672k(4767768k free)

vm_info: Java HotSpot(TM) 64-Bit Server VM (25.40-b25) for windows-amd64 JRE (1.8.0_40-b26), built on Mar  7 2015 13:51:59 by "java_re" with MS VC++ 10.0 (VS2010)

time: Wed May 06 11:15:50 2015
elapsed time: 4 seconds (0d 0h 0m 4s)

