#
# A fatal error has been detected by the Java Runtime Environment:
#
#  EXCEPTION_ACCESS_VIOLATION (0xc0000005) at pc=0xffffffffa3645120, pid=5456, tid=1644
#
# JRE version: Java(TM) SE Runtime Environment (8.0_40-b26) (build 1.8.0_40-b26)
# Java VM: Java HotSpot(TM) 64-Bit Server VM (25.40-b25 mixed mode windows-amd64 compressed oops)
# Problematic frame:
# C  0xffffffffa3645120
#
# Failed to write core dump. Minidumps are not enabled by default on client versions of Windows
#
# If you would like to submit a bug report, please visit:
#   http://bugreport.java.com/bugreport/crash.jsp
#

---------------  T H R E A D  ---------------

Current thread (0x00000000566d9800):  JavaThread "AWT-EventQueue-0" [_thread_in_Java, id=1644, stack(0x0000000059a40000,0x0000000059b40000)]

siginfo: ExceptionCode=0xc0000005, ExceptionInformation=0x0000000000000008 0xffffffffa3645120

Registers:
RAX=0x00000000145fc8f0, RBX=0x000000005d6b5d78, RCX=0x0000000000000001, RDX=0x00000000eabbe198
RSP=0x0000000059b3c3f8, RBP=0x0000000059b3c970, RSI=0x00000000eabbe198, RDI=0x00000000145fc8f0
R8 =0x00000000c14f4750, R9 =0x00000000c14f4720, R10=0x00000000c14f4738, R11=0x00000000c02b4cb0
R12=0x0000000000000000, R13=0x0000000000000000, R14=0x0000000000000004, R15=0x00000000566d9800
RIP=0xffffffffa3645120, EFLAGS=0x0000000000010202

Top of Stack: (sp=0x0000000059b3c3f8)
0x0000000059b3c3f8:   00000000033470cc 00000000eabbe0a0
0x0000000059b3c408:   0000000000000000 0000000000000001
0x0000000059b3c418:   00000000034ebfec 00000000eabbe230
0x0000000059b3c428:   0000000002647790 00000000eabbe0a0
0x0000000059b3c438:   0000000059b3c438 000000005d6b5b4c
0x0000000059b3c448:   0000000059b3c488 0000000059b3c4f8
0x0000000059b3c458:   000000000330df04 00000000eabbe050
0x0000000059b3c468:   000000290000002a 0000002a0000002b
0x0000000059b3c478:   0000002e0000002f 000000000000002d
0x0000000059b3c488:   00000000eabbe198 00000000eabbe198
0x0000000059b3c498:   00000000eabbe050 00000000c14f3ab8
0x0000000059b3c4a8:   0000000000000000 00000000eabbe198
0x0000000059b3c4b8:   00000000eabbe2a8 00000000c14f4768
0x0000000059b3c4c8:   00000000eabbe2c0 00000000c56e4180
0x0000000059b3c4d8:   0000000200000000 00000000eabbe1d0
0x0000000059b3c4e8:   0000000000000000 00000000eabbe1d0 

Instructions: (pc=0xffffffffa3645120)
0xffffffffa3645100:   
[error occurred during error reporting (printing registers, top of stack, instructions near pc), id 0xc0000005]

Register to memory mapping:

RAX=0x00000000145fc8f0 is pointing into metadata
RBX={method} {0x000000005d6b5d80} 'getName' '()Ljavax/xml/namespace/QName;' in 'org/apache/xmlbeans/impl/store/Saver$PrettySaveCur'
RCX=0x0000000000000001 is an unknown value
RDX=0x00000000eabbe198 is an oop
org.apache.xmlbeans.impl.store.Saver$PrettySaveCur 
 - klass: 'org/apache/xmlbeans/impl/store/Saver$PrettySaveCur'
RSP=0x0000000059b3c3f8 is pointing into the stack for thread: 0x00000000566d9800
RBP=0x0000000059b3c970 is pointing into the stack for thread: 0x00000000566d9800
RSI=0x00000000eabbe198 is an oop
org.apache.xmlbeans.impl.store.Saver$PrettySaveCur 
 - klass: 'org/apache/xmlbeans/impl/store/Saver$PrettySaveCur'
RDI=0x00000000145fc8f0 is pointing into metadata
R8 =0x00000000c14f4750 is an oop
[C 
 - klass: {type array char}
 - length: 1
R9 =0x00000000c14f4720 is an oop
javax.xml.namespace.QName 
 - klass: 'javax/xml/namespace/QName'
R10=0x00000000c14f4738 is an oop
java.lang.String 
 - klass: 'java/lang/String'
R11=0x00000000c02b4cb0 is an oop
[C 
 - klass: {type array char}
 - length: 0
R12=0x0000000000000000 is an unknown value
R13=0x0000000000000000 is an unknown value
R14=0x0000000000000004 is an unknown value
R15=0x00000000566d9800 is a thread


Stack: [0x0000000059a40000,0x0000000059b40000],  sp=0x0000000059b3c3f8,  free space=1008k
Native frames: (J=compiled Java code, j=interpreted, Vv=VM code, C=native code)
C  0xffffffffa3645120


---------------  P R O C E S S  ---------------

Java Threads: ( => current thread )
  0x0000000056b13800 JavaThread "Swing-Shell" daemon [_thread_blocked, id=2604, stack(0x0000000059510000,0x0000000059610000)]
  0x0000000056852800 JavaThread "TimerQueue" daemon [_thread_blocked, id=5720, stack(0x000000005b080000,0x000000005b180000)]
  0x0000000001b9e000 JavaThread "DestroyJavaVM" [_thread_blocked, id=640, stack(0x0000000002270000,0x0000000002370000)]
  0x0000000056846800 JavaThread "D3D Screen Updater" daemon [_thread_blocked, id=5724, stack(0x000000005af80000,0x000000005b080000)]
=>0x00000000566d9800 JavaThread "AWT-EventQueue-0" [_thread_in_Java, id=1644, stack(0x0000000059a40000,0x0000000059b40000)]
  0x0000000056606800 JavaThread "AWT-Windows" daemon [_thread_in_native, id=5616, stack(0x00000000572c0000,0x00000000573c0000)]
  0x00000000565fc000 JavaThread "AWT-Shutdown" [_thread_blocked, id=5604, stack(0x00000000570c0000,0x00000000571c0000)]
  0x00000000565fa800 JavaThread "Java2D Disposer" daemon [_thread_blocked, id=5784, stack(0x0000000056f50000,0x0000000057050000)]
  0x0000000054c9d800 JavaThread "Service Thread" daemon [_thread_blocked, id=5668, stack(0x00000000560e0000,0x00000000561e0000)]
  0x0000000054c95000 JavaThread "C1 CompilerThread1" daemon [_thread_blocked, id=5228, stack(0x0000000055b90000,0x0000000055c90000)]
  0x0000000054c3c800 JavaThread "C2 CompilerThread0" daemon [_thread_blocked, id=3284, stack(0x0000000055e30000,0x0000000055f30000)]
  0x0000000054c3a800 JavaThread "Attach Listener" daemon [_thread_blocked, id=1072, stack(0x0000000055d30000,0x0000000055e30000)]
  0x0000000054c39800 JavaThread "Signal Dispatcher" daemon [_thread_blocked, id=1560, stack(0x0000000055a90000,0x0000000055b90000)]
  0x0000000054bdc000 JavaThread "Finalizer" daemon [_thread_blocked, id=5412, stack(0x00000000558f0000,0x00000000559f0000)]
  0x0000000054bd5000 JavaThread "Reference Handler" daemon [_thread_blocked, id=3732, stack(0x00000000557e0000,0x00000000558e0000)]

Other Threads:
  0x0000000054bcd000 VMThread [stack: 0x00000000555e0000,0x00000000556e0000] [id=5128]
  0x0000000054c9e800 WatcherThread [stack: 0x0000000055fd0000,0x00000000560d0000] [id=3568]

VM state:not at safepoint (normal execution)

VM Mutex/Monitor currently owned by a thread: None

Heap:
 PSYoungGen      total 102400K, used 5773K [0x00000000eab00000, 0x00000000f3780000, 0x0000000100000000)
  eden space 60416K, 2% used [0x00000000eab00000,0x00000000eac72200,0x00000000ee600000)
  from space 41984K, 10% used [0x00000000f0e00000,0x00000000f1231420,0x00000000f3700000)
  to   space 40960K, 0% used [0x00000000ee600000,0x00000000ee600000,0x00000000f0e00000)
 ParOldGen       total 225792K, used 149279K [0x00000000c0000000, 0x00000000cdc80000, 0x00000000eab00000)
  object space 225792K, 66% used [0x00000000c0000000,0x00000000c91c7c48,0x00000000cdc80000)
 Metaspace       used 28632K, capacity 28988K, committed 29440K, reserved 1075200K
  class space    used 3607K, capacity 3716K, committed 3840K, reserved 1048576K

Card table byte_map: [0x0000000011a00000,0x0000000011c10000] byte_map_base: 0x0000000011400000

Marking Bits: (ParMarkBitMap*) 0x0000000069ff4040
 Begin Bits: [0x00000000120a0000, 0x00000000130a0000)
 End Bits:   [0x00000000130a0000, 0x00000000140a0000)

Polling page: 0x00000000004c0000

CodeCache: size=245760Kb used=15138Kb max_used=15151Kb free=230621Kb
 bounds [0x0000000002640000, 0x0000000003520000, 0x0000000011640000]
 total_blobs=5039 nmethods=4412 adapters=539
 compilation: enabled

Compilation events (10 events):
Event: 319.991 Thread 0x0000000054c95000 4860       2       org.apache.poi.xssf.usermodel.XSSFCell::getCellType (31 bytes)
Event: 319.992 Thread 0x0000000054c95000 nmethod 4860 0x0000000003513c50 code [0x0000000003513de0, 0x0000000003514008]
Event: 319.992 Thread 0x0000000054c95000 4861   !   2       org.openxmlformats.schemas.spreadsheetml.x2006.main.impl.CTRstImpl::sizeOfRArray (31 bytes)
Event: 319.992 Thread 0x0000000054c3c800 nmethod 4859 0x00000000035108d0 code [0x0000000003510a20, 0x0000000003510be8]
Event: 319.992 Thread 0x0000000054c3c800 4845       4       org.apache.xmlbeans.impl.store.Cur::getName (36 bytes)
Event: 319.992 Thread 0x0000000054c95000 nmethod 4861 0x000000000350fdd0 code [0x000000000350ff80, 0x0000000003510468]
Event: 319.993 Thread 0x0000000054c3c800 nmethod 4845 0x000000000350fb90 code [0x000000000350fcc0, 0x000000000350fd38]
Event: 319.993 Thread 0x0000000054c3c800 4853       4       org.apache.xmlbeans.impl.store.Saver$PrettySaveCur::getName (29 bytes)
Event: 319.994 Thread 0x0000000054c3c800 nmethod 4853 0x0000000003514190 code [0x00000000035142e0, 0x00000000035143b8]
Event: 319.994 Thread 0x0000000054c3c800 4806       4       org.apache.xmlbeans.impl.store.CharUtil::getString (112 bytes)

GC Heap History (10 events):
Event: 315.762 GC heap before
{Heap before GC invocations=15 (full 3):
 PSYoungGen      total 62976K, used 62944K [0x00000000eab00000, 0x00000000f1700000, 0x0000000100000000)
  eden space 44032K, 100% used [0x00000000eab00000,0x00000000ed600000,0x00000000ed600000)
  from space 18944K, 99% used [0x00000000ed600000,0x00000000ee8780f0,0x00000000ee880000)
  to   space 29184K, 0% used [0x00000000efa80000,0x00000000efa80000,0x00000000f1700000)
 ParOldGen       total 90624K, used 69759K [0x00000000c0000000, 0x00000000c5880000, 0x00000000eab00000)
  object space 90624K, 76% used [0x00000000c0000000,0x00000000c441fd78,0x00000000c5880000)
 Metaspace       used 28401K, capacity 28734K, committed 29056K, reserved 1075200K
  class space    used 3568K, capacity 3679K, committed 3712K, reserved 1048576K
Event: 315.984 GC heap after
Heap after GC invocations=15 (full 3):
 PSYoungGen      total 78336K, used 24160K [0x00000000eab00000, 0x00000000f1f80000, 0x0000000100000000)
  eden space 49152K, 0% used [0x00000000eab00000,0x00000000eab00000,0x00000000edb00000)
  from space 29184K, 82% used [0x00000000efa80000,0x00000000f12180a0,0x00000000f1700000)
  to   space 32256K, 0% used [0x00000000edb00000,0x00000000edb00000,0x00000000efa80000)
 ParOldGen       total 90624K, used 88735K [0x00000000c0000000, 0x00000000c5880000, 0x00000000eab00000)
  object space 90624K, 97% used [0x00000000c0000000,0x00000000c56a7e68,0x00000000c5880000)
 Metaspace       used 28401K, capacity 28734K, committed 29056K, reserved 1075200K
  class space    used 3568K, capacity 3679K, committed 3712K, reserved 1048576K
}
Event: 315.984 GC heap before
{Heap before GC invocations=16 (full 4):
 PSYoungGen      total 78336K, used 24160K [0x00000000eab00000, 0x00000000f1f80000, 0x0000000100000000)
  eden space 49152K, 0% used [0x00000000eab00000,0x00000000eab00000,0x00000000edb00000)
  from space 29184K, 82% used [0x00000000efa80000,0x00000000f12180a0,0x00000000f1700000)
  to   space 32256K, 0% used [0x00000000edb00000,0x00000000edb00000,0x00000000efa80000)
 ParOldGen       total 90624K, used 88735K [0x00000000c0000000, 0x00000000c5880000, 0x00000000eab00000)
  object space 90624K, 97% used [0x00000000c0000000,0x00000000c56a7e68,0x00000000c5880000)
 Metaspace       used 28401K, capacity 28734K, committed 29056K, reserved 1075200K
  class space    used 3568K, capacity 3679K, committed 3712K, reserved 1048576K
Event: 317.018 GC heap after
Heap after GC invocations=16 (full 4):
 PSYoungGen      total 78336K, used 22043K [0x00000000eab00000, 0x00000000f1f80000, 0x0000000100000000)
  eden space 49152K, 0% used [0x00000000eab00000,0x00000000eab00000,0x00000000edb00000)
  from space 29184K, 75% used [0x00000000efa80000,0x00000000f1006ca8,0x00000000f1700000)
  to   space 32256K, 0% used [0x00000000edb00000,0x00000000edb00000,0x00000000efa80000)
 ParOldGen       total 149504K, used 90612K [0x00000000c0000000, 0x00000000c9200000, 0x00000000eab00000)
  object space 149504K, 60% used [0x00000000c0000000,0x00000000c587d2e8,0x00000000c9200000)
 Metaspace       used 28401K, capacity 28734K, committed 29056K, reserved 1075200K
  class space    used 3568K, capacity 3679K, committed 3712K, reserved 1048576K
}
Event: 317.157 GC heap before
{Heap before GC invocations=17 (full 4):
 PSYoungGen      total 78336K, used 71195K [0x00000000eab00000, 0x00000000f1f80000, 0x0000000100000000)
  eden space 49152K, 100% used [0x00000000eab00000,0x00000000edb00000,0x00000000edb00000)
  from space 29184K, 75% used [0x00000000efa80000,0x00000000f1006ca8,0x00000000f1700000)
  to   space 32256K, 0% used [0x00000000edb00000,0x00000000edb00000,0x00000000efa80000)
 ParOldGen       total 149504K, used 90612K [0x00000000c0000000, 0x00000000c9200000, 0x00000000eab00000)
  object space 149504K, 60% used [0x00000000c0000000,0x00000000c587d2e8,0x00000000c9200000)
 Metaspace       used 28412K, capacity 28734K, committed 29056K, reserved 1075200K
  class space    used 3568K, capacity 3679K, committed 3712K, reserved 1048576K
Event: 317.368 GC heap after
Heap after GC invocations=17 (full 4):
 PSYoungGen      total 81408K, used 32224K [0x00000000eab00000, 0x00000000f3700000, 0x0000000100000000)
  eden space 49152K, 0% used [0x00000000eab00000,0x00000000eab00000,0x00000000edb00000)
  from space 32256K, 99% used [0x00000000edb00000,0x00000000efa78090,0x00000000efa80000)
  to   space 41984K, 0% used [0x00000000f0e00000,0x00000000f0e00000,0x00000000f3700000)
 ParOldGen       total 149504K, used 101300K [0x00000000c0000000, 0x00000000c9200000, 0x00000000eab00000)
  object space 149504K, 67% used [0x00000000c0000000,0x00000000c62ed2e8,0x00000000c9200000)
 Metaspace       used 28412K, capacity 28734K, committed 29056K, reserved 1075200K
  class space    used 3568K, capacity 3679K, committed 3712K, reserved 1048576K
}
Event: 317.891 GC heap before
{Heap before GC invocations=18 (full 4):
 PSYoungGen      total 81408K, used 81376K [0x00000000eab00000, 0x00000000f3700000, 0x0000000100000000)
  eden space 49152K, 100% used [0x00000000eab00000,0x00000000edb00000,0x00000000edb00000)
  from space 32256K, 99% used [0x00000000edb00000,0x00000000efa78090,0x00000000efa80000)
  to   space 41984K, 0% used [0x00000000f0e00000,0x00000000f0e00000,0x00000000f3700000)
 ParOldGen       total 149504K, used 101300K [0x00000000c0000000, 0x00000000c9200000, 0x00000000eab00000)
  object space 149504K, 67% used [0x00000000c0000000,0x00000000c62ed2e8,0x00000000c9200000)
 Metaspace       used 28628K, capacity 28988K, committed 29440K, reserved 1075200K
  class space    used 3607K, capacity 3716K, committed 3840K, reserved 1048576K
Event: 318.119 GC heap after
Heap after GC invocations=18 (full 4):
 PSYoungGen      total 102400K, used 20212K [0x00000000eab00000, 0x00000000f3780000, 0x0000000100000000)
  eden space 60416K, 0% used [0x00000000eab00000,0x00000000eab00000,0x00000000ee600000)
  from space 41984K, 48% used [0x00000000f0e00000,0x00000000f21bd018,0x00000000f3700000)
  to   space 40960K, 0% used [0x00000000ee600000,0x00000000ee600000,0x00000000f0e00000)
 ParOldGen       total 149504K, used 133620K [0x00000000c0000000, 0x00000000c9200000, 0x00000000eab00000)
  object space 149504K, 89% used [0x00000000c0000000,0x00000000c827d378,0x00000000c9200000)
 Metaspace       used 28628K, capacity 28988K, committed 29440K, reserved 1075200K
  class space    used 3607K, capacity 3716K, committed 3840K, reserved 1048576K
}
Event: 318.119 GC heap before
{Heap before GC invocations=19 (full 5):
 PSYoungGen      total 102400K, used 20212K [0x00000000eab00000, 0x00000000f3780000, 0x0000000100000000)
  eden space 60416K, 0% used [0x00000000eab00000,0x00000000eab00000,0x00000000ee600000)
  from space 41984K, 48% used [0x00000000f0e00000,0x00000000f21bd018,0x00000000f3700000)
  to   space 40960K, 0% used [0x00000000ee600000,0x00000000ee600000,0x00000000f0e00000)
 ParOldGen       total 149504K, used 133620K [0x00000000c0000000, 0x00000000c9200000, 0x00000000eab00000)
  object space 149504K, 89% used [0x00000000c0000000,0x00000000c827d378,0x00000000c9200000)
 Metaspace       used 28628K, capacity 28988K, committed 29440K, reserved 1075200K
  class space    used 3607K, capacity 3716K, committed 3840K, reserved 1048576K
Event: 319.954 GC heap after
Heap after GC invocations=19 (full 5):
 PSYoungGen      total 102400K, used 4293K [0x00000000eab00000, 0x00000000f3780000, 0x0000000100000000)
  eden space 60416K, 0% used [0x00000000eab00000,0x00000000eab00000,0x00000000ee600000)
  from space 41984K, 10% used [0x00000000f0e00000,0x00000000f1231420,0x00000000f3700000)
  to   space 40960K, 0% used [0x00000000ee600000,0x00000000ee600000,0x00000000f0e00000)
 ParOldGen       total 225792K, used 149279K [0x00000000c0000000, 0x00000000cdc80000, 0x00000000eab00000)
  object space 225792K, 66% used [0x00000000c0000000,0x00000000c91c7c48,0x00000000cdc80000)
 Metaspace       used 28628K, capacity 28988K, committed 29440K, reserved 1075200K
  class space    used 3607K, capacity 3716K, committed 3840K, reserved 1048576K
}

Deoptimization events (10 events):
Event: 317.778 Thread 0x00000000566d9800 Uncommon trap: reason=unstable_if action=reinterpret pc=0x0000000002805170 method=java.util.regex.Pattern$Start.match(Ljava/util/regex/Matcher;ILjava/lang/CharSequence;)Z @ 10
Event: 317.778 Thread 0x00000000566d9800 Uncommon trap: reason=class_check action=maybe_recompile pc=0x0000000003196a1c method=java.util.regex.Pattern$7.isSatisfiedBy(I)Z @ 5
Event: 317.778 Thread 0x00000000566d9800 Uncommon trap: reason=unstable_if action=reinterpret pc=0x0000000003196a88 method=java.util.regex.Pattern$7.isSatisfiedBy(I)Z @ 19
Event: 317.778 Thread 0x00000000566d9800 Uncommon trap: reason=unstable_if action=reinterpret pc=0x00000000031d8b98 method=java.util.regex.Pattern.inRange(III)Z @ 2
Event: 317.778 Thread 0x00000000566d9800 Uncommon trap: reason=class_check action=maybe_recompile pc=0x000000000317a54c method=java.util.regex.Pattern$CharProperty.match(Ljava/util/regex/Matcher;ILjava/lang/CharSequence;)Z @ 37
Event: 317.778 Thread 0x00000000566d9800 Uncommon trap: reason=class_check action=maybe_recompile pc=0x000000000317a54c method=java.util.regex.Pattern$CharProperty.match(Ljava/util/regex/Matcher;ILjava/lang/CharSequence;)Z @ 37
Event: 317.778 Thread 0x00000000566d9800 Uncommon trap: reason=class_check action=maybe_recompile pc=0x000000000317a54c method=java.util.regex.Pattern$CharProperty.match(Ljava/util/regex/Matcher;ILjava/lang/CharSequence;)Z @ 37
Event: 317.778 Thread 0x00000000566d9800 Uncommon trap: reason=class_check action=maybe_recompile pc=0x000000000317a54c method=java.util.regex.Pattern$CharProperty.match(Ljava/util/regex/Matcher;ILjava/lang/CharSequence;)Z @ 37
Event: 317.833 Thread 0x00000000566d9800 Uncommon trap: reason=unstable_if action=reinterpret pc=0x000000000349c4f8 method=org.apache.xmlbeans.impl.store.Xobj.getFirstChars()Ljava/lang/Object; @ 8
Event: 317.871 Thread 0x00000000566d9800 Uncommon trap: reason=unstable_if action=reinterpret pc=0x00000000034b8f50 method=org.apache.xmlbeans.impl.values.XmlObjectBase.has_store()Z @ 7

Internal exceptions (10 events):
Event: 312.003 Thread 0x00000000566d9800 Exception <a 'java/security/PrivilegedActionException'> (0x00000000eb558a10) thrown at [D:\re\workspace\8-2-build-windows-amd64-cygwin\jdk8u40\3098\hotspot\src\share\vm\prims\jvm.cpp, line 1382]
Event: 312.005 Thread 0x00000000566d9800 Exception <a 'java/security/PrivilegedActionException'> (0x00000000eb567a68) thrown at [D:\re\workspace\8-2-build-windows-amd64-cygwin\jdk8u40\3098\hotspot\src\share\vm\prims\jvm.cpp, line 1382]
Event: 312.005 Thread 0x00000000566d9800 Exception <a 'java/security/PrivilegedActionException'> (0x00000000eb567f40) thrown at [D:\re\workspace\8-2-build-windows-amd64-cygwin\jdk8u40\3098\hotspot\src\share\vm\prims\jvm.cpp, line 1382]
Event: 312.005 Thread 0x00000000566d9800 Exception <a 'java/security/PrivilegedActionException'> (0x00000000eb56be80) thrown at [D:\re\workspace\8-2-build-windows-amd64-cygwin\jdk8u40\3098\hotspot\src\share\vm\prims\jvm.cpp, line 1382]
Event: 312.005 Thread 0x00000000566d9800 Exception <a 'java/security/PrivilegedActionException'> (0x00000000eb56c4e8) thrown at [D:\re\workspace\8-2-build-windows-amd64-cygwin\jdk8u40\3098\hotspot\src\share\vm\prims\jvm.cpp, line 1382]
Event: 312.006 Thread 0x00000000566d9800 Exception <a 'java/security/PrivilegedActionException'> (0x00000000eb5706c0) thrown at [D:\re\workspace\8-2-build-windows-amd64-cygwin\jdk8u40\3098\hotspot\src\share\vm\prims\jvm.cpp, line 1382]
Event: 312.006 Thread 0x00000000566d9800 Exception <a 'java/security/PrivilegedActionException'> (0x00000000eb570b98) thrown at [D:\re\workspace\8-2-build-windows-amd64-cygwin\jdk8u40\3098\hotspot\src\share\vm\prims\jvm.cpp, line 1382]
Event: 312.006 Thread 0x00000000566d9800 Exception <a 'java/security/PrivilegedActionException'> (0x00000000eb574ba8) thrown at [D:\re\workspace\8-2-build-windows-amd64-cygwin\jdk8u40\3098\hotspot\src\share\vm\prims\jvm.cpp, line 1382]
Event: 312.006 Thread 0x00000000566d9800 Exception <a 'java/security/PrivilegedActionException'> (0x00000000eb575210) thrown at [D:\re\workspace\8-2-build-windows-amd64-cygwin\jdk8u40\3098\hotspot\src\share\vm\prims\jvm.cpp, line 1382]
Event: 312.967 Thread 0x00000000566d9800 Implicit null exception at 0x0000000003311d1a to 0x0000000003311f51

Events (10 events):
Event: 317.778 Thread 0x00000000566d9800 DEOPT PACKING pc=0x000000000317a54c sp=0x0000000059b3c610
Event: 317.778 Thread 0x00000000566d9800 DEOPT UNPACKING pc=0x000000000268556a sp=0x0000000059b3c5a8 mode 2
Event: 317.833 Thread 0x00000000566d9800 Uncommon trap: trap_request=0xffffff65 fr.pc=0x000000000349c4f8
Event: 317.833 Thread 0x00000000566d9800 DEOPT PACKING pc=0x000000000349c4f8 sp=0x0000000059b3c570
Event: 317.833 Thread 0x00000000566d9800 DEOPT UNPACKING pc=0x000000000268556a sp=0x0000000059b3c4d8 mode 2
Event: 317.871 Thread 0x00000000566d9800 Uncommon trap: trap_request=0xffffff65 fr.pc=0x00000000034b8f50
Event: 317.871 Thread 0x00000000566d9800 DEOPT PACKING pc=0x00000000034b8f50 sp=0x0000000059b3c430
Event: 317.871 Thread 0x00000000566d9800 DEOPT UNPACKING pc=0x000000000268556a sp=0x0000000059b3c380 mode 2
Event: 317.890 Executing VM operation: ParallelGCFailedAllocation
Event: 319.954 Executing VM operation: ParallelGCFailedAllocation done


Dynamic libraries:
0x000000013f2c0000 - 0x000000013f2f7000 	C:\Program Files\Java\jre1.8.0_40\bin\javaw.exe
0x0000000077180000 - 0x0000000077329000 	C:\Windows\SYSTEM32\ntdll.dll
0x0000000076f60000 - 0x000000007707f000 	C:\Windows\system32\kernel32.dll
0x000007fefd1c0000 - 0x000007fefd22b000 	C:\Windows\system32\KERNELBASE.dll
0x000007fefe990000 - 0x000007fefea6b000 	C:\Windows\system32\ADVAPI32.dll
0x000007fefea70000 - 0x000007fefeb0f000 	C:\Windows\system32\msvcrt.dll
0x000007fefd7c0000 - 0x000007fefd7df000 	C:\Windows\SYSTEM32\sechost.dll
0x000007fefee10000 - 0x000007fefef3d000 	C:\Windows\system32\RPCRT4.dll
0x0000000077080000 - 0x000000007717a000 	C:\Windows\system32\USER32.dll
0x000007fefd620000 - 0x000007fefd687000 	C:\Windows\system32\GDI32.dll
0x000007feff120000 - 0x000007feff12e000 	C:\Windows\system32\LPK.dll
0x000007fefe7c0000 - 0x000007fefe889000 	C:\Windows\system32\USP10.dll
0x000007fefba80000 - 0x000007fefbc74000 	C:\Windows\WinSxS\amd64_microsoft.windows.common-controls_6595b64144ccf1df_6.0.7601.17514_none_fa396087175ac9ac\COMCTL32.dll
0x000007fefe570000 - 0x000007fefe5e1000 	C:\Windows\system32\SHLWAPI.dll
0x000007fefe670000 - 0x000007fefe69e000 	C:\Windows\system32\IMM32.DLL
0x000007fefe6b0000 - 0x000007fefe7b9000 	C:\Windows\system32\MSCTF.dll
0x0000000074e70000 - 0x0000000074ea8000 	C:\PROGRA~2\Sophos\SOPHOS~1\SOPHOS~2.DLL
0x0000000077350000 - 0x0000000077357000 	C:\Windows\system32\PSAPI.DLL
0x00000000694e0000 - 0x00000000695b2000 	C:\Program Files\Java\jre1.8.0_40\bin\msvcr100.dll
0x00000000697f0000 - 0x000000006a073000 	C:\Program Files\Java\jre1.8.0_40\bin\server\jvm.dll
0x000007fefb160000 - 0x000007fefb169000 	C:\Windows\system32\WSOCK32.dll
0x000007fefd690000 - 0x000007fefd6dd000 	C:\Windows\system32\WS2_32.dll
0x000007fefe6a0000 - 0x000007fefe6a8000 	C:\Windows\system32\NSI.dll
0x000007fefac90000 - 0x000007fefaccb000 	C:\Windows\system32\WINMM.dll
0x000007fefc250000 - 0x000007fefc25c000 	C:\Windows\system32\VERSION.dll
0x000000006fe90000 - 0x000000006fe9f000 	C:\Program Files\Java\jre1.8.0_40\bin\verify.dll
0x000000006fe60000 - 0x000000006fe89000 	C:\Program Files\Java\jre1.8.0_40\bin\java.dll
0x000000006fe40000 - 0x000000006fe56000 	C:\Program Files\Java\jre1.8.0_40\bin\zip.dll
0x000007fefd7e0000 - 0x000007fefe568000 	C:\Windows\system32\SHELL32.dll
0x000007feff260000 - 0x000007feff463000 	C:\Windows\system32\ole32.dll
0x000007fefd0d0000 - 0x000007fefd0df000 	C:\Windows\system32\profapi.dll
0x0000000069340000 - 0x00000000694d8000 	C:\Program Files\Java\jre1.8.0_40\bin\awt.dll
0x000007fefd6e0000 - 0x000007fefd7b7000 	C:\Windows\system32\OLEAUT32.dll
0x000007fefb3a0000 - 0x000007fefb3b8000 	C:\Windows\system32\DWMAPI.DLL
0x000007fefba20000 - 0x000007fefba76000 	C:\Windows\system32\uxtheme.dll
0x000007fefd000000 - 0x000007fefd00f000 	C:\Windows\system32\CRYPTBASE.dll
0x000007feda6e0000 - 0x000007feda8df000 	C:\Windows\system32\d3d9.dll
0x000007feeb360000 - 0x000007feeb367000 	C:\Windows\system32\d3d8thk.dll
0x000007fed9670000 - 0x000007feda6dd000 	C:\Windows\system32\nvd3dumx.dll
0x000007fefb570000 - 0x000007fefb59c000 	C:\Windows\system32\powrprof.dll
0x000007fefef40000 - 0x000007feff117000 	C:\Windows\system32\SETUPAPI.dll
0x000007fefd180000 - 0x000007fefd1b6000 	C:\Windows\system32\CFGMGR32.dll
0x000007fefd310000 - 0x000007fefd32a000 	C:\Windows\system32\DEVOBJ.dll
0x000007fed9490000 - 0x000007fed95fc000 	C:\Program Files (x86)\NVIDIA Corporation\3D Vision\nvSCPAPI64.dll
0x000007fef00e0000 - 0x000007fef042d000 	C:\Windows\system32\nvapi64.dll
0x000007fefd230000 - 0x000007fefd26a000 	C:\Windows\system32\WINTRUST.dll
0x000007fefd330000 - 0x000007fefd497000 	C:\Windows\system32\CRYPT32.dll
0x000007fefd170000 - 0x000007fefd17f000 	C:\Windows\system32\MSASN1.dll
0x0000000068110000 - 0x0000000068157000 	C:\Program Files\Java\jre1.8.0_40\bin\fontmanager.dll
0x000000006fe20000 - 0x000000006fe3a000 	C:\Program Files\Java\jre1.8.0_40\bin\net.dll
0x000007fefc260000 - 0x000007fefc28d000 	C:\ProgramData\Sophos\Web Intelligence\swi_ifslsp_64.dll
0x000007fefc900000 - 0x000007fefc955000 	C:\Windows\system32\mswsock.dll
0x000007fefc8f0000 - 0x000007fefc8f7000 	C:\Windows\System32\wship6.dll
0x000000006fe00000 - 0x000000006fe11000 	C:\Program Files\Java\jre1.8.0_40\bin\nio.dll
0x00000000680c0000 - 0x0000000068101000 	C:\Program Files\Java\jre1.8.0_40\bin\t2k.dll
0x000007fefc960000 - 0x000007fefc977000 	C:\Windows\system32\CRYPTSP.dll
0x000007fefc660000 - 0x000007fefc6a7000 	C:\Windows\system32\rsaenh.dll
0x000007fefc3b0000 - 0x000007fefc3ce000 	C:\Windows\system32\USERENV.dll
0x000007fefbcb0000 - 0x000007fefbcd7000 	C:\Windows\system32\IPHLPAPI.DLL
0x000007fefc240000 - 0x000007fefc24b000 	C:\Windows\system32\WINNSI.DLL
0x000007fefa1b0000 - 0x000007fefa1c1000 	C:\Windows\system32\dhcpcsvc6.DLL
0x000007fefa190000 - 0x000007fefa1a8000 	C:\Windows\system32\dhcpcsvc.DLL
0x000007fefeb10000 - 0x000007fefeba9000 	C:\Windows\system32\CLBCatQ.DLL
0x000007fefb230000 - 0x000007fefb35a000 	C:\Windows\system32\WindowsCodecs.dll
0x000007fefcf60000 - 0x000007fefcfb7000 	C:\Windows\system32\apphelp.dll
0x000007feee710000 - 0x000007feee74f000 	C:\Users\boseleya\AppData\Local\Microsoft\SkyDrive\17.0.4035.0328\amd64\SkyDriveShell64.dll
0x000007feee660000 - 0x000007feee707000 	C:\Users\boseleya\AppData\Local\Microsoft\SkyDrive\17.0.4035.0328\amd64\MSVCP110.dll
0x000007feee590000 - 0x000007feee65e000 	C:\Users\boseleya\AppData\Local\Microsoft\SkyDrive\17.0.4035.0328\amd64\MSVCR110.dll
0x000007feff130000 - 0x000007feff25a000 	C:\Windows\system32\WININET.dll
0x000007fefd4a0000 - 0x000007fefd618000 	C:\Windows\system32\urlmon.dll
0x000007fefebb0000 - 0x000007fefee09000 	C:\Windows\system32\iertutil.dll
0x000007feee350000 - 0x000007feee58d000 	C:\PROGRA~1\MICROS~2\Office15\GROOVEEX.DLL
0x0000000072b70000 - 0x0000000072c08000 	C:\Windows\system32\MSVCP100.dll
0x0000000070be0000 - 0x0000000070c0b000 	C:\Windows\system32\ATL100.DLL
0x000007fefa2b0000 - 0x000007fefa5c6000 	C:\Windows\system32\msi.dll
0x000007feeb890000 - 0x000007feec10d000 	C:\PROGRA~1\MICROS~2\Office15\1033\GrooveIntlResource.dll
0x000007feee8b0000 - 0x000007feee8e5000 	C:\Windows\system32\EhStorShell.dll
0x000007fefb3c0000 - 0x000007fefb4ec000 	C:\Windows\system32\PROPSYS.dll
0x000007feee830000 - 0x000007feee8ae000 	C:\Windows\System32\cscui.dll
0x000007feee820000 - 0x000007feee82c000 	C:\Windows\System32\CSCDLL.dll
0x000007fef44b0000 - 0x000007fef44bf000 	C:\Windows\system32\CSCAPI.dll
0x000007feee7a0000 - 0x000007feee820000 	C:\Windows\system32\ntshrui.dll
0x000007fefcbe0000 - 0x000007fefcc03000 	C:\Windows\system32\srvcli.dll
0x000007fefaa80000 - 0x000007fefaa8b000 	C:\Windows\system32\slc.dll
0x000007fefc230000 - 0x000007fefc237000 	C:\Windows\System32\wshtcpip.dll
0x000007fef9c40000 - 0x000007fef9c6f000 	C:\Program Files\Common Files\Microsoft Shared\Windows Live\WLIDNSP.DLL
0x000007fefc780000 - 0x000007fefc7db000 	C:\Windows\system32\DNSAPI.dll
0x000007fef9c00000 - 0x000007fef9c08000 	C:\Windows\system32\rasadhlp.dll
0x000007fefa100000 - 0x000007fefa153000 	C:\Windows\System32\fwpuclnt.dll
0x00000000684e0000 - 0x0000000068504000 	C:\Program Files\Java\jre1.8.0_40\bin\sunec.dll
0x000007fefad60000 - 0x000007fefad75000 	C:\Windows\system32\NLAapi.dll
0x000007fef9b30000 - 0x000007fef9b45000 	C:\Windows\system32\napinsp.dll
0x000007fef9b50000 - 0x000007fef9b69000 	C:\Windows\system32\pnrpnsp.dll
0x000007fef9b20000 - 0x000007fef9b2b000 	C:\Windows\System32\winrnr.dll
0x000007fef9b10000 - 0x000007fef9b20000 	C:\Windows\system32\wshbth.dll
0x000007fef35a0000 - 0x000007fef3640000 	C:\Windows\WinSxS\amd64_microsoft.windows.common-controls_6595b64144ccf1df_5.82.7601.17514_none_a4d6a923711520a9\comctl32.dll
0x000007fefbc80000 - 0x000007fefbcad000 	C:\Windows\system32\ntmarta.dll
0x000007fefe890000 - 0x000007fefe8e2000 	C:\Windows\system32\WLDAP32.dll
0x000007feed550000 - 0x000007feed6ec000 	C:\Windows\system32\NetworkExplorer.dll
0x000007feedc30000 - 0x000007feedc64000 	C:\Windows\System32\shdocvw.dll
0x000007feeec90000 - 0x000007feeeca8000 	C:\Windows\system32\MPR.dll
0x000007fef1350000 - 0x000007fef135a000 	C:\Windows\System32\drprov.dll
0x000007fefcfc0000 - 0x000007fefcffd000 	C:\Windows\System32\WINSTA.dll
0x000007feeec60000 - 0x000007feeec82000 	C:\Windows\System32\ntlanman.dll
0x000007feeec40000 - 0x000007feeec5c000 	C:\Windows\System32\davclnt.dll
0x000007fef07c0000 - 0x000007fef07ca000 	C:\Windows\System32\DAVHLPR.dll
0x000007fefb0e0000 - 0x000007fefb0f5000 	C:\Windows\system32\wkscli.dll
0x000007fefc540000 - 0x000007fefc54c000 	C:\Windows\system32\netutils.dll
0x000007fed8f60000 - 0x000007fed91d1000 	C:\Windows\system32\wpdshext.dll
0x000007fefb800000 - 0x000007fefba15000 	C:\Windows\WinSxS\amd64_microsoft.windows.gdiplus_6595b64144ccf1df_1.1.7601.17514_none_2b24536c71ed437a\gdiplus.dll
0x000007fef0a40000 - 0x000007fef0afd000 	C:\Windows\system32\PortableDeviceApi.dll
0x000007fee0610000 - 0x000007fee0637000 	C:\Windows\system32\EhStorAPI.dll
0x000007feee760000 - 0x000007feee76c000 	C:\Windows\system32\LINKINFO.dll
0x000007fefcd60000 - 0x000007fefcd6b000 	C:\Windows\system32\Secur32.dll
0x000007fefcf30000 - 0x000007fefcf55000 	C:\Windows\system32\SSPICLI.DLL
0x000007fee97c0000 - 0x000007fee97d3000 	C:\Program Files\Common Files\Microsoft Shared\OFFICE15\MSOXEV.DLL
0x000007fee0490000 - 0x000007fee05b5000 	C:\Windows\system32\dbghelp.dll

VM Arguments:
jvm_args: -Dfile.encoding=Cp1252 
java_command: com.bookingsystem.startup.BookingSystemMain
java_class_path (initial): C:\Users\boseleya\Documents\GitHub\java-bs\Booking System\out\production\Booking System;C:\Users\boseleya\Documents\GitHub\java-bs\Booking System\apache-rat-0.6.jar;C:\Users\boseleya\Downloads\Jar\commons-codec-1.10.jar;C:\Users\boseleya\Downloads\Jar\jdatepicker-1.3.4.jar;C:\Users\boseleya\Downloads\Jar\poi-bin-3.11-20141221\poi-3.11\poi-3.11-20141221.jar;C:\Users\boseleya\Downloads\Jar\poi-bin-3.11-20141221\poi-3.11\poi-ooxml-3.11-20141221.jar;C:\Users\boseleya\Downloads\Jar\poi-bin-3.11-20141221\poi-3.11\poi-ooxml-schemas-3.11-20141221.jar;C:\Users\boseleya\Downloads\Jar\poi-bin-3.11-20141221\poi-3.11\ooxml-lib\xmlbeans-2.6.0.jar;C:\Users\boseleya\Downloads\Microsoft JDBC Driver 4.0 for SQL Server\sqljdbc_4.0\enu\sqljdbc4.jar
Launcher Type: SUN_STANDARD

Environment Variables:
PATH=C:/Program Files/Java/jre1.8.0_40/bin/server;C:/Program Files/Java/jre1.8.0_40/bin;C:/Program Files/Java/jre1.8.0_40/lib/amd64;C:\Program Files\Common Files\Microsoft Shared\Windows Live;C:\Program Files (x86)\Common Files\Microsoft Shared\Windows Live;C:\Program Files (x86)\NVIDIA Corporation\PhysX\Common;C:\Windows\system32;C:\Windows;C:\Windows\System32\Wbem;C:\Windows\System32\WindowsPowerShell\v1.0\;C:\Program Files (x86)\Windows Live\Shared;C:\Program Files\Java\jdk1.7.0_75\bin;c:\Program Files (x86)\Microsoft SQL Server\110\Tools\Binn\;c:\Program Files\Microsoft SQL Server\110\Tools\Binn\;c:\Program Files\Microsoft SQL Server\110\DTS\Binn\;c:\Program Files (x86)\Microsoft SQL Server\110\Tools\Binn\ManagementStudio\;c:\Program Files (x86)\Microsoft SQL Server\110\DTS\Binn\;C:\Users\boseleya\Documents\Eclipse IDE\eclipse;
USERNAME=boseleya
OS=Windows_NT
PROCESSOR_IDENTIFIER=Intel64 Family 6 Model 23 Stepping 10, GenuineIntel



---------------  S Y S T E M  ---------------

OS: Windows 7 , 64 bit Build 7601 (6.1.7601.17514)

CPU:total 2 (2 cores per cpu, 1 threads per core) family 6 model 23 stepping 10, cmov, cx8, fxsr, mmx, sse, sse2, sse3, ssse3, sse4.1, tsc

Memory: 4k page, physical 4192760k(1104792k free), swap 8383672k(4339840k free)

vm_info: Java HotSpot(TM) 64-Bit Server VM (25.40-b25) for windows-amd64 JRE (1.8.0_40-b26), built on Mar  7 2015 13:51:59 by "java_re" with MS VC++ 10.0 (VS2010)

time: Wed May 20 14:51:40 2015
elapsed time: 320 seconds (0d 0h 5m 20s)

