#
# A fatal error has been detected by the Java Runtime Environment:
#
#  EXCEPTION_ACCESS_VIOLATION (0xc0000005) at pc=0xffffffffa34c5120, pid=6264, tid=6924
#
# JRE version: Java(TM) SE Runtime Environment (8.0_40-b26) (build 1.8.0_40-b26)
# Java VM: Java HotSpot(TM) 64-Bit Server VM (25.40-b25 mixed mode windows-amd64 compressed oops)
# Problematic frame:
# C  0xffffffffa34c5120
#
# Failed to write core dump. Minidumps are not enabled by default on client versions of Windows
#
# If you would like to submit a bug report, please visit:
#   http://bugreport.java.com/bugreport/crash.jsp
#

---------------  T H R E A D  ---------------

Current thread (0x000000001667d000):  JavaThread "AWT-EventQueue-0" [_thread_in_Java, id=6924, stack(0x00000000198b0000,0x00000000199b0000)]

siginfo: ExceptionCode=0xc0000005, ExceptionInformation=0x0000000000000008 0xffffffffa34c5120

Registers:
RAX=0x00000000eacc7840, RBX=0x0000000000000215, RCX=0x0000000000000000, RDX=0x00000000eacb9100
RSP=0x00000000199ac748, RBP=0x00000000eacb9100, RSI=0x000000001e014508, RDI=0x00000000eacc7860
R8 =0x00000000eacb8270, R9 =0x00000000eacb9100, R10=0x000000000075663c, R11=0x0000000080377ac0
R12=0x0000000000000000, R13=0x00000000eacb9100, R14=0x00000000eacb8270, R15=0x000000001667d000
RIP=0xffffffffa34c5120, EFLAGS=0x0000000000010246

Top of Stack: (sp=0x00000000199ac748)
0x00000000199ac748:   00000000029287cc 00000000c04016f0
0x00000000199ac758:   000000000309f568 00000000eacb8160
0x00000000199ac768:   0000000000000000 0000000000000003
0x00000000199ac778:   00000000eacc77a0 00000000eacc7660
0x00000000199ac788:   00000000eacb8270 00000000eacc7840
0x00000000199ac798:   00000000c23e4790 00000000eacc7688
0x00000000199ac7a8:   00000000eacb90e8 00000000eacc7688
0x00000000199ac7b8:   00000000c03f2958 0000000000000011
0x00000000199ac7c8:   000000000263f750 00000000199ac908
0x00000000199ac7d8:   0000000002637324 000000000000005b
0x00000000199ac7e8:   000000001dfe04a0 00000000025e2fa0
0x00000000199ac7f8:   00000000519bbba0 0000000000000000
0x00000000199ac808:   000000008030dd68 00000000000000b8
0x00000000199ac818:   00000000ecce3978 00000000199ac860
0x00000000199ac828:   00000000199ac850 00000000c58c7410
0x00000000199ac838:   00000000c1ed3b30 00000000eac77f80 

Instructions: (pc=0xffffffffa34c5120)
0xffffffffa34c5100:   
[error occurred during error reporting (printing registers, top of stack, instructions near pc), id 0xc0000005]

Register to memory mapping:

RAX=0x00000000eacc7840 is an oop
org.apache.poi.xssf.usermodel.XSSFCell 
 - klass: 'org/apache/poi/xssf/usermodel/XSSFCell'
RBX=0x0000000000000215 is an unknown value
RCX=0x0000000000000000 is an unknown value
RDX=0x00000000eacb9100 is an oop
org.openxmlformats.schemas.spreadsheetml.x2006.main.impl.CTCellImpl 
 - klass: 'org/openxmlformats/schemas/spreadsheetml/x2006/main/impl/CTCellImpl'
RSP=0x00000000199ac748 is pointing into the stack for thread: 0x000000001667d000
RBP=0x00000000eacb9100 is an oop
org.openxmlformats.schemas.spreadsheetml.x2006.main.impl.CTCellImpl 
 - klass: 'org/openxmlformats/schemas/spreadsheetml/x2006/main/impl/CTCellImpl'
RSI=0x000000001e014508 is pointing into metadata
RDI=0x00000000eacc7860 is an oop

[error occurred during error reporting (printing register info), id 0xc0000005]

Stack: [0x00000000198b0000,0x00000000199b0000],  sp=0x00000000199ac748,  free space=1009k
Native frames: (J=compiled Java code, j=interpreted, Vv=VM code, C=native code)
C  0xffffffffa34c5120


---------------  P R O C E S S  ---------------

Java Threads: ( => current thread )
  0x0000000019651800 JavaThread "Swing-Shell" daemon [_thread_blocked, id=7700, stack(0x000000001c1a0000,0x000000001c2a0000)]
  0x00000000194dc800 JavaThread "TimerQueue" daemon [_thread_blocked, id=5196, stack(0x000000001b740000,0x000000001b840000)]
  0x00000000194cf800 JavaThread "D3D Screen Updater" daemon [_thread_blocked, id=6856, stack(0x000000001b480000,0x000000001b580000)]
  0x0000000001fee000 JavaThread "DestroyJavaVM" [_thread_blocked, id=6376, stack(0x0000000002070000,0x0000000002170000)]
=>0x000000001667d000 JavaThread "AWT-EventQueue-0" [_thread_in_Java, id=6924, stack(0x00000000198b0000,0x00000000199b0000)]
  0x000000001665a000 JavaThread "AWT-Windows" daemon [_thread_in_native, id=6620, stack(0x00000000169a0000,0x0000000016aa0000)]
  0x000000001647b800 JavaThread "AWT-Shutdown" [_thread_blocked, id=5140, stack(0x0000000016830000,0x0000000016930000)]
  0x0000000016477000 JavaThread "Java2D Disposer" daemon [_thread_blocked, id=7816, stack(0x0000000015500000,0x0000000015600000)]
  0x0000000014b76000 JavaThread "Service Thread" daemon [_thread_blocked, id=2452, stack(0x0000000015fa0000,0x00000000160a0000)]
  0x0000000014b73000 JavaThread "C1 CompilerThread1" daemon [_thread_blocked, id=7244, stack(0x0000000015b10000,0x0000000015c10000)]
  0x0000000014b1a800 JavaThread "C2 CompilerThread0" daemon [_thread_in_native, id=7984, stack(0x0000000015e20000,0x0000000015f20000)]
  0x0000000014b18800 JavaThread "Attach Listener" daemon [_thread_blocked, id=5680, stack(0x0000000015c40000,0x0000000015d40000)]
  0x0000000014b17800 JavaThread "Signal Dispatcher" daemon [_thread_blocked, id=3776, stack(0x00000000159e0000,0x0000000015ae0000)]
  0x0000000014abc000 JavaThread "Finalizer" daemon [_thread_blocked, id=6176, stack(0x0000000015800000,0x0000000015900000)]
  0x0000000014ab5000 JavaThread "Reference Handler" daemon [_thread_blocked, id=1572, stack(0x0000000015620000,0x0000000015720000)]

Other Threads:
  0x0000000014aad000 VMThread [stack: 0x0000000015400000,0x0000000015500000] [id=2084]
  0x0000000014b77000 WatcherThread [stack: 0x0000000016190000,0x0000000016290000] [id=624]

VM state:not at safepoint (normal execution)

VM Mutex/Monitor currently owned by a thread: None

Heap:
 PSYoungGen      total 73216K, used 15421K [0x00000000eab00000, 0x00000000f2080000, 0x0000000100000000)
  eden space 43520K, 5% used [0x00000000eab00000,0x00000000ead87718,0x00000000ed580000)
  from space 29696K, 43% used [0x00000000f0380000,0x00000000f1008000,0x00000000f2080000)
  to   space 38400K, 0% used [0x00000000ed580000,0x00000000ed580000,0x00000000efb00000)
 ParOldGen       total 145408K, used 107214K [0x00000000c0000000, 0x00000000c8e00000, 0x00000000eab00000)
  object space 145408K, 73% used [0x00000000c0000000,0x00000000c68b3980,0x00000000c8e00000)
 Metaspace       used 27660K, capacity 28008K, committed 28288K, reserved 1073152K
  class space    used 3525K, capacity 3638K, committed 3712K, reserved 1048576K

Card table byte_map: [0x0000000011880000,0x0000000011a90000] byte_map_base: 0x0000000011280000

Marking Bits: (ParMarkBitMap*) 0x00000000519d4040
 Begin Bits: [0x0000000011f80000, 0x0000000012f80000)
 End Bits:   [0x0000000012f80000, 0x0000000013f80000)

Polling page: 0x0000000001c50000

CodeCache: size=245760Kb used=11967Kb max_used=12323Kb free=233792Kb
 bounds [0x00000000024c0000, 0x00000000030f0000, 0x00000000114c0000]
 total_blobs=4234 nmethods=3607 adapters=539
 compilation: enabled

Compilation events (10 events):
Event: 18.457 Thread 0x0000000014b73000 nmethod 3814 0x0000000002684dd0 code [0x0000000002684fa0, 0x00000000026858c8]
Event: 18.457 Thread 0x0000000014b73000 3815       2       org.apache.xmlbeans.impl.store.Locale$ScrubBuffer::scrub (258 bytes)
Event: 18.458 Thread 0x0000000014b73000 nmethod 3815 0x0000000002663bd0 code [0x0000000002663dc0, 0x0000000002664b98]
Event: 18.492 Thread 0x0000000014b73000 3823       2       org.apache.poi.xssf.usermodel.XSSFRow::getRowNum (13 bytes)
Event: 18.493 Thread 0x0000000014b73000 nmethod 3823 0x00000000025e2e10 code [0x00000000025e2f80, 0x00000000025e3128]
Event: 18.493 Thread 0x0000000014b73000 3824   !   2       org.openxmlformats.schemas.spreadsheetml.x2006.main.impl.CTRowImpl::getR (51 bytes)
Event: 18.493 Thread 0x0000000014b73000 nmethod 3824 0x000000000263f310 code [0x000000000263f4e0, 0x000000000263fac8]
Event: 18.580 Thread 0x0000000014b1a800 nmethod 3798 0x00000000030d5d10 code [0x00000000030d6200, 0x00000000030d9a20]
Event: 18.581 Thread 0x0000000014b1a800 3792   !   4       org.openxmlformats.schemas.spreadsheetml.x2006.main.impl.CTCellImpl::getR (51 bytes)
Event: 18.707 Thread 0x0000000014b1a800 nmethod 3792 0x000000000281e5d0 code [0x000000000281e760, 0x000000000281eef8]

GC Heap History (10 events):
Event: 16.626 GC heap before
{Heap before GC invocations=11 (full 2):
 PSYoungGen      total 40960K, used 31727K [0x00000000eab00000, 0x00000000eff00000, 0x0000000100000000)
  eden space 29184K, 100% used [0x00000000eab00000,0x00000000ec780000,0x00000000ec780000)
  from space 11776K, 21% used [0x00000000edc00000,0x00000000ede7bd68,0x00000000ee780000)
  to   space 20992K, 0% used [0x00000000ec780000,0x00000000ec780000,0x00000000edc00000)
 ParOldGen       total 84992K, used 39967K [0x00000000c0000000, 0x00000000c5300000, 0x00000000eab00000)
  object space 84992K, 47% used [0x00000000c0000000,0x00000000c2707f18,0x00000000c5300000)
 Metaspace       used 27385K, capacity 27670K, committed 28032K, reserved 1073152K
  class space    used 3502K, capacity 3635K, committed 3712K, reserved 1048576K
Event: 16.686 GC heap after
Heap after GC invocations=11 (full 2):
 PSYoungGen      total 50176K, used 20960K [0x00000000eab00000, 0x00000000f0b00000, 0x0000000100000000)
  eden space 29184K, 0% used [0x00000000eab00000,0x00000000eab00000,0x00000000ec780000)
  from space 20992K, 99% used [0x00000000ec780000,0x00000000edbf8100,0x00000000edc00000)
  to   space 27136K, 0% used [0x00000000ef080000,0x00000000ef080000,0x00000000f0b00000)
 ParOldGen       total 84992K, used 46060K [0x00000000c0000000, 0x00000000c5300000, 0x00000000eab00000)
  object space 84992K, 54% used [0x00000000c0000000,0x00000000c2cfb230,0x00000000c5300000)
 Metaspace       used 27385K, capacity 27670K, committed 28032K, reserved 1073152K
  class space    used 3502K, capacity 3635K, committed 3712K, reserved 1048576K
}
Event: 16.779 GC heap before
{Heap before GC invocations=12 (full 2):
 PSYoungGen      total 50176K, used 50144K [0x00000000eab00000, 0x00000000f0b00000, 0x0000000100000000)
  eden space 29184K, 100% used [0x00000000eab00000,0x00000000ec780000,0x00000000ec780000)
  from space 20992K, 99% used [0x00000000ec780000,0x00000000edbf8100,0x00000000edc00000)
  to   space 27136K, 0% used [0x00000000ef080000,0x00000000ef080000,0x00000000f0b00000)
 ParOldGen       total 84992K, used 46060K [0x00000000c0000000, 0x00000000c5300000, 0x00000000eab00000)
  object space 84992K, 54% used [0x00000000c0000000,0x00000000c2cfb230,0x00000000c5300000)
 Metaspace       used 27441K, capacity 27734K, committed 28032K, reserved 1073152K
  class space    used 3502K, capacity 3635K, committed 3712K, reserved 1048576K
Event: 16.876 GC heap after
Heap after GC invocations=12 (full 2):
 PSYoungGen      total 59392K, used 27104K [0x00000000eab00000, 0x00000000f2380000, 0x0000000100000000)
  eden space 32256K, 0% used [0x00000000eab00000,0x00000000eab00000,0x00000000eca80000)
  from space 27136K, 99% used [0x00000000ef080000,0x00000000f0af8160,0x00000000f0b00000)
  to   space 38912K, 0% used [0x00000000eca80000,0x00000000eca80000,0x00000000ef080000)
 ParOldGen       total 84992K, used 64796K [0x00000000c0000000, 0x00000000c5300000, 0x00000000eab00000)
  object space 84992K, 76% used [0x00000000c0000000,0x00000000c3f472f0,0x00000000c5300000)
 Metaspace       used 27441K, capacity 27734K, committed 28032K, reserved 1073152K
  class space    used 3502K, capacity 3635K, committed 3712K, reserved 1048576K
}
Event: 17.616 GC heap before
{Heap before GC invocations=13 (full 2):
 PSYoungGen      total 59392K, used 59360K [0x00000000eab00000, 0x00000000f2380000, 0x0000000100000000)
  eden space 32256K, 100% used [0x00000000eab00000,0x00000000eca80000,0x00000000eca80000)
  from space 27136K, 99% used [0x00000000ef080000,0x00000000f0af8160,0x00000000f0b00000)
  to   space 38912K, 0% used [0x00000000eca80000,0x00000000eca80000,0x00000000ef080000)
 ParOldGen       total 84992K, used 64796K [0x00000000c0000000, 0x00000000c5300000, 0x00000000eab00000)
  object space 84992K, 76% used [0x00000000c0000000,0x00000000c3f472f0,0x00000000c5300000)
 Metaspace       used 27647K, capacity 28008K, committed 28288K, reserved 1073152K
  class space    used 3525K, capacity 3638K, committed 3712K, reserved 1048576K
Event: 17.734 GC heap after
Heap after GC invocations=13 (full 2):
 PSYoungGen      total 71168K, used 25056K [0x00000000eab00000, 0x00000000f2b00000, 0x0000000100000000)
  eden space 32256K, 0% used [0x00000000eab00000,0x00000000eab00000,0x00000000eca80000)
  from space 38912K, 64% used [0x00000000eca80000,0x00000000ee2f80d0,0x00000000ef080000)
  to   space 40448K, 0% used [0x00000000f0380000,0x00000000f0380000,0x00000000f2b00000)
 ParOldGen       total 84992K, used 82596K [0x00000000c0000000, 0x00000000c5300000, 0x00000000eab00000)
  object space 84992K, 97% used [0x00000000c0000000,0x00000000c50a93f0,0x00000000c5300000)
 Metaspace       used 27647K, capacity 28008K, committed 28288K, reserved 1073152K
  class space    used 3525K, capacity 3638K, committed 3712K, reserved 1048576K
}
Event: 17.735 GC heap before
{Heap before GC invocations=14 (full 3):
 PSYoungGen      total 71168K, used 25056K [0x00000000eab00000, 0x00000000f2b00000, 0x0000000100000000)
  eden space 32256K, 0% used [0x00000000eab00000,0x00000000eab00000,0x00000000eca80000)
  from space 38912K, 64% used [0x00000000eca80000,0x00000000ee2f80d0,0x00000000ef080000)
  to   space 40448K, 0% used [0x00000000f0380000,0x00000000f0380000,0x00000000f2b00000)
 ParOldGen       total 84992K, used 82596K [0x00000000c0000000, 0x00000000c5300000, 0x00000000eab00000)
  object space 84992K, 97% used [0x00000000c0000000,0x00000000c50a93f0,0x00000000c5300000)
 Metaspace       used 27647K, capacity 28008K, committed 28288K, reserved 1073152K
  class space    used 3525K, capacity 3638K, committed 3712K, reserved 1048576K
Event: 18.391 GC heap after
Heap after GC invocations=14 (full 3):
 PSYoungGen      total 71168K, used 22408K [0x00000000eab00000, 0x00000000f2b00000, 0x0000000100000000)
  eden space 32256K, 0% used [0x00000000eab00000,0x00000000eab00000,0x00000000eca80000)
  from space 38912K, 57% used [0x00000000eca80000,0x00000000ee0620f0,0x00000000ef080000)
  to   space 40448K, 0% used [0x00000000f0380000,0x00000000f0380000,0x00000000f2b00000)
 ParOldGen       total 145408K, used 84816K [0x00000000c0000000, 0x00000000c8e00000, 0x00000000eab00000)
  object space 145408K, 58% used [0x00000000c0000000,0x00000000c52d4258,0x00000000c8e00000)
 Metaspace       used 27647K, capacity 28008K, committed 28288K, reserved 1073152K
  class space    used 3525K, capacity 3638K, committed 3712K, reserved 1048576K
}
Event: 18.587 GC heap before
{Heap before GC invocations=15 (full 3):
 PSYoungGen      total 71168K, used 54664K [0x00000000eab00000, 0x00000000f2b00000, 0x0000000100000000)
  eden space 32256K, 100% used [0x00000000eab00000,0x00000000eca80000,0x00000000eca80000)
  from space 38912K, 57% used [0x00000000eca80000,0x00000000ee0620f0,0x00000000ef080000)
  to   space 40448K, 0% used [0x00000000f0380000,0x00000000f0380000,0x00000000f2b00000)
 ParOldGen       total 145408K, used 84816K [0x00000000c0000000, 0x00000000c8e00000, 0x00000000eab00000)
  object space 145408K, 58% used [0x00000000c0000000,0x00000000c52d4258,0x00000000c8e00000)
 Metaspace       used 27660K, capacity 28008K, committed 28288K, reserved 1073152K
  class space    used 3525K, capacity 3638K, committed 3712K, reserved 1048576K
Event: 18.701 GC heap after
Heap after GC invocations=15 (full 3):
 PSYoungGen      total 73216K, used 12832K [0x00000000eab00000, 0x00000000f2080000, 0x0000000100000000)
  eden space 43520K, 0% used [0x00000000eab00000,0x00000000eab00000,0x00000000ed580000)
  from space 29696K, 43% used [0x00000000f0380000,0x00000000f1008000,0x00000000f2080000)
  to   space 38400K, 0% used [0x00000000ed580000,0x00000000ed580000,0x00000000efb00000)
 ParOldGen       total 145408K, used 107214K [0x00000000c0000000, 0x00000000c8e00000, 0x00000000eab00000)
  object space 145408K, 73% used [0x00000000c0000000,0x00000000c68b3980,0x00000000c8e00000)
 Metaspace       used 27660K, capacity 28008K, committed 28288K, reserved 1073152K
  class space    used 3525K, capacity 3638K, committed 3712K, reserved 1048576K
}

Deoptimization events (10 events):
Event: 15.790 Thread 0x000000001667d000 Uncommon trap: reason=unstable_if action=reinterpret pc=0x0000000002fdeaf8 method=org.apache.xmlbeans.impl.store.CharUtil.saveChars(Ljava/lang/Object;IILjava/lang/Object;II)Ljava/lang/Object; @ 314
Event: 15.886 Thread 0x000000001667d000 Uncommon trap: reason=unstable_if action=reinterpret pc=0x0000000002ffb6c4 method=org.apache.xmlbeans.impl.piccolo.xml.PiccoloLexer.parseElementNameNS()Ljava/lang/String; @ 113
Event: 15.901 Thread 0x000000001667d000 Uncommon trap: reason=unstable_if action=reinterpret pc=0x0000000003006a5c method=org.apache.xmlbeans.impl.piccolo.xml.PiccoloLexer.parseCdataLiteral(CI)V @ 371
Event: 15.901 Thread 0x000000001667d000 Uncommon trap: reason=unstable_if action=reinterpret pc=0x0000000003000014 method=org.apache.xmlbeans.impl.piccolo.xml.PiccoloLexer.parseAttributesNS()I @ 31
Event: 17.448 Thread 0x000000001667d000 Uncommon trap: reason=class_check action=maybe_recompile pc=0x00000000030c2b20 method=org.apache.xmlbeans.impl.store.CharUtil.getString(Ljava/lang/Object;II)Ljava/lang/String; @ 55
Event: 17.486 Thread 0x000000001667d000 Uncommon trap: reason=class_check action=maybe_recompile pc=0x00000000030c2b20 method=org.apache.xmlbeans.impl.store.CharUtil.getString(Ljava/lang/Object;II)Ljava/lang/String; @ 55
Event: 17.598 Thread 0x000000001667d000 Uncommon trap: reason=class_check action=maybe_recompile pc=0x00000000030c2b20 method=org.apache.xmlbeans.impl.store.CharUtil.getString(Ljava/lang/Object;II)Ljava/lang/String; @ 55
Event: 17.605 Thread 0x000000001667d000 Uncommon trap: reason=class_check action=maybe_recompile pc=0x00000000030c2b20 method=org.apache.xmlbeans.impl.store.CharUtil.getString(Ljava/lang/Object;II)Ljava/lang/String; @ 55
Event: 18.400 Thread 0x000000001667d000 Uncommon trap: reason=class_check action=maybe_recompile pc=0x00000000030ceca8 method=org.apache.xmlbeans.impl.store.CharUtil.getString(Ljava/lang/Object;II)Ljava/lang/String; @ 55
Event: 18.413 Thread 0x000000001667d000 Uncommon trap: reason=class_check action=maybe_recompile pc=0x00000000030b3fd4 method=org.apache.xmlbeans.impl.store.CharUtil.getString(Ljava/lang/Object;II)Ljava/lang/String; @ 55

Internal exceptions (10 events):
Event: 14.498 Thread 0x000000001667d000 Exception <a 'java/security/PrivilegedActionException'> (0x00000000eb0b08e8) thrown at [D:\re\workspace\8-2-build-windows-amd64-cygwin\jdk8u40\3098\hotspot\src\share\vm\prims\jvm.cpp, line 1382]
Event: 14.498 Thread 0x000000001667d000 Exception <a 'java/security/PrivilegedActionException'> (0x00000000eb0b0dc0) thrown at [D:\re\workspace\8-2-build-windows-amd64-cygwin\jdk8u40\3098\hotspot\src\share\vm\prims\jvm.cpp, line 1382]
Event: 14.498 Thread 0x000000001667d000 Exception <a 'java/security/PrivilegedActionException'> (0x00000000eb0b4d00) thrown at [D:\re\workspace\8-2-build-windows-amd64-cygwin\jdk8u40\3098\hotspot\src\share\vm\prims\jvm.cpp, line 1382]
Event: 14.499 Thread 0x000000001667d000 Exception <a 'java/security/PrivilegedActionException'> (0x00000000eb0b5368) thrown at [D:\re\workspace\8-2-build-windows-amd64-cygwin\jdk8u40\3098\hotspot\src\share\vm\prims\jvm.cpp, line 1382]
Event: 14.499 Thread 0x000000001667d000 Exception <a 'java/security/PrivilegedActionException'> (0x00000000eb0b9540) thrown at [D:\re\workspace\8-2-build-windows-amd64-cygwin\jdk8u40\3098\hotspot\src\share\vm\prims\jvm.cpp, line 1382]
Event: 14.499 Thread 0x000000001667d000 Exception <a 'java/security/PrivilegedActionException'> (0x00000000eb0b9a18) thrown at [D:\re\workspace\8-2-build-windows-amd64-cygwin\jdk8u40\3098\hotspot\src\share\vm\prims\jvm.cpp, line 1382]
Event: 14.499 Thread 0x000000001667d000 Exception <a 'java/security/PrivilegedActionException'> (0x00000000eb0bda68) thrown at [D:\re\workspace\8-2-build-windows-amd64-cygwin\jdk8u40\3098\hotspot\src\share\vm\prims\jvm.cpp, line 1382]
Event: 14.499 Thread 0x000000001667d000 Exception <a 'java/security/PrivilegedActionException'> (0x00000000eb0be0d0) thrown at [D:\re\workspace\8-2-build-windows-amd64-cygwin\jdk8u40\3098\hotspot\src\share\vm\prims\jvm.cpp, line 1382]
Event: 15.178 Thread 0x000000001667d000 Implicit null exception at 0x0000000002f9a420 to 0x0000000002f9a501
Event: 15.193 Thread 0x000000001667d000 Implicit null exception at 0x0000000002f8bbda to 0x0000000002f8be11

Events (10 events):
Event: 18.399 Thread 0x000000001667d000 DEOPT PACKING pc=0x00000000027b38ab sp=0x00000000199ac7e0
Event: 18.399 Thread 0x000000001667d000 DEOPT UNPACKING pc=0x00000000025071bf sp=0x00000000199ac568 mode 0
Event: 18.400 Thread 0x000000001667d000 Uncommon trap: trap_request=0xffffffde fr.pc=0x00000000030ceca8
Event: 18.400 Thread 0x000000001667d000 DEOPT PACKING pc=0x00000000030ceca8 sp=0x00000000199ac600
Event: 18.400 Thread 0x000000001667d000 DEOPT UNPACKING pc=0x000000000250556a sp=0x00000000199ac3e8 mode 2
Event: 18.413 Thread 0x000000001667d000 Uncommon trap: trap_request=0xffffffde fr.pc=0x00000000030b3fd4
Event: 18.413 Thread 0x000000001667d000 DEOPT PACKING pc=0x00000000030b3fd4 sp=0x00000000199ac410
Event: 18.413 Thread 0x000000001667d000 DEOPT UNPACKING pc=0x000000000250556a sp=0x00000000199ac358 mode 2
Event: 18.587 Executing VM operation: ParallelGCFailedAllocation
Event: 18.701 Executing VM operation: ParallelGCFailedAllocation done


Dynamic libraries:
0x000000013f6d0000 - 0x000000013f707000 	C:\Program Files\Java\jre1.8.0_40\bin\javaw.exe
0x0000000077440000 - 0x00000000775e9000 	C:\Windows\SYSTEM32\ntdll.dll
0x0000000077320000 - 0x000000007743f000 	C:\Windows\system32\kernel32.dll
0x000007fefd520000 - 0x000007fefd58b000 	C:\Windows\system32\KERNELBASE.dll
0x000007feff3e0000 - 0x000007feff4bb000 	C:\Windows\system32\ADVAPI32.dll
0x000007fefeb40000 - 0x000007fefebdf000 	C:\Windows\system32\msvcrt.dll
0x000007feff3c0000 - 0x000007feff3df000 	C:\Windows\SYSTEM32\sechost.dll
0x000007feff4d0000 - 0x000007feff5fd000 	C:\Windows\system32\RPCRT4.dll
0x0000000077220000 - 0x000000007731a000 	C:\Windows\system32\USER32.dll
0x000007fefead0000 - 0x000007fefeb37000 	C:\Windows\system32\GDI32.dll
0x000007feff4c0000 - 0x000007feff4ce000 	C:\Windows\system32\LPK.dll
0x000007fefeea0000 - 0x000007fefef69000 	C:\Windows\system32\USP10.dll
0x000007fefbf40000 - 0x000007fefc134000 	C:\Windows\WinSxS\amd64_microsoft.windows.common-controls_6595b64144ccf1df_6.0.7601.17514_none_fa396087175ac9ac\COMCTL32.dll
0x000007feff6c0000 - 0x000007feff731000 	C:\Windows\system32\SHLWAPI.dll
0x000007fefebe0000 - 0x000007fefec0e000 	C:\Windows\system32\IMM32.DLL
0x000007fefec10000 - 0x000007fefed19000 	C:\Windows\system32\MSCTF.dll
0x0000000075130000 - 0x0000000075168000 	C:\PROGRA~2\Sophos\SOPHOS~1\SOPHOS~2.DLL
0x0000000077610000 - 0x0000000077617000 	C:\Windows\system32\PSAPI.DLL
0x0000000055aa0000 - 0x0000000055b72000 	C:\Program Files\Java\jre1.8.0_40\bin\msvcr100.dll
0x00000000511d0000 - 0x0000000051a53000 	C:\Program Files\Java\jre1.8.0_40\bin\server\jvm.dll
0x000007fef93c0000 - 0x000007fef93c9000 	C:\Windows\system32\WSOCK32.dll
0x000007fefe780000 - 0x000007fefe7cd000 	C:\Windows\system32\WS2_32.dll
0x000007feff740000 - 0x000007feff748000 	C:\Windows\system32\NSI.dll
0x000007fefaf70000 - 0x000007fefafab000 	C:\Windows\system32\WINMM.dll
0x000007fefc510000 - 0x000007fefc51c000 	C:\Windows\system32\VERSION.dll
0x0000000067a10000 - 0x0000000067a1f000 	C:\Program Files\Java\jre1.8.0_40\bin\verify.dll
0x0000000067340000 - 0x0000000067369000 	C:\Program Files\Java\jre1.8.0_40\bin\java.dll
0x0000000067320000 - 0x0000000067336000 	C:\Program Files\Java\jre1.8.0_40\bin\zip.dll
0x000007fefd760000 - 0x000007fefe4e8000 	C:\Windows\system32\SHELL32.dll
0x000007fefe4f0000 - 0x000007fefe6f3000 	C:\Windows\system32\ole32.dll
0x000007fefd390000 - 0x000007fefd39f000 	C:\Windows\system32\profapi.dll
0x0000000055900000 - 0x0000000055a98000 	C:\Program Files\Java\jre1.8.0_40\bin\awt.dll
0x000007feff150000 - 0x000007feff227000 	C:\Windows\system32\OLEAUT32.dll
0x000007fefb5a0000 - 0x000007fefb5b8000 	C:\Windows\system32\DWMAPI.DLL
0x000007fefbce0000 - 0x000007fefbd36000 	C:\Windows\system32\uxtheme.dll
0x000007fefd260000 - 0x000007fefd26f000 	C:\Windows\system32\CRYPTBASE.dll
0x000007feeda10000 - 0x000007feedc0f000 	C:\Windows\system32\d3d9.dll
0x000007fefa950000 - 0x000007fefa957000 	C:\Windows\system32\d3d8thk.dll
0x000007fed6b70000 - 0x000007fed7bdd000 	C:\Windows\system32\nvd3dumx.dll
0x000007fefb8e0000 - 0x000007fefb90c000 	C:\Windows\system32\powrprof.dll
0x000007fefef70000 - 0x000007feff147000 	C:\Windows\system32\SETUPAPI.dll
0x000007fefd4e0000 - 0x000007fefd516000 	C:\Windows\system32\CFGMGR32.dll
0x000007fefd700000 - 0x000007fefd71a000 	C:\Windows\system32\DEVOBJ.dll
0x000007feefc10000 - 0x000007feefd7c000 	C:\Program Files (x86)\NVIDIA Corporation\3D Vision\nvSCPAPI64.dll
0x000007fef7a80000 - 0x000007fef7dcd000 	C:\Windows\system32\nvapi64.dll
0x000007fefd720000 - 0x000007fefd75a000 	C:\Windows\system32\WINTRUST.dll
0x000007fefd590000 - 0x000007fefd6f7000 	C:\Windows\system32\CRYPT32.dll
0x000007fefd430000 - 0x000007fefd43f000 	C:\Windows\system32\MSASN1.dll
0x0000000062e50000 - 0x0000000062e97000 	C:\Program Files\Java\jre1.8.0_40\bin\fontmanager.dll
0x0000000067300000 - 0x000000006731a000 	C:\Program Files\Java\jre1.8.0_40\bin\net.dll
0x000007fefc520000 - 0x000007fefc54d000 	C:\ProgramData\Sophos\Web Intelligence\swi_ifslsp_64.dll
0x000007fefcd00000 - 0x000007fefcd55000 	C:\Windows\system32\mswsock.dll
0x000007fefcba0000 - 0x000007fefcba7000 	C:\Windows\System32\wship6.dll
0x0000000066680000 - 0x0000000066691000 	C:\Program Files\Java\jre1.8.0_40\bin\nio.dll
0x0000000063bb0000 - 0x0000000063bf1000 	C:\Program Files\Java\jre1.8.0_40\bin\t2k.dll
0x000007fefce10000 - 0x000007fefce27000 	C:\Windows\system32\CRYPTSP.dll
0x000007fefca20000 - 0x000007fefca67000 	C:\Windows\system32\rsaenh.dll
0x000007fefc670000 - 0x000007fefc68e000 	C:\Windows\system32\USERENV.dll
0x000007fefbd70000 - 0x000007fefbd97000 	C:\Windows\system32\IPHLPAPI.DLL
0x000007fefc500000 - 0x000007fefc50b000 	C:\Windows\system32\WINNSI.DLL
0x000007fefa370000 - 0x000007fefa381000 	C:\Windows\system32\dhcpcsvc6.DLL
0x000007fefa350000 - 0x000007fefa368000 	C:\Windows\system32\dhcpcsvc.DLL
0x000007fefc4f0000 - 0x000007fefc4f7000 	C:\Windows\System32\wshtcpip.dll
0x000007fef9f60000 - 0x000007fef9f8f000 	C:\Program Files\Common Files\Microsoft Shared\Windows Live\WLIDNSP.DLL
0x000007fefc890000 - 0x000007fefc8eb000 	C:\Windows\system32\DNSAPI.dll
0x000007fef9f50000 - 0x000007fef9f58000 	C:\Windows\system32\rasadhlp.dll
0x000007fefa400000 - 0x000007fefa453000 	C:\Windows\System32\fwpuclnt.dll
0x0000000066650000 - 0x0000000066674000 	C:\Program Files\Java\jre1.8.0_40\bin\sunec.dll
0x000007fefb020000 - 0x000007fefb035000 	C:\Windows\system32\NLAapi.dll
0x000007fef9e80000 - 0x000007fef9e95000 	C:\Windows\system32\napinsp.dll
0x000007fef9ea0000 - 0x000007fef9eb9000 	C:\Windows\system32\pnrpnsp.dll
0x000007fef9e70000 - 0x000007fef9e7b000 	C:\Windows\System32\winrnr.dll
0x000007fefe7d0000 - 0x000007fefe869000 	C:\Windows\system32\CLBCatQ.DLL
0x000007fefb470000 - 0x000007fefb59a000 	C:\Windows\system32\WindowsCodecs.dll
0x000007fefd270000 - 0x000007fefd2c7000 	C:\Windows\system32\apphelp.dll
0x000007fef5370000 - 0x000007fef53af000 	C:\Users\boseleya\AppData\Local\Microsoft\SkyDrive\17.0.4035.0328\amd64\SkyDriveShell64.dll
0x000007fef52c0000 - 0x000007fef5367000 	C:\Users\boseleya\AppData\Local\Microsoft\SkyDrive\17.0.4035.0328\amd64\MSVCP110.dll
0x000007fef51f0000 - 0x000007fef52be000 	C:\Users\boseleya\AppData\Local\Microsoft\SkyDrive\17.0.4035.0328\amd64\MSVCR110.dll
0x000007feff290000 - 0x000007feff3ba000 	C:\Windows\system32\WININET.dll
0x000007fefed20000 - 0x000007fefee98000 	C:\Windows\system32\urlmon.dll
0x000007fefe870000 - 0x000007fefeac9000 	C:\Windows\system32\iertutil.dll
0x000007fef4fb0000 - 0x000007fef51ed000 	C:\PROGRA~1\MICROS~2\Office15\GROOVEEX.DLL
0x0000000071f10000 - 0x0000000071fa8000 	C:\Windows\system32\MSVCP100.dll
0x000000006f6c0000 - 0x000000006f6eb000 	C:\Windows\system32\ATL100.DLL
0x000007fefa570000 - 0x000007fefa886000 	C:\Windows\system32\msi.dll
0x000007fef27d0000 - 0x000007fef304d000 	C:\PROGRA~1\MICROS~2\Office15\1033\GrooveIntlResource.dll
0x000007fef5450000 - 0x000007fef5485000 	C:\Windows\system32\EhStorShell.dll
0x000007fefb710000 - 0x000007fefb83c000 	C:\Windows\system32\PROPSYS.dll
0x000007fef53d0000 - 0x000007fef544e000 	C:\Windows\System32\cscui.dll
0x000007fef53c0000 - 0x000007fef53cc000 	C:\Windows\System32\CSCDLL.dll
0x000007fef9200000 - 0x000007fef920f000 	C:\Windows\system32\CSCAPI.dll
0x000007fef4a30000 - 0x000007fef4ab0000 	C:\Windows\system32\ntshrui.dll
0x000007fefcec0000 - 0x000007fefcee3000 	C:\Windows\system32\srvcli.dll
0x000007fefad70000 - 0x000007fefad7b000 	C:\Windows\system32\slc.dll
0x000007fef9210000 - 0x000007fef92b0000 	C:\Windows\WinSxS\amd64_microsoft.windows.common-controls_6595b64144ccf1df_5.82.7601.17514_none_a4d6a923711520a9\comctl32.dll
0x000007fefbd40000 - 0x000007fefbd6d000 	C:\Windows\system32\ntmarta.dll
0x000007feff230000 - 0x000007feff282000 	C:\Windows\system32\WLDAP32.dll
0x000007feecf40000 - 0x000007feed0dc000 	C:\Windows\system32\NetworkExplorer.dll
0x000007fef5500000 - 0x000007fef5534000 	C:\Windows\System32\shdocvw.dll
0x000007fef5a80000 - 0x000007fef5a98000 	C:\Windows\system32\MPR.dll
0x000007fef5a70000 - 0x000007fef5a7a000 	C:\Windows\System32\drprov.dll
0x000007fefd220000 - 0x000007fefd25d000 	C:\Windows\System32\WINSTA.dll
0x000007fef5a40000 - 0x000007fef5a62000 	C:\Windows\System32\ntlanman.dll
0x000007fef5a20000 - 0x000007fef5a3c000 	C:\Windows\System32\davclnt.dll
0x000007fef5a10000 - 0x000007fef5a1a000 	C:\Windows\System32\DAVHLPR.dll
0x000007fefb3a0000 - 0x000007fefb3b5000 	C:\Windows\system32\wkscli.dll
0x000007fefccf0000 - 0x000007fefccfc000 	C:\Windows\system32\netutils.dll
0x000007feebfe0000 - 0x000007feec251000 	C:\Windows\system32\wpdshext.dll
0x000007fefbac0000 - 0x000007fefbcd5000 	C:\Windows\WinSxS\amd64_microsoft.windows.gdiplus_6595b64144ccf1df_1.1.7601.17514_none_2b24536c71ed437a\gdiplus.dll
0x000007fef71d0000 - 0x000007fef728d000 	C:\Windows\system32\PortableDeviceApi.dll
0x000007fef69c0000 - 0x000007fef69f9000 	C:\Windows\system32\PortableDeviceTypes.dll
0x000007fef44f0000 - 0x000007fef4517000 	C:\Windows\system32\EhStorAPI.dll
0x000007fef54f0000 - 0x000007fef54fc000 	C:\Windows\system32\LINKINFO.dll
0x000007fefd020000 - 0x000007fefd02b000 	C:\Windows\system32\Secur32.dll
0x000007fefd1f0000 - 0x000007fefd215000 	C:\Windows\system32\SSPICLI.DLL
0x000007fefb2d0000 - 0x000007fefb2e3000 	C:\Program Files\Common Files\Microsoft Shared\OFFICE15\MSOXEV.DLL
0x000007fee62d0000 - 0x000007fee63f5000 	C:\Windows\system32\dbghelp.dll

VM Arguments:
jvm_args: -Dfile.encoding=Cp1252 
java_command: com.bookingsystem.startup.BookingSystemMain
java_class_path (initial): C:\Users\boseleya\Documents\GitHub\java-bs\Booking System\out\production\Booking System;C:\Users\boseleya\Documents\GitHub\java-bs\Booking System\apache-rat-0.6.jar;C:\Users\boseleya\Downloads\Jar\commons-codec-1.10.jar;C:\Users\boseleya\Downloads\Jar\jdatepicker-1.3.4.jar;C:\Users\boseleya\Downloads\Jar\poi-bin-3.11-20141221\poi-3.11\poi-3.11-20141221.jar;C:\Users\boseleya\Downloads\Jar\poi-bin-3.11-20141221\poi-3.11\poi-ooxml-3.11-20141221.jar;C:\Users\boseleya\Downloads\Jar\poi-bin-3.11-20141221\poi-3.11\poi-ooxml-schemas-3.11-20141221.jar;C:\Users\boseleya\Downloads\Jar\poi-bin-3.11-20141221\poi-3.11\ooxml-lib\xmlbeans-2.6.0.jar;C:\Users\boseleya\Downloads\Microsoft JDBC Driver 4.0 for SQL Server\sqljdbc_4.0\enu\sqljdbc4.jar
Launcher Type: SUN_STANDARD

Environment Variables:
PATH=C:/Program Files/Java/jre1.8.0_40/bin/server;C:/Program Files/Java/jre1.8.0_40/bin;C:/Program Files/Java/jre1.8.0_40/lib/amd64;C:\Program Files\Common Files\Microsoft Shared\Windows Live;C:\Program Files (x86)\Common Files\Microsoft Shared\Windows Live;C:\Program Files (x86)\NVIDIA Corporation\PhysX\Common;C:\Windows\system32;C:\Windows;C:\Windows\System32\Wbem;C:\Windows\System32\WindowsPowerShell\v1.0\;C:\Program Files (x86)\Windows Live\Shared;C:\Program Files\Java\jdk1.7.0_75\bin;c:\Program Files (x86)\Microsoft SQL Server\110\Tools\Binn\;c:\Program Files\Microsoft SQL Server\110\Tools\Binn\;c:\Program Files\Microsoft SQL Server\110\DTS\Binn\;c:\Program Files (x86)\Microsoft SQL Server\110\Tools\Binn\ManagementStudio\;c:\Program Files (x86)\Microsoft SQL Server\110\DTS\Binn\;C:\Users\boseleya\Documents\Eclipse IDE\eclipse;
USERNAME=boseleya
OS=Windows_NT
PROCESSOR_IDENTIFIER=Intel64 Family 6 Model 23 Stepping 10, GenuineIntel



---------------  S Y S T E M  ---------------

OS: Windows 7 , 64 bit Build 7601 (6.1.7601.17514)

CPU:total 2 (2 cores per cpu, 1 threads per core) family 6 model 23 stepping 10, cmov, cx8, fxsr, mmx, sse, sse2, sse3, ssse3, sse4.1, tsc

Memory: 4k page, physical 4192760k(981176k free), swap 8383672k(4439704k free)

vm_info: Java HotSpot(TM) 64-Bit Server VM (25.40-b25) for windows-amd64 JRE (1.8.0_40-b26), built on Mar  7 2015 13:51:59 by "java_re" with MS VC++ 10.0 (VS2010)

time: Wed May 06 10:57:03 2015
elapsed time: 18 seconds (0d 0h 0m 18s)

