#
# A fatal error has been detected by the Java Runtime Environment:
#
#  EXCEPTION_ACCESS_VIOLATION (0xc0000005) at pc=0xffffffffa3545120, pid=5216, tid=5596
#
# JRE version: Java(TM) SE Runtime Environment (8.0_40-b26) (build 1.8.0_40-b26)
# Java VM: Java HotSpot(TM) 64-Bit Server VM (25.40-b25 mixed mode windows-amd64 compressed oops)
# Problematic frame:
# C  0xffffffffa3545120
#
# Failed to write core dump. Minidumps are not enabled by default on client versions of Windows
#
# If you would like to submit a bug report, please visit:
#   http://bugreport.java.com/bugreport/crash.jsp
#

---------------  T H R E A D  ---------------

Current thread (0x00000000567bd000):  JavaThread "AWT-EventQueue-0" [_thread_in_Java, id=5596, stack(0x00000000599c0000,0x0000000059ac0000)]

siginfo: ExceptionCode=0xc0000005, ExceptionInformation=0x0000000000000008 0xffffffffa3545120

Registers:
RAX=0x000000005b030528, RBX=0x000000005b030528, RCX=0x000000005b030cb8, RDX=0x00000000226e58c0
RSP=0x0000000059ab9ae8, RBP=0x0000000059ab9b58, RSI=0x00000000730d0a53, RDI=0x0000000069676573
R8 =0x0000000000000016, R9 =0x00000000eba00bc0, R10=0x000000006e0abba0, R11=0x00000000028fd6e0
R12=0x0000000000000000, R13=0x0000000059ab9b00, R14=0x0000000059ab9b68, R15=0x00000000567bd000
RIP=0xffffffffa3545120, EFLAGS=0x0000000000010206

Top of Stack: (sp=0x0000000059ab9ae8)
0x0000000059ab9ae8:   0000000002547450 0000000059ab9b58
0x0000000059ab9af8:   0000000002547450 0000000000000016
0x0000000059ab9b08:   00000000226e58c0 00000000ce9a8542
0x0000000059ab9b18:   0000000059ab9b18 000000005b0305bf
0x0000000059ab9b28:   0000000059ab9b68 000000005b030cb8
0x0000000059ab9b38:   0000000000000000 000000005b0305c8
0x0000000059ab9b48:   0000000059ab9b00 0000000059ab9b68
0x0000000059ab9b58:   0000000059ab9bb0 0000000002547450
0x0000000059ab9b68:   00000000226e58c0 0000000059ab9b70
0x0000000059ab9b78:   000000005b0308e9 0000000059ab9c28
0x0000000059ab9b88:   000000005b030cb8 0000000000000000
0x0000000059ab9b98:   000000005b030980 0000000059ab9b68
0x0000000059ab9ba8:   0000000059ab9c30 0000000059ab9d88
0x0000000059ab9bb8:   0000000002787124 000000005454408b
0x0000000059ab9bc8:   00000000aa2cff61 0000000000000028
0x0000000059ab9bd8:   000000004119974a 00000000ec9cae4f 

Instructions: (pc=0xffffffffa3545120)
0xffffffffa3545100:   
[error occurred during error reporting (printing registers, top of stack, instructions near pc), id 0xc0000005]

Register to memory mapping:

RAX={method} {0x000000005b030530} 'lf_S' '(II)I' in 'sun/security/provider/SHA2'
RBX={method} {0x000000005b030530} 'lf_S' '(II)I' in 'sun/security/provider/SHA2'
RCX=0x000000005b030cb8 is pointing into metadata
RDX=0x00000000226e58c0 is an unknown value
RSP=0x0000000059ab9ae8 is pointing into the stack for thread: 0x00000000567bd000
RBP=0x0000000059ab9b58 is pointing into the stack for thread: 0x00000000567bd000
RSI=0x00000000730d0a53 is an unknown value
RDI=0x0000000069676573 is an unknown value
R8 =0x0000000000000016 is an unknown value
R9 =0x00000000eba00bc0 is an oop
java.lang.Class 
 - klass: 'java/lang/Class'
R10=0x000000006e0abba0 is an unknown value
R11=0x00000000028fd6e0 is at entry_point+0 in (nmethod*)0x00000000028fd590
R12=0x0000000000000000 is an unknown value
R13=0x0000000059ab9b00 is pointing into the stack for thread: 0x00000000567bd000
R14=0x0000000059ab9b68 is pointing into the stack for thread: 0x00000000567bd000
R15=0x00000000567bd000 is a thread


Stack: [0x00000000599c0000,0x0000000059ac0000],  sp=0x0000000059ab9ae8,  free space=998k
Native frames: (J=compiled Java code, j=interpreted, Vv=VM code, C=native code)
C  0xffffffffa3545120


---------------  P R O C E S S  ---------------

Java Threads: ( => current thread )
  0x0000000056987000 JavaThread "TimerQueue" daemon [_thread_blocked, id=6152, stack(0x000000005ad80000,0x000000005ae80000)]
  0x0000000056930000 JavaThread "D3D Screen Updater" daemon [_thread_blocked, id=6616, stack(0x000000005ab50000,0x000000005ac50000)]
  0x0000000001efe000 JavaThread "DestroyJavaVM" [_thread_blocked, id=1952, stack(0x0000000002170000,0x0000000002270000)]
=>0x00000000567bd000 JavaThread "AWT-EventQueue-0" [_thread_in_Java, id=5596, stack(0x00000000599c0000,0x0000000059ac0000)]
  0x00000000566f5800 JavaThread "AWT-Windows" daemon [_thread_in_native, id=6720, stack(0x00000000557e0000,0x00000000558e0000)]
  0x00000000566f5000 JavaThread "AWT-Shutdown" [_thread_blocked, id=5644, stack(0x0000000057040000,0x0000000057140000)]
  0x0000000056670000 JavaThread "Java2D Disposer" daemon [_thread_blocked, id=3896, stack(0x0000000056ef0000,0x0000000056ff0000)]
  0x0000000054b2b800 JavaThread "Service Thread" daemon [_thread_blocked, id=1892, stack(0x0000000055f90000,0x0000000056090000)]
  0x0000000054b26800 JavaThread "C1 CompilerThread1" daemon [_thread_blocked, id=6328, stack(0x0000000055cf0000,0x0000000055df0000)]
  0x0000000054aca800 JavaThread "C2 CompilerThread0" daemon [_thread_blocked, id=3344, stack(0x00000000555c0000,0x00000000556c0000)]
  0x0000000054ac9000 JavaThread "Attach Listener" daemon [_thread_blocked, id=5200, stack(0x0000000055be0000,0x0000000055ce0000)]
  0x0000000054ac7800 JavaThread "Signal Dispatcher" daemon [_thread_blocked, id=6816, stack(0x0000000055ae0000,0x0000000055be0000)]
  0x0000000054a6c000 JavaThread "Finalizer" daemon [_thread_blocked, id=4200, stack(0x00000000558f0000,0x00000000559f0000)]
  0x0000000054a65000 JavaThread "Reference Handler" daemon [_thread_blocked, id=4288, stack(0x00000000556d0000,0x00000000557d0000)]

Other Threads:
  0x0000000054a5d000 VMThread [stack: 0x0000000055490000,0x0000000055590000] [id=6112]
  0x0000000054b2c800 WatcherThread [stack: 0x00000000561a0000,0x00000000562a0000] [id=3412]

VM state:not at safepoint (normal execution)

VM Mutex/Monitor currently owned by a thread: None

Heap:
 PSYoungGen      total 18944K, used 15680K [0x00000000eab00000, 0x00000000ec000000, 0x0000000100000000)
  eden space 16384K, 95% used [0x00000000eab00000,0x00000000eba50298,0x00000000ebb00000)
  from space 2560K, 0% used [0x00000000ebd80000,0x00000000ebd80000,0x00000000ec000000)
  to   space 2560K, 0% used [0x00000000ebb00000,0x00000000ebb00000,0x00000000ebd80000)
 ParOldGen       total 44032K, used 0K [0x00000000c0000000, 0x00000000c2b00000, 0x00000000eab00000)
  object space 44032K, 0% used [0x00000000c0000000,0x00000000c0000000,0x00000000c2b00000)
 Metaspace       used 15904K, capacity 16176K, committed 16384K, reserved 1062912K
  class space    used 2104K, capacity 2204K, committed 2304K, reserved 1048576K

Card table byte_map: [0x0000000011900000,0x0000000011b10000] byte_map_base: 0x0000000011300000

Marking Bits: (ParMarkBitMap*) 0x000000006e0c4040
 Begin Bits: [0x0000000011f30000, 0x0000000012f30000)
 End Bits:   [0x0000000012f30000, 0x0000000013f30000)

Polling page: 0x00000000001c0000

CodeCache: size=245760Kb used=3832Kb max_used=3832Kb free=241927Kb
 bounds [0x0000000002540000, 0x0000000002900000, 0x0000000011540000]
 total_blobs=1718 nmethods=1186 adapters=446
 compilation: enabled

Compilation events (10 events):
Event: 3.502 Thread 0x0000000054b26800 nmethod 1182 0x00000000028fdc10 code [0x00000000028fdd80, 0x00000000028fdfd0]
Event: 3.502 Thread 0x0000000054b26800 1181       3       sun.security.util.ObjectIdentifier::hashCode (8 bytes)
Event: 3.502 Thread 0x0000000054b26800 nmethod 1181 0x00000000028fd890 code [0x00000000028fda00, 0x00000000028fdb88]
Event: 3.503 Thread 0x0000000054b26800 1183       3       sun.security.provider.SHA2::lf_S (11 bytes)
Event: 3.503 Thread 0x0000000054b26800 nmethod 1183 0x00000000028fd590 code [0x00000000028fd6e0, 0x00000000028fd830]
Event: 3.503 Thread 0x0000000054b26800 1184       3       sun.security.provider.SHA2::lf_R (4 bytes)
Event: 3.503 Thread 0x0000000054b26800 nmethod 1184 0x00000000028fd290 code [0x00000000028fd3e0, 0x00000000028fd510]
Event: 3.503 Thread 0x0000000054b26800 1185       1       sun.security.provider.SHA2::lf_S (11 bytes)
Event: 3.503 Thread 0x0000000054b26800 nmethod 1185 0x00000000028fcfd0 code [0x00000000028fd120, 0x00000000028fd230]
Event: 3.503 Thread 0x0000000054b26800 1186       3       sun.security.provider.SHA2::lf_sigma1 (21 bytes)

GC Heap History (0 events):
No events

Deoptimization events (10 events):
Event: 1.545 Thread 0x0000000001efe000 Uncommon trap: reason=bimorphic action=maybe_recompile pc=0x0000000002745018 method=java.util.HashMap.getNode(ILjava/lang/Object;)Ljava/util/HashMap$Node; @ 126
Event: 1.545 Thread 0x0000000001efe000 Uncommon trap: reason=bimorphic action=maybe_recompile pc=0x0000000002745018 method=java.util.HashMap.getNode(ILjava/lang/Object;)Ljava/util/HashMap$Node; @ 126
Event: 1.545 Thread 0x0000000001efe000 Uncommon trap: reason=bimorphic action=maybe_recompile pc=0x0000000002745018 method=java.util.HashMap.getNode(ILjava/lang/Object;)Ljava/util/HashMap$Node; @ 126
Event: 1.891 Thread 0x0000000001efe000 Uncommon trap: reason=null_check action=make_not_entrant pc=0x0000000002845d40 method=javax.swing.UIDefaults.getResourceCache(Ljava/util/Locale;)Ljava/util/Map; @ 10
Event: 1.893 Thread 0x0000000001efe000 Uncommon trap: reason=class_check action=maybe_recompile pc=0x00000000027f7d0c method=javax.swing.UIDefaults.getFromHashtable(Ljava/lang/Object;)Ljava/lang/Object; @ 92
Event: 1.893 Thread 0x0000000001efe000 Uncommon trap: reason=class_check action=maybe_recompile pc=0x00000000027f7d0c method=javax.swing.UIDefaults.getFromHashtable(Ljava/lang/Object;)Ljava/lang/Object; @ 92
Event: 1.893 Thread 0x0000000001efe000 Uncommon trap: reason=class_check action=maybe_recompile pc=0x00000000027f7d0c method=javax.swing.UIDefaults.getFromHashtable(Ljava/lang/Object;)Ljava/lang/Object; @ 92
Event: 1.893 Thread 0x0000000001efe000 Uncommon trap: reason=class_check action=maybe_recompile pc=0x00000000027f7d0c method=javax.swing.UIDefaults.getFromHashtable(Ljava/lang/Object;)Ljava/lang/Object; @ 92
Event: 2.009 Thread 0x00000000566f5800 Uncommon trap: reason=unstable_if action=reinterpret pc=0x0000000002838c20 method=sun.awt.SunToolkit.getAppContext(Ljava/lang/Object;)Lsun/awt/AppContext; @ 4
Event: 3.268 Thread 0x00000000567bd000 Uncommon trap: reason=bimorphic action=maybe_recompile pc=0x0000000002753e20 method=java.util.HashMap.getNode(ILjava/lang/Object;)Ljava/util/HashMap$Node; @ 126

Internal exceptions (10 events):
Event: 0.040 Thread 0x0000000001efe000 Exception <a 'java/lang/NoSuchMethodError': Method sun.misc.Unsafe.prefetchRead(Ljava/lang/Object;J)V name or signature does not match> (0x00000000eab0d960) thrown at [D:\re\workspace\8-2-build-windows-amd64-cygwin\jdk8u40\3098\hotspot\src\share\vm\prims\jN5±þ,‰ß?
Event: 0.493 Thread 0x0000000001efe000 Exception <a 'java/security/PrivilegedActionException'> (0x00000000eabe9f78) thrown at [D:\re\workspace\8-2-build-windows-amd64-cygwin\jdk8u40\3098\hotspot\src\share\vm\prims\jvm.cpp, line 1382]
Event: 0.493 Thread 0x0000000001efe000 Exception <a 'java/security/PrivilegedActionException'> (0x00000000eabea130) thrown at [D:\re\workspace\8-2-build-windows-amd64-cygwin\jdk8u40\3098\hotspot\src\share\vm\prims\jvm.cpp, line 1382]
Event: 0.494 Thread 0x0000000001efe000 Exception <a 'java/security/PrivilegedActionException'> (0x00000000eabedc28) thrown at [D:\re\workspace\8-2-build-windows-amd64-cygwin\jdk8u40\3098\hotspot\src\share\vm\prims\jvm.cpp, line 1382]
Event: 0.494 Thread 0x0000000001efe000 Exception <a 'java/security/PrivilegedActionException'> (0x00000000eabedde0) thrown at [D:\re\workspace\8-2-build-windows-amd64-cygwin\jdk8u40\3098\hotspot\src\share\vm\prims\jvm.cpp, line 1382]
Event: 0.531 Thread 0x0000000001efe000 Exception <a 'java/io/FileNotFoundException'> (0x00000000eacc0218) thrown at [D:\re\workspace\8-2-build-windows-amd64-cygwin\jdk8u40\3098\hotspot\src\share\vm\prims\jni.cpp, line 709]
Event: 0.571 Thread 0x0000000001efe000 Exception <a 'java/io/FileNotFoundException'> (0x00000000eace06d0) thrown at [D:\re\workspace\8-2-build-windows-amd64-cygwin\jdk8u40\3098\hotspot\src\share\vm\prims\jni.cpp, line 709]
Event: 0.620 Thread 0x0000000001efe000 Exception <a 'java/lang/NoSuchFieldError': method resolution failed> (0x00000000eadb4b60) thrown at [D:\re\workspace\8-2-build-windows-amd64-cygwin\jdk8u40\3098\hotspot\src\share\vm\prims\methodHandles.cpp, line 1125]
Event: 0.632 Thread 0x0000000001efe000 Exception <a 'java/lang/NoSuchFieldError': method resolution failed> (0x00000000eadc35a0) thrown at [D:\re\workspace\8-2-build-windows-amd64-cygwin\jdk8u40\3098\hotspot\src\share\vm\prims\methodHandles.cpp, line 1125]
Event: 1.891 Thread 0x0000000001efe000 Implicit null exception at 0x00000000028458a7 to 0x0000000002845d25

Events (10 events):
Event: 3.501 loading class java/security/interfaces/DSAKey done
Event: 3.501 loading class java/security/interfaces/DSAPublicKey done
Event: 3.501 loading class sun/security/provider/DSAPublicKey done
Event: 3.501 loading class sun/security/provider/DSAPublicKeyImpl done
Event: 3.503 loading class sun/security/rsa/RSASignature$SHA256withRSA
Event: 3.503 loading class sun/security/rsa/RSASignature$SHA256withRSA done
Event: 3.503 loading class sun/security/provider/SHA2$SHA256
Event: 3.503 loading class sun/security/provider/SHA2
Event: 3.503 loading class sun/security/provider/SHA2 done
Event: 3.503 loading class sun/security/provider/SHA2$SHA256 done


Dynamic libraries:
0x000000013f1e0000 - 0x000000013f217000 	C:\Program Files\Java\jre1.8.0_40\bin\javaw.exe
0x0000000077620000 - 0x00000000777c9000 	C:\Windows\SYSTEM32\ntdll.dll
0x0000000077400000 - 0x000000007751f000 	C:\Windows\system32\kernel32.dll
0x000007fefd7d0000 - 0x000007fefd83b000 	C:\Windows\system32\KERNELBASE.dll
0x000007fefdf20000 - 0x000007fefdffb000 	C:\Windows\system32\ADVAPI32.dll
0x000007feff760000 - 0x000007feff7ff000 	C:\Windows\system32\msvcrt.dll
0x000007fefda70000 - 0x000007fefda8f000 	C:\Windows\SYSTEM32\sechost.dll
0x000007fefd940000 - 0x000007fefda6d000 	C:\Windows\system32\RPCRT4.dll
0x0000000077520000 - 0x000000007761a000 	C:\Windows\system32\USER32.dll
0x000007fefde70000 - 0x000007fefded7000 	C:\Windows\system32\GDI32.dll
0x000007fefdf10000 - 0x000007fefdf1e000 	C:\Windows\system32\LPK.dll
0x000007fefe810000 - 0x000007fefe8d9000 	C:\Windows\system32\USP10.dll
0x000007fefc120000 - 0x000007fefc314000 	C:\Windows\WinSxS\amd64_microsoft.windows.common-controls_6595b64144ccf1df_6.0.7601.17514_none_fa396087175ac9ac\COMCTL32.dll
0x000007fefdd50000 - 0x000007fefddc1000 	C:\Windows\system32\SHLWAPI.dll
0x000007fefdee0000 - 0x000007fefdf0e000 	C:\Windows\system32\IMM32.DLL
0x000007fefe020000 - 0x000007fefe129000 	C:\Windows\system32\MSCTF.dll
0x0000000075310000 - 0x0000000075348000 	C:\PROGRA~2\Sophos\SOPHOS~1\SOPHOS~2.DLL
0x00000000777e0000 - 0x00000000777e7000 	C:\Windows\system32\PSAPI.DLL
0x000000006d7e0000 - 0x000000006d8b2000 	C:\Program Files\Java\jre1.8.0_40\bin\msvcr100.dll
0x000000006d8c0000 - 0x000000006e143000 	C:\Program Files\Java\jre1.8.0_40\bin\server\jvm.dll
0x000007fedae60000 - 0x000007fedae69000 	C:\Windows\system32\WSOCK32.dll
0x000007fefe980000 - 0x000007fefe9cd000 	C:\Windows\system32\WS2_32.dll
0x000007fefe1b0000 - 0x000007fefe1b8000 	C:\Windows\system32\NSI.dll
0x000007fefb180000 - 0x000007fefb1bb000 	C:\Windows\system32\WINMM.dll
0x000007fefc6f0000 - 0x000007fefc6fc000 	C:\Windows\system32\VERSION.dll
0x0000000070170000 - 0x000000007017f000 	C:\Program Files\Java\jre1.8.0_40\bin\verify.dll
0x0000000070140000 - 0x0000000070169000 	C:\Program Files\Java\jre1.8.0_40\bin\java.dll
0x000000006fc60000 - 0x000000006fc76000 	C:\Program Files\Java\jre1.8.0_40\bin\zip.dll
0x000007fefe9d0000 - 0x000007feff758000 	C:\Windows\system32\SHELL32.dll
0x000007fefe2a0000 - 0x000007fefe4a3000 	C:\Windows\system32\ole32.dll
0x000007fefd570000 - 0x000007fefd57f000 	C:\Windows\system32\profapi.dll
0x000000006d640000 - 0x000000006d7d8000 	C:\Program Files\Java\jre1.8.0_40\bin\awt.dll
0x000007fefe1c0000 - 0x000007fefe297000 	C:\Windows\system32\OLEAUT32.dll
0x000007fefb860000 - 0x000007fefb878000 	C:\Windows\system32\DWMAPI.DLL
0x000007fefbef0000 - 0x000007fefbf46000 	C:\Windows\system32\uxtheme.dll
0x000007fefd4a0000 - 0x000007fefd4af000 	C:\Windows\system32\CRYPTBASE.dll
0x000007fee1360000 - 0x000007fee155f000 	C:\Windows\system32\d3d9.dll
0x000007fefad60000 - 0x000007fefad67000 	C:\Windows\system32\d3d8thk.dll
0x000007fed7f70000 - 0x000007fed8fdd000 	C:\Windows\system32\nvd3dumx.dll
0x000007fefbac0000 - 0x000007fefbaec000 	C:\Windows\system32\powrprof.dll
0x000007fefe4b0000 - 0x000007fefe687000 	C:\Windows\system32\SETUPAPI.dll
0x000007fefd620000 - 0x000007fefd656000 	C:\Windows\system32\CFGMGR32.dll
0x000007fefd840000 - 0x000007fefd85a000 	C:\Windows\system32\DEVOBJ.dll
0x000007fedfb80000 - 0x000007fedfcec000 	C:\Program Files (x86)\NVIDIA Corporation\3D Vision\nvSCPAPI64.dll
0x000007fef00d0000 - 0x000007fef041d000 	C:\Windows\system32\nvapi64.dll
0x000007fefd900000 - 0x000007fefd93a000 	C:\Windows\system32\WINTRUST.dll
0x000007fefd660000 - 0x000007fefd7c7000 	C:\Windows\system32\CRYPT32.dll
0x000007fefd610000 - 0x000007fefd61f000 	C:\Windows\system32\MSASN1.dll
0x000000006f840000 - 0x000000006f887000 	C:\Program Files\Java\jre1.8.0_40\bin\fontmanager.dll
0x000000006f8b0000 - 0x000000006f8ca000 	C:\Program Files\Java\jre1.8.0_40\bin\net.dll
0x000007fefc700000 - 0x000007fefc72d000 	C:\ProgramData\Sophos\Web Intelligence\swi_ifslsp_64.dll
0x000007fefcda0000 - 0x000007fefcdf5000 	C:\Windows\system32\mswsock.dll
0x000007fefcd90000 - 0x000007fefcd97000 	C:\Windows\System32\wship6.dll
0x000000006f890000 - 0x000000006f8a1000 	C:\Program Files\Java\jre1.8.0_40\bin\nio.dll
0x000000006f7f0000 - 0x000000006f831000 	C:\Program Files\Java\jre1.8.0_40\bin\t2k.dll
0x000007fefce00000 - 0x000007fefce17000 	C:\Windows\system32\CRYPTSP.dll
0x000007fefcb00000 - 0x000007fefcb47000 	C:\Windows\system32\rsaenh.dll
0x000007fefc850000 - 0x000007fefc86e000 	C:\Windows\system32\USERENV.dll
0x000007fefbf50000 - 0x000007fefbf77000 	C:\Windows\system32\IPHLPAPI.DLL
0x000007fefc6e0000 - 0x000007fefc6eb000 	C:\Windows\system32\WINNSI.DLL
0x000007fefa650000 - 0x000007fefa661000 	C:\Windows\system32\dhcpcsvc6.DLL
0x000007fefa630000 - 0x000007fefa648000 	C:\Windows\system32\dhcpcsvc.DLL
0x000007fefe8e0000 - 0x000007fefe979000 	C:\Windows\system32\CLBCatQ.DLL
0x000007fefb6c0000 - 0x000007fefb7ea000 	C:\Windows\system32\WindowsCodecs.dll
0x000007fefd440000 - 0x000007fefd497000 	C:\Windows\system32\apphelp.dll
0x000007feee650000 - 0x000007feee68f000 	C:\Users\boseleya\AppData\Local\Microsoft\SkyDrive\17.0.4035.0328\amd64\SkyDriveShell64.dll
0x000007feee390000 - 0x000007feee437000 	C:\Users\boseleya\AppData\Local\Microsoft\SkyDrive\17.0.4035.0328\amd64\MSVCP110.dll
0x000007feee7c0000 - 0x000007feee88e000 	C:\Users\boseleya\AppData\Local\Microsoft\SkyDrive\17.0.4035.0328\amd64\MSVCR110.dll
0x000007feff800000 - 0x000007feff92a000 	C:\Windows\system32\WININET.dll
0x000007fefe690000 - 0x000007fefe808000 	C:\Windows\system32\urlmon.dll
0x000007fefdaf0000 - 0x000007fefdd49000 	C:\Windows\system32\iertutil.dll
0x000007feee150000 - 0x000007feee38d000 	C:\PROGRA~1\MICROS~2\Office15\GROOVEEX.DLL
0x0000000073010000 - 0x00000000730a8000 	C:\Windows\system32\MSVCP100.dll
0x0000000070fd0000 - 0x0000000070ffb000 	C:\Windows\system32\ATL100.DLL
0x000007fefa750000 - 0x000007fefaa66000 	C:\Windows\system32\msi.dll
0x000007feebc40000 - 0x000007feec4bd000 	C:\PROGRA~1\MICROS~2\Office15\1033\GrooveIntlResource.dll
0x000007feee780000 - 0x000007feee7b5000 	C:\Windows\system32\EhStorShell.dll
0x000007fefb940000 - 0x000007fefba6c000 	C:\Windows\system32\PROPSYS.dll
0x000007feee700000 - 0x000007feee77e000 	C:\Windows\System32\cscui.dll
0x000007feee6f0000 - 0x000007feee6fc000 	C:\Windows\System32\CSCDLL.dll
0x000007fef4950000 - 0x000007fef495f000 	C:\Windows\system32\CSCAPI.dll
0x000007feedbd0000 - 0x000007feedc50000 	C:\Windows\system32\ntshrui.dll
0x000007fefd080000 - 0x000007fefd0a3000 	C:\Windows\system32\srvcli.dll
0x000007fefaf20000 - 0x000007fefaf2b000 	C:\Windows\system32\slc.dll
0x000007fefc6d0000 - 0x000007fefc6d7000 	C:\Windows\System32\wshtcpip.dll
0x000007fefa130000 - 0x000007fefa15f000 	C:\Program Files\Common Files\Microsoft Shared\Windows Live\WLIDNSP.DLL
0x000007fefcc20000 - 0x000007fefcc7b000 	C:\Windows\system32\DNSAPI.dll
0x000007fefa120000 - 0x000007fefa128000 	C:\Windows\system32\rasadhlp.dll
0x000007fefa5a0000 - 0x000007fefa5f3000 	C:\Windows\System32\fwpuclnt.dll
0x000007fee0da0000 - 0x000007fee0ec5000 	C:\Windows\system32\dbghelp.dll

VM Arguments:
jvm_args: -Dfile.encoding=Cp1252 
java_command: com.bookingsystem.startup.BookingSystemMain
java_class_path (initial): C:\Users\boseleya\Documents\GitHub\java-bs\Booking System\out\production\Booking System;C:\Users\boseleya\Documents\GitHub\java-bs\Booking System\apache-rat-0.6.jar;C:\Users\boseleya\Downloads\Jar\commons-codec-1.10.jar;C:\Users\boseleya\Downloads\Jar\jdatepicker-1.3.4.jar;C:\Users\boseleya\Downloads\Jar\poi-bin-3.11-20141221\poi-3.11\poi-3.11-20141221.jar;C:\Users\boseleya\Downloads\Jar\poi-bin-3.11-20141221\poi-3.11\poi-ooxml-3.11-20141221.jar;C:\Users\boseleya\Downloads\Jar\poi-bin-3.11-20141221\poi-3.11\poi-ooxml-schemas-3.11-20141221.jar;C:\Users\boseleya\Downloads\Jar\poi-bin-3.11-20141221\poi-3.11\ooxml-lib\xmlbeans-2.6.0.jar;C:\Users\boseleya\Downloads\Microsoft JDBC Driver 4.0 for SQL Server\sqljdbc_4.0\enu\sqljdbc4.jar
Launcher Type: SUN_STANDARD

Environment Variables:
PATH=C:/Program Files/Java/jre1.8.0_40/bin/server;C:/Program Files/Java/jre1.8.0_40/bin;C:/Program Files/Java/jre1.8.0_40/lib/amd64;C:\Program Files\Common Files\Microsoft Shared\Windows Live;C:\Program Files (x86)\Common Files\Microsoft Shared\Windows Live;C:\Program Files (x86)\NVIDIA Corporation\PhysX\Common;C:\Windows\system32;C:\Windows;C:\Windows\System32\Wbem;C:\Windows\System32\WindowsPowerShell\v1.0\;C:\Program Files (x86)\Windows Live\Shared;C:\Program Files\Java\jdk1.7.0_75\bin;c:\Program Files (x86)\Microsoft SQL Server\110\Tools\Binn\;c:\Program Files\Microsoft SQL Server\110\Tools\Binn\;c:\Program Files\Microsoft SQL Server\110\DTS\Binn\;c:\Program Files (x86)\Microsoft SQL Server\110\Tools\Binn\ManagementStudio\;c:\Program Files (x86)\Microsoft SQL Server\110\DTS\Binn\;C:\Users\boseleya\Documents\Eclipse IDE\eclipse;
USERNAME=boseleya
OS=Windows_NT
PROCESSOR_IDENTIFIER=Intel64 Family 6 Model 23 Stepping 10, GenuineIntel



---------------  S Y S T E M  ---------------

OS: Windows 7 , 64 bit Build 7601 (6.1.7601.17514)

CPU:total 2 (2 cores per cpu, 1 threads per core) family 6 model 23 stepping 10, cmov, cx8, fxsr, mmx, sse, sse2, sse3, ssse3, sse4.1, tsc

Memory: 4k page, physical 4192760k(856496k free), swap 8383672k(3874380k free)

vm_info: Java HotSpot(TM) 64-Bit Server VM (25.40-b25) for windows-amd64 JRE (1.8.0_40-b26), built on Mar  7 2015 13:51:59 by "java_re" with MS VC++ 10.0 (VS2010)

time: Fri May 22 14:52:31 2015
elapsed time: 3 seconds (0d 0h 0m 3s)

