#
# A fatal error has been detected by the Java Runtime Environment:
#
#  EXCEPTION_ACCESS_VIOLATION (0xc0000005) at pc=0xffffffffa3595120, pid=7268, tid=12404
#
# JRE version: Java(TM) SE Runtime Environment (8.0_40-b26) (build 1.8.0_40-b26)
# Java VM: Java HotSpot(TM) 64-Bit Server VM (25.40-b25 mixed mode windows-amd64 compressed oops)
# Problematic frame:
# C  0xffffffffa3595120
#
# Failed to write core dump. Minidumps are not enabled by default on client versions of Windows
#
# If you would like to submit a bug report, please visit:
#   http://bugreport.java.com/bugreport/crash.jsp
#

---------------  T H R E A D  ---------------

Current thread (0x000000005927c000):  JavaThread "AWT-EventQueue-0" [_thread_in_Java, id=12404, stack(0x0000000059c00000,0x0000000059d00000)]

siginfo: ExceptionCode=0xc0000005, ExceptionInformation=0x0000000000000008 0xffffffffa3595120

Registers:
RAX=0x000000005b65aea0, RBX=0x000000005b65aea0, RCX=0x000000005b65b758, RDX=0x000000003cd62f46
RSP=0x0000000059cf98e8, RBP=0x0000000059cf9960, RSI=0x0000000058bd18f3, RDI=0x00000000000194d0
R8 =0x00000000d1185281, R9 =0x000000000ac3632c, R10=0x000000006ddcbba0, R11=0x0000000002923e20
R12=0x0000000000000000, R13=0x0000000059cf9900, R14=0x0000000059cf99d8, R15=0x000000005927c000
RIP=0xffffffffa3595120, EFLAGS=0x0000000000010206

Top of Stack: (sp=0x0000000059cf98e8)
0x0000000059cf98e8:   0000000002597450 0000000059cf9960
0x0000000059cf98f8:   0000000002597450 000000000ac3632c
0x0000000059cf9908:   00000000d1185281 000000003cd62f46
0x0000000059cf9918:   00000000adb97593 0000000059cf9920
0x0000000059cf9928:   000000005b65b391 0000000059cf99d8
0x0000000059cf9938:   000000005b65b758 0000000000000000
0x0000000059cf9948:   000000005b65b420 0000000059cf9900
0x0000000059cf9958:   0000000059cf99e0 0000000059cf9b38
0x0000000059cf9968:   00000000027d8964 00000000534aded2
0x0000000059cf9978:   00000000d363983e 0000000000000006
0x0000000059cf9988:   00000000de533af7 00000000af2faafe
0x0000000059cf9998:   00000000c970bdfd 00000000cfaef9f8
0x0000000059cf99a8:   00000000d24c01be 000000000ac3632c
0x0000000059cf99b8:   00000000d1185281 000000003cd62f46
0x0000000059cf99c8:   0000000000000840 00000000eb9d9140
0x0000000059cf99d8:   00000000eb9ff578 00000000eb9ff798 

Instructions: (pc=0xffffffffa3595120)
0xffffffffa3595100:   
[error occurred during error reporting (printing registers, top of stack, instructions near pc), id 0xc0000005]

Register to memory mapping:

RAX={method} {0x000000005b65aea8} 'lf_maj' '(III)I' in 'sun/security/provider/SHA2'
RBX={method} {0x000000005b65aea8} 'lf_maj' '(III)I' in 'sun/security/provider/SHA2'
RCX=0x000000005b65b758 is pointing into metadata
RDX=0x000000003cd62f46 is an unknown value
RSP=0x0000000059cf98e8 is pointing into the stack for thread: 0x000000005927c000
RBP=0x0000000059cf9960 is pointing into the stack for thread: 0x000000005927c000
RSI=0x0000000058bd18f3 is an unknown value
RDI=0x00000000000194d0 is an unknown value
R8 =0x00000000d1185281 is an unallocated location in the heap
R9 =0x000000000ac3632c is an unknown value
R10=0x000000006ddcbba0 is an unknown value
R11=0x0000000002923e20 is at entry_point+0 in (nmethod*)0x0000000002923cd0
R12=0x0000000000000000 is an unknown value
R13=0x0000000059cf9900 is pointing into the stack for thread: 0x000000005927c000
R14=0x0000000059cf99d8 is pointing into the stack for thread: 0x000000005927c000
R15=0x000000005927c000 is a thread


Stack: [0x0000000059c00000,0x0000000059d00000],  sp=0x0000000059cf98e8,  free space=998k
Native frames: (J=compiled Java code, j=interpreted, Vv=VM code, C=native code)
C  0xffffffffa3595120


---------------  P R O C E S S  ---------------

Java Threads: ( => current thread )
  0x00000000594a5800 JavaThread "TimerQueue" daemon [_thread_blocked, id=15864, stack(0x000000005b3b0000,0x000000005b4b0000)]
  0x0000000059440800 JavaThread "D3D Screen Updater" daemon [_thread_blocked, id=11016, stack(0x000000005b190000,0x000000005b290000)]
  0x0000000001c7e000 JavaThread "DestroyJavaVM" [_thread_blocked, id=16128, stack(0x00000000021c0000,0x00000000022c0000)]
=>0x000000005927c000 JavaThread "AWT-EventQueue-0" [_thread_in_Java, id=12404, stack(0x0000000059c00000,0x0000000059d00000)]
  0x00000000564fb000 JavaThread "AWT-Windows" daemon [_thread_in_native, id=15564, stack(0x0000000056890000,0x0000000056990000)]
  0x00000000564f6800 JavaThread "AWT-Shutdown" [_thread_blocked, id=15924, stack(0x0000000056570000,0x0000000056670000)]
  0x00000000564f3000 JavaThread "Java2D Disposer" daemon [_thread_blocked, id=5252, stack(0x00000000566d0000,0x00000000567d0000)]
  0x0000000054ab8000 JavaThread "Service Thread" daemon [_thread_blocked, id=16252, stack(0x0000000055ea0000,0x0000000055fa0000)]
  0x0000000054ab3800 JavaThread "C1 CompilerThread1" daemon [_thread_blocked, id=14232, stack(0x0000000055d70000,0x0000000055e70000)]
  0x0000000054a5a800 JavaThread "C2 CompilerThread0" daemon [_thread_blocked, id=13872, stack(0x0000000055c30000,0x0000000055d30000)]
  0x0000000054a59000 JavaThread "Attach Listener" daemon [_thread_blocked, id=13368, stack(0x0000000055b10000,0x0000000055c10000)]
  0x0000000054a57800 JavaThread "Signal Dispatcher" daemon [_thread_blocked, id=15976, stack(0x00000000559c0000,0x0000000055ac0000)]
  0x00000000549fc000 JavaThread "Finalizer" daemon [_thread_blocked, id=7904, stack(0x0000000055480000,0x0000000055580000)]
  0x00000000549f5000 JavaThread "Reference Handler" daemon [_thread_blocked, id=2952, stack(0x00000000557b0000,0x00000000558b0000)]

Other Threads:
  0x00000000549ed000 VMThread [stack: 0x0000000055640000,0x0000000055740000] [id=14548]
  0x0000000054abd000 WatcherThread [stack: 0x0000000056030000,0x0000000056130000] [id=8160]

VM state:not at safepoint (normal execution)

VM Mutex/Monitor currently owned by a thread: None

Heap:
 PSYoungGen      total 18944K, used 15539K [0x00000000eab00000, 0x00000000ec000000, 0x0000000100000000)
  eden space 16384K, 94% used [0x00000000eab00000,0x00000000eba2ced0,0x00000000ebb00000)
  from space 2560K, 0% used [0x00000000ebd80000,0x00000000ebd80000,0x00000000ec000000)
  to   space 2560K, 0% used [0x00000000ebb00000,0x00000000ebb00000,0x00000000ebd80000)
 ParOldGen       total 44032K, used 0K [0x00000000c0000000, 0x00000000c2b00000, 0x00000000eab00000)
  object space 44032K, 0% used [0x00000000c0000000,0x00000000c0000000,0x00000000c2b00000)
 Metaspace       used 15888K, capacity 16112K, committed 16384K, reserved 1062912K
  class space    used 2111K, capacity 2204K, committed 2304K, reserved 1048576K

Card table byte_map: [0x0000000011950000,0x0000000011b60000] byte_map_base: 0x0000000011350000

Marking Bits: (ParMarkBitMap*) 0x000000006dde4040
 Begin Bits: [0x0000000011ec0000, 0x0000000012ec0000)
 End Bits:   [0x0000000012ec0000, 0x0000000013ec0000)

Polling page: 0x0000000001c50000

CodeCache: size=245760Kb used=3660Kb max_used=3660Kb free=242099Kb
 bounds [0x0000000002590000, 0x0000000002930000, 0x0000000011590000]
 total_blobs=1655 nmethods=1123 adapters=446
 compilation: enabled

Compilation events (10 events):
Event: 2.662 Thread 0x0000000054ab3800 nmethod 1122 0x0000000002923fd0 code [0x0000000002924120, 0x0000000002924210]
Event: 2.662 Thread 0x0000000054ab3800 1117       3       sun.security.provider.SHA2::lf_ch (10 bytes)
Event: 2.662 Thread 0x0000000054ab3800 nmethod 1117 0x0000000002924250 code [0x00000000029243a0, 0x00000000029244f0]
Event: 2.662 Thread 0x0000000054ab3800 1118       3       sun.security.provider.SHA2::lf_delta1 (21 bytes)
Event: 2.662 Thread 0x0000000054ab3800 nmethod 1118 0x0000000002924550 code [0x00000000029246c0, 0x0000000002924930]
Event: 2.662 Thread 0x0000000054ab3800 1121       3       sun.security.provider.SHA2::lf_delta0 (20 bytes)
Event: 2.663 Thread 0x0000000054ab3800 nmethod 1121 0x0000000002924a10 code [0x0000000002924b80, 0x0000000002924df0]
Event: 2.663 Thread 0x0000000054ab3800 1124       1       sun.security.provider.SHA2::lf_maj (12 bytes)
Event: 2.663 Thread 0x0000000054ab3800 nmethod 1124 0x0000000002924ed0 code [0x0000000002925020, 0x0000000002925110]
Event: 2.663 Thread 0x0000000054ab3800 1123       1       sun.security.provider.SHA2::lf_ch (10 bytes)

GC Heap History (0 events):
No events

Deoptimization events (10 events):
Event: 0.895 Thread 0x0000000001c7e000 Uncommon trap: reason=bimorphic action=maybe_recompile pc=0x000000000278f1d8 method=java.util.HashMap.getNode(ILjava/lang/Object;)Ljava/util/HashMap$Node; @ 126
Event: 0.896 Thread 0x0000000001c7e000 Uncommon trap: reason=bimorphic action=maybe_recompile pc=0x000000000278f1d8 method=java.util.HashMap.getNode(ILjava/lang/Object;)Ljava/util/HashMap$Node; @ 126
Event: 0.896 Thread 0x0000000001c7e000 Uncommon trap: reason=bimorphic action=maybe_recompile pc=0x000000000278f1d8 method=java.util.HashMap.getNode(ILjava/lang/Object;)Ljava/util/HashMap$Node; @ 126
Event: 1.180 Thread 0x0000000001c7e000 Uncommon trap: reason=null_check action=make_not_entrant pc=0x0000000002853498 method=javax.swing.UIDefaults.getResourceCache(Ljava/util/Locale;)Ljava/util/Map; @ 10
Event: 1.188 Thread 0x0000000001c7e000 Uncommon trap: reason=class_check action=maybe_recompile pc=0x0000000002823f4c method=javax.swing.UIDefaults.getFromHashtable(Ljava/lang/Object;)Ljava/lang/Object; @ 92
Event: 1.188 Thread 0x0000000001c7e000 Uncommon trap: reason=class_check action=maybe_recompile pc=0x0000000002823f4c method=javax.swing.UIDefaults.getFromHashtable(Ljava/lang/Object;)Ljava/lang/Object; @ 92
Event: 1.188 Thread 0x0000000001c7e000 Uncommon trap: reason=class_check action=maybe_recompile pc=0x0000000002823f4c method=javax.swing.UIDefaults.getFromHashtable(Ljava/lang/Object;)Ljava/lang/Object; @ 92
Event: 1.188 Thread 0x0000000001c7e000 Uncommon trap: reason=class_check action=maybe_recompile pc=0x0000000002823f4c method=javax.swing.UIDefaults.getFromHashtable(Ljava/lang/Object;)Ljava/lang/Object; @ 92
Event: 1.322 Thread 0x000000005927c000 Uncommon trap: reason=unstable_if action=reinterpret pc=0x00000000028504a0 method=sun.awt.SunToolkit.getAppContext(Ljava/lang/Object;)Lsun/awt/AppContext; @ 4
Event: 2.493 Thread 0x000000005927c000 Uncommon trap: reason=bimorphic action=maybe_recompile pc=0x000000000279d320 method=java.util.HashMap.getNode(ILjava/lang/Object;)Ljava/util/HashMap$Node; @ 126

Internal exceptions (10 events):
Event: 0.284 Thread 0x0000000001c7e000 Exception <a 'java/lang/NoSuchMethodError': Method sun.misc.Unsafe.prefetchRead(Ljava/lang/Object;J)V name or signature does not match> (0x00000000eab0d8e0) thrown at [D:\re\workspace\8-2-build-windows-amd64-cygwin\jdk8u40\3098\hotspot\src\share\vm\prims\jX„`‘÷?
Event: 0.357 Thread 0x0000000001c7e000 Exception <a 'java/security/PrivilegedActionException'> (0x00000000eabe9e50) thrown at [D:\re\workspace\8-2-build-windows-amd64-cygwin\jdk8u40\3098\hotspot\src\share\vm\prims\jvm.cpp, line 1382]
Event: 0.357 Thread 0x0000000001c7e000 Exception <a 'java/security/PrivilegedActionException'> (0x00000000eabea008) thrown at [D:\re\workspace\8-2-build-windows-amd64-cygwin\jdk8u40\3098\hotspot\src\share\vm\prims\jvm.cpp, line 1382]
Event: 0.358 Thread 0x0000000001c7e000 Exception <a 'java/security/PrivilegedActionException'> (0x00000000eabedb00) thrown at [D:\re\workspace\8-2-build-windows-amd64-cygwin\jdk8u40\3098\hotspot\src\share\vm\prims\jvm.cpp, line 1382]
Event: 0.358 Thread 0x0000000001c7e000 Exception <a 'java/security/PrivilegedActionException'> (0x00000000eabedcb8) thrown at [D:\re\workspace\8-2-build-windows-amd64-cygwin\jdk8u40\3098\hotspot\src\share\vm\prims\jvm.cpp, line 1382]
Event: 0.396 Thread 0x0000000001c7e000 Exception <a 'java/io/FileNotFoundException'> (0x00000000eacc00d0) thrown at [D:\re\workspace\8-2-build-windows-amd64-cygwin\jdk8u40\3098\hotspot\src\share\vm\prims\jni.cpp, line 709]
Event: 0.420 Thread 0x0000000001c7e000 Exception <a 'java/io/FileNotFoundException'> (0x00000000eace0588) thrown at [D:\re\workspace\8-2-build-windows-amd64-cygwin\jdk8u40\3098\hotspot\src\share\vm\prims\jni.cpp, line 709]
Event: 0.468 Thread 0x0000000001c7e000 Exception <a 'java/lang/NoSuchFieldError': method resolution failed> (0x00000000eadb48a0) thrown at [D:\re\workspace\8-2-build-windows-amd64-cygwin\jdk8u40\3098\hotspot\src\share\vm\prims\methodHandles.cpp, line 1125]
Event: 0.479 Thread 0x0000000001c7e000 Exception <a 'java/lang/NoSuchFieldError': method resolution failed> (0x00000000eadc32e0) thrown at [D:\re\workspace\8-2-build-windows-amd64-cygwin\jdk8u40\3098\hotspot\src\share\vm\prims\methodHandles.cpp, line 1125]
Event: 1.180 Thread 0x0000000001c7e000 Implicit null exception at 0x0000000002853003 to 0x000000000285348d

Events (10 events):
Event: 2.657 loading class java/security/interfaces/DSAKey done
Event: 2.660 loading class java/security/interfaces/DSAPublicKey done
Event: 2.660 loading class sun/security/provider/DSAPublicKey done
Event: 2.660 loading class sun/security/provider/DSAPublicKeyImpl done
Event: 2.661 loading class sun/security/rsa/RSASignature$SHA256withRSA
Event: 2.661 loading class sun/security/rsa/RSASignature$SHA256withRSA done
Event: 2.661 loading class sun/security/provider/SHA2$SHA256
Event: 2.661 loading class sun/security/provider/SHA2
Event: 2.661 loading class sun/security/provider/SHA2 done
Event: 2.661 loading class sun/security/provider/SHA2$SHA256 done


Dynamic libraries:
0x000000013fd80000 - 0x000000013fdb7000 	C:\Program Files\Java\jre1.8.0_40\bin\javaw.exe
0x0000000077320000 - 0x00000000774c9000 	C:\Windows\SYSTEM32\ntdll.dll
0x0000000077100000 - 0x000000007721f000 	C:\Windows\system32\kernel32.dll
0x000007fefd320000 - 0x000007fefd38b000 	C:\Windows\system32\KERNELBASE.dll
0x000007fefdf40000 - 0x000007fefe01b000 	C:\Windows\system32\ADVAPI32.dll
0x000007fefe230000 - 0x000007fefe2cf000 	C:\Windows\system32\msvcrt.dll
0x000007fefdba0000 - 0x000007fefdbbf000 	C:\Windows\SYSTEM32\sechost.dll
0x000007feff500000 - 0x000007feff62d000 	C:\Windows\system32\RPCRT4.dll
0x0000000077220000 - 0x000000007731a000 	C:\Windows\system32\USER32.dll
0x000007fefd8f0000 - 0x000007fefd957000 	C:\Windows\system32\GDI32.dll
0x000007fefdde0000 - 0x000007fefddee000 	C:\Windows\system32\LPK.dll
0x000007fefddf0000 - 0x000007fefdeb9000 	C:\Windows\system32\USP10.dll
0x000007fefbc20000 - 0x000007fefbe14000 	C:\Windows\WinSxS\amd64_microsoft.windows.common-controls_6595b64144ccf1df_6.0.7601.17514_none_fa396087175ac9ac\COMCTL32.dll
0x000007feff3d0000 - 0x000007feff441000 	C:\Windows\system32\SHLWAPI.dll
0x000007fefd640000 - 0x000007fefd66e000 	C:\Windows\system32\IMM32.DLL
0x000007feff140000 - 0x000007feff249000 	C:\Windows\system32\MSCTF.dll
0x0000000075010000 - 0x0000000075048000 	C:\PROGRA~2\Sophos\SOPHOS~1\SOPHOS~2.DLL
0x00000000774f0000 - 0x00000000774f7000 	C:\Windows\system32\PSAPI.DLL
0x0000000070900000 - 0x00000000709d2000 	C:\Program Files\Java\jre1.8.0_40\bin\msvcr100.dll
0x000000006d5e0000 - 0x000000006de63000 	C:\Program Files\Java\jre1.8.0_40\bin\server\jvm.dll
0x000007fefb890000 - 0x000007fefb899000 	C:\Windows\system32\WSOCK32.dll
0x000007fefdd90000 - 0x000007fefdddd000 	C:\Windows\system32\WS2_32.dll
0x000007feff450000 - 0x000007feff458000 	C:\Windows\system32\NSI.dll
0x000007fefae50000 - 0x000007fefae8b000 	C:\Windows\system32\WINMM.dll
0x000007fefc7a0000 - 0x000007fefc7ac000 	C:\Windows\system32\VERSION.dll
0x0000000070f10000 - 0x0000000070f1f000 	C:\Program Files\Java\jre1.8.0_40\bin\verify.dll
0x0000000070a10000 - 0x0000000070a39000 	C:\Program Files\Java\jre1.8.0_40\bin\java.dll
0x0000000070e80000 - 0x0000000070e96000 	C:\Program Files\Java\jre1.8.0_40\bin\zip.dll
0x000007fefe3b0000 - 0x000007feff138000 	C:\Windows\system32\SHELL32.dll
0x000007fefe020000 - 0x000007fefe223000 	C:\Windows\system32\ole32.dll
0x000007fefd270000 - 0x000007fefd27f000 	C:\Windows\system32\profapi.dll
0x000000006e870000 - 0x000000006ea08000 	C:\Program Files\Java\jre1.8.0_40\bin\awt.dll
0x000007fefe2d0000 - 0x000007fefe3a7000 	C:\Windows\system32\OLEAUT32.dll
0x000007fefb6c0000 - 0x000007fefb6d8000 	C:\Windows\system32\DWMAPI.DLL
0x000007fefbbc0000 - 0x000007fefbc16000 	C:\Windows\system32\uxtheme.dll
0x000007fefd140000 - 0x000007fefd14f000 	C:\Windows\system32\CRYPTBASE.dll
0x000007fed9740000 - 0x000007fed993f000 	C:\Windows\system32\d3d9.dll
0x000007fefa9d0000 - 0x000007fefa9d7000 	C:\Windows\system32\d3d8thk.dll
0x000007fed3690000 - 0x000007fed46fd000 	C:\Windows\system32\nvd3dumx.dll
0x000007fefb740000 - 0x000007fefb76c000 	C:\Windows\system32\powrprof.dll
0x000007fefd960000 - 0x000007fefdb37000 	C:\Windows\system32\SETUPAPI.dll
0x000007fefd600000 - 0x000007fefd636000 	C:\Windows\system32\CFGMGR32.dll
0x000007fefd390000 - 0x000007fefd3aa000 	C:\Windows\system32\DEVOBJ.dll
0x000007fee8f60000 - 0x000007fee90cc000 	C:\Program Files (x86)\NVIDIA Corporation\3D Vision\nvSCPAPI64.dll
0x000007fef2e30000 - 0x000007fef317d000 	C:\Windows\system32\nvapi64.dll
0x000007fefd5c0000 - 0x000007fefd5fa000 	C:\Windows\system32\WINTRUST.dll
0x000007fefd450000 - 0x000007fefd5b7000 	C:\Windows\system32\CRYPT32.dll
0x000007fefd310000 - 0x000007fefd31f000 	C:\Windows\system32\MSASN1.dll
0x0000000071190000 - 0x00000000711d7000 	C:\Program Files\Java\jre1.8.0_40\bin\fontmanager.dll
0x0000000070e40000 - 0x0000000070e5a000 	C:\Program Files\Java\jre1.8.0_40\bin\net.dll
0x000007fefc3e0000 - 0x000007fefc40d000 	C:\ProgramData\Sophos\Web Intelligence\swi_ifslsp_64.dll
0x000007fefcaa0000 - 0x000007fefcaf5000 	C:\Windows\system32\mswsock.dll
0x000007fefca90000 - 0x000007fefca97000 	C:\Windows\System32\wship6.dll
0x0000000070660000 - 0x0000000070671000 	C:\Program Files\Java\jre1.8.0_40\bin\nio.dll
0x0000000071140000 - 0x0000000071181000 	C:\Program Files\Java\jre1.8.0_40\bin\t2k.dll
0x000007fefccb0000 - 0x000007fefccc7000 	C:\Windows\system32\CRYPTSP.dll
0x000007fefc7e0000 - 0x000007fefc827000 	C:\Windows\system32\rsaenh.dll
0x000007fefc530000 - 0x000007fefc54e000 	C:\Windows\system32\USERENV.dll
0x000007fefbf60000 - 0x000007fefbf87000 	C:\Windows\system32\IPHLPAPI.DLL
0x000007fefc620000 - 0x000007fefc62b000 	C:\Windows\system32\WINNSI.DLL
0x000007fefa250000 - 0x000007fefa261000 	C:\Windows\system32\dhcpcsvc6.DLL
0x000007fefa230000 - 0x000007fefa248000 	C:\Windows\system32\dhcpcsvc.DLL
0x000007feff460000 - 0x000007feff4f9000 	C:\Windows\system32\CLBCatQ.DLL
0x000007fefb3d0000 - 0x000007fefb4fa000 	C:\Windows\system32\WindowsCodecs.dll
0x000007fefd150000 - 0x000007fefd1a7000 	C:\Windows\system32\apphelp.dll
0x000007feee2e0000 - 0x000007feee31f000 	C:\Users\boseleya\AppData\Local\Microsoft\SkyDrive\17.0.4035.0328\amd64\SkyDriveShell64.dll
0x000007feee230000 - 0x000007feee2d7000 	C:\Users\boseleya\AppData\Local\Microsoft\SkyDrive\17.0.4035.0328\amd64\MSVCP110.dll
0x000007feee160000 - 0x000007feee22e000 	C:\Users\boseleya\AppData\Local\Microsoft\SkyDrive\17.0.4035.0328\amd64\MSVCR110.dll
0x000007fefdbc0000 - 0x000007fefdcea000 	C:\Windows\system32\WININET.dll
0x000007feff250000 - 0x000007feff3c8000 	C:\Windows\system32\urlmon.dll
0x000007fefd670000 - 0x000007fefd8c9000 	C:\Windows\system32\iertutil.dll
0x000007feedf20000 - 0x000007feee15d000 	C:\PROGRA~1\MICROS~2\Office15\GROOVEEX.DLL
0x0000000072d10000 - 0x0000000072da8000 	C:\Windows\system32\MSVCP100.dll
0x000000006ee60000 - 0x000000006ee8b000 	C:\Windows\system32\ATL100.DLL
0x000007fefa450000 - 0x000007fefa766000 	C:\Windows\system32\msi.dll
0x000007feeb710000 - 0x000007feebf8d000 	C:\PROGRA~1\MICROS~2\Office15\1033\GrooveIntlResource.dll
0x000007feed9e0000 - 0x000007feeda15000 	C:\Windows\system32\EhStorShell.dll
0x000007fefb540000 - 0x000007fefb66c000 	C:\Windows\system32\PROPSYS.dll
0x000007feee440000 - 0x000007feee4be000 	C:\Windows\System32\cscui.dll
0x000007feee430000 - 0x000007feee43c000 	C:\Windows\System32\CSCDLL.dll
0x000007fef43d0000 - 0x000007fef43df000 	C:\Windows\system32\CSCAPI.dll
0x000007feee3b0000 - 0x000007feee430000 	C:\Windows\system32\ntshrui.dll
0x000007fefcd70000 - 0x000007fefcd93000 	C:\Windows\system32\srvcli.dll
0x000007fefabe0000 - 0x000007fefabeb000 	C:\Windows\system32\slc.dll
0x000007fefc3d0000 - 0x000007fefc3d7000 	C:\Windows\System32\wshtcpip.dll
0x000007fef9e20000 - 0x000007fef9e4f000 	C:\Program Files\Common Files\Microsoft Shared\Windows Live\WLIDNSP.DLL
0x000007fefc970000 - 0x000007fefc9cb000 	C:\Windows\system32\DNSAPI.dll
0x000007fef9dc0000 - 0x000007fef9dc8000 	C:\Windows\system32\rasadhlp.dll
0x000007fefa2e0000 - 0x000007fefa333000 	C:\Windows\System32\fwpuclnt.dll
0x000007fedfa80000 - 0x000007fedfba5000 	C:\Windows\system32\dbghelp.dll

VM Arguments:
jvm_args: -Dfile.encoding=Cp1252 
java_command: com.bookingsystem.startup.BookingSystemMain
java_class_path (initial): C:\Users\boseleya\Documents\GitHub\java-bs\Booking System\out\production\Booking System;C:\Users\boseleya\Documents\GitHub\java-bs\Booking System\apache-rat-0.6.jar;C:\Users\boseleya\Downloads\Jar\commons-codec-1.10.jar;C:\Users\boseleya\Downloads\Jar\jdatepicker-1.3.4.jar;C:\Users\boseleya\Downloads\Jar\poi-bin-3.11-20141221\poi-3.11\poi-3.11-20141221.jar;C:\Users\boseleya\Downloads\Jar\poi-bin-3.11-20141221\poi-3.11\poi-ooxml-3.11-20141221.jar;C:\Users\boseleya\Downloads\Jar\poi-bin-3.11-20141221\poi-3.11\poi-ooxml-schemas-3.11-20141221.jar;C:\Users\boseleya\Downloads\Jar\poi-bin-3.11-20141221\poi-3.11\ooxml-lib\xmlbeans-2.6.0.jar;C:\Users\boseleya\Downloads\Microsoft JDBC Driver 4.0 for SQL Server\sqljdbc_4.0\enu\sqljdbc4.jar
Launcher Type: SUN_STANDARD

Environment Variables:
PATH=C:/Program Files/Java/jre1.8.0_40/bin/server;C:/Program Files/Java/jre1.8.0_40/bin;C:/Program Files/Java/jre1.8.0_40/lib/amd64;C:\Program Files\Common Files\Microsoft Shared\Windows Live;C:\Program Files (x86)\Common Files\Microsoft Shared\Windows Live;C:\Program Files (x86)\NVIDIA Corporation\PhysX\Common;C:\Windows\system32;C:\Windows;C:\Windows\System32\Wbem;C:\Windows\System32\WindowsPowerShell\v1.0\;C:\Program Files (x86)\Windows Live\Shared;C:\Program Files\Java\jdk1.7.0_75\bin;c:\Program Files (x86)\Microsoft SQL Server\110\Tools\Binn\;c:\Program Files\Microsoft SQL Server\110\Tools\Binn\;c:\Program Files\Microsoft SQL Server\110\DTS\Binn\;c:\Program Files (x86)\Microsoft SQL Server\110\Tools\Binn\ManagementStudio\;c:\Program Files (x86)\Microsoft SQL Server\110\DTS\Binn\;C:\Users\boseleya\Documents\Eclipse IDE\eclipse;
USERNAME=boseleya
OS=Windows_NT
PROCESSOR_IDENTIFIER=Intel64 Family 6 Model 23 Stepping 10, GenuineIntel



---------------  S Y S T E M  ---------------

OS: Windows 7 , 64 bit Build 7601 (6.1.7601.17514)

CPU:total 2 (2 cores per cpu, 1 threads per core) family 6 model 23 stepping 10, cmov, cx8, fxsr, mmx, sse, sse2, sse3, ssse3, sse4.1, tsc

Memory: 4k page, physical 4192760k(1549420k free), swap 8383672k(5108852k free)

vm_info: Java HotSpot(TM) 64-Bit Server VM (25.40-b25) for windows-amd64 JRE (1.8.0_40-b26), built on Mar  7 2015 13:51:59 by "java_re" with MS VC++ 10.0 (VS2010)

time: Wed May 13 09:29:41 2015
elapsed time: 2 seconds (0d 0h 0m 2s)

