#
# A fatal error has been detected by the Java Runtime Environment:
#
#  EXCEPTION_ACCESS_VIOLATION (0xc0000005) at pc=0xffffffffa3665120, pid=268, tid=1892
#
# JRE version: Java(TM) SE Runtime Environment (8.0_40-b26) (build 1.8.0_40-b26)
# Java VM: Java HotSpot(TM) 64-Bit Server VM (25.40-b25 mixed mode windows-amd64 compressed oops)
# Problematic frame:
# C  0xffffffffa3665120
#
# Failed to write core dump. Minidumps are not enabled by default on client versions of Windows
#
# If you would like to submit a bug report, please visit:
#   http://bugreport.java.com/bugreport/crash.jsp
#

---------------  T H R E A D  ---------------

Current thread (0x000000005886d800):  JavaThread "AWT-EventQueue-0" [_thread_in_Java, id=1892, stack(0x00000000569f0000,0x0000000056af0000)]

siginfo: ExceptionCode=0xc0000005, ExceptionInformation=0x0000000000000008 0xffffffffa3665120

Registers:
RAX=0x00000000141ca908, RBX=0x0000000000000001, RCX=0x0000000058f269b0, RDX=0x00000000ebb93ce0
RSP=0x0000000056aea558, RBP=0x00000000ebb93ac8, RSI=0x0000000000000001, RDI=0x000000000000003f
R8 =0x00000000c2b8d9f0, R9 =0x0000000000000000, R10=0x00000000141ca908, R11=0x00000000ebb93ce0
R12=0x0000000000000000, R13=0x00000000ebca3c38, R14=0x0000000000000008, R15=0x000000005886d800
RIP=0xffffffffa3665120, EFLAGS=0x0000000000010246

Top of Stack: (sp=0x0000000056aea558)
0x0000000056aea558:   0000000003016f48 000000005886d800
0x0000000056aea568:   000000005886d9f8 0000000056aea660
0x0000000056aea578:   000000000300dc3c 000000000000003f
0x0000000056aea588:   00000000c2b8d9f0 00000000ebb93c60
0x0000000056aea598:   00000000028800f1 0000000000000000
0x0000000056aea5a8:   00000000ebb93ac8 000000000000003f
0x0000000056aea5b8:   00000000543d4460 0000000056aea660
0x0000000056aea5c8:   000000000300ef3c 00000000ebb93c40
0x0000000056aea5d8:   00000000eab0a1e8 00000000eab0a290
0x0000000056aea5e8:   000000000267cbc3 0000000056aea660
0x0000000056aea5f8:   0000000002667450 0000000056aea660
0x0000000056aea608:   0000000002667790 0000000002667790
0x0000000056aea618:   00000000ebb93c60 0000000056aea620
0x0000000056aea628:   000000005cf24b4e 0000000056aea698
0x0000000056aea638:   000000005cf24c88 0000000000000000
0x0000000056aea648:   000000005cf24c18 0000000056aea618 

Instructions: (pc=0xffffffffa3665120)
0xffffffffa3665100:   
[error occurred during error reporting (printing registers, top of stack, instructions near pc), id 0xc0000005]

Register to memory mapping:

RAX=0x00000000141ca908 is pointing into metadata
RBX=0x0000000000000001 is an unknown value
RCX=0x0000000058f269b0 is an unknown value
RDX=0x00000000ebb93ce0 is an oop
sun.net.www.protocol.jar.JarURLConnection$JarURLInputStream 
 - klass: 'sun/net/www/protocol/jar/JarURLConnection$JarURLInputStream'
RSP=0x0000000056aea558 is pointing into the stack for thread: 0x000000005886d800
RBP=0x00000000ebb93ac8 is an oop
[C 
 - klass: {type array char}
 - length: 166
RSI=0x0000000000000001 is an unknown value
RDI=0x000000000000003f is an unknown value
R8 =0x00000000c2b8d9f0 is an oop
[B 
 - klass: {type array byte}
 - length: 166
R9 =0x0000000000000000 is an unknown value
R10=0x00000000141ca908 is pointing into metadata
R11=0x00000000ebb93ce0 is an oop
sun.net.www.protocol.jar.JarURLConnection$JarURLInputStream 
 - klass: 'sun/net/www/protocol/jar/JarURLConnection$JarURLInputStream'
R12=0x0000000000000000 is an unknown value
R13=0x00000000ebca3c38 is an oop
java.util.zip.Inflater 
 - klass: 'java/util/zip/Inflater'
R14=0x0000000000000008 is an unknown value
R15=0x000000005886d800 is a thread


Stack: [0x00000000569f0000,0x0000000056af0000],  sp=0x0000000056aea558,  free space=1001k
Native frames: (J=compiled Java code, j=interpreted, Vv=VM code, C=native code)
C  0xffffffffa3665120


---------------  P R O C E S S  ---------------

Java Threads: ( => current thread )
  0x0000000058eec800 JavaThread "Swing-Shell" daemon [_thread_blocked, id=4964, stack(0x000000005d4d0000,0x000000005d5d0000)]
  0x0000000058a8b800 JavaThread "TimerQueue" daemon [_thread_in_vm, id=5044, stack(0x000000005b080000,0x000000005b180000)]
  0x0000000058a32800 JavaThread "D3D Screen Updater" daemon [_thread_blocked, id=4852, stack(0x000000005ae20000,0x000000005af20000)]
  0x0000000001efe000 JavaThread "DestroyJavaVM" [_thread_blocked, id=7064, stack(0x0000000002290000,0x0000000002390000)]
=>0x000000005886d800 JavaThread "AWT-EventQueue-0" [_thread_in_Java, id=1892, stack(0x00000000569f0000,0x0000000056af0000)]
  0x00000000566c9000 JavaThread "AWT-Windows" daemon [_thread_in_vm, id=6132, stack(0x0000000056770000,0x0000000056870000)]
  0x00000000566c2000 JavaThread "AWT-Shutdown" [_thread_blocked, id=3848, stack(0x0000000056880000,0x0000000056980000)]
  0x00000000566bf800 JavaThread "Java2D Disposer" daemon [_thread_blocked, id=5152, stack(0x0000000055d00000,0x0000000055e00000)]
  0x0000000054af8000 JavaThread "Service Thread" daemon [_thread_blocked, id=7128, stack(0x00000000561f0000,0x00000000562f0000)]
  0x0000000054af3000 JavaThread "C1 CompilerThread1" daemon [_thread_blocked, id=3064, stack(0x0000000055fa0000,0x00000000560a0000)]
  0x0000000054a9a800 JavaThread "C2 CompilerThread0" daemon [_thread_blocked, id=3436, stack(0x0000000055e00000,0x0000000055f00000)]
  0x0000000054a99000 JavaThread "Attach Listener" daemon [_thread_blocked, id=6148, stack(0x0000000055b90000,0x0000000055c90000)]
  0x0000000054a97800 JavaThread "Signal Dispatcher" daemon [_thread_blocked, id=4640, stack(0x00000000559e0000,0x0000000055ae0000)]
  0x0000000054a3c000 JavaThread "Finalizer" daemon [_thread_in_vm, id=4768, stack(0x00000000557e0000,0x00000000558e0000)]
  0x0000000054a35000 JavaThread "Reference Handler" daemon [_thread_in_vm, id=5000, stack(0x0000000055670000,0x0000000055770000)]

Other Threads:
  0x0000000054a2d000 VMThread [stack: 0x0000000055540000,0x0000000055640000] [id=6572]
  0x0000000054af9800 WatcherThread [stack: 0x00000000560b0000,0x00000000561b0000] [id=5332]

VM state:synchronizing (normal execution)

VM Mutex/Monitor currently owned by a thread:  ([mutex/lock_event])
[0x0000000001efc660] Safepoint_lock - owner thread: 0x0000000054a2d000
[0x0000000001efc6e0] Threads_lock - owner thread: 0x0000000054a2d000

Heap:
 PSYoungGen      total 18944K, used 2845K [0x00000000eab00000, 0x00000000ed080000, 0x0000000100000000)
  eden space 16384K, 1% used [0x00000000eab00000,0x00000000eab49340,0x00000000ebb00000)
  from space 2560K, 99% used [0x00000000ebb00000,0x00000000ebd7e370,0x00000000ebd80000)
  to   space 6144K, 0% used [0x00000000eca80000,0x00000000eca80000,0x00000000ed080000)
 ParOldGen       total 54784K, used 46216K [0x00000000c0000000, 0x00000000c3580000, 0x00000000eab00000)
  object space 54784K, 84% used [0x00000000c0000000,0x00000000c2d221d8,0x00000000c3580000)
 Metaspace       used 24893K, capacity 25204K, committed 25600K, reserved 1071104K
  class space    used 3147K, capacity 3246K, committed 3328K, reserved 1048576K

Card table byte_map: [0x0000000011a20000,0x0000000011c30000] byte_map_base: 0x0000000011420000

Marking Bits: (ParMarkBitMap*) 0x000000006e0c4040
 Begin Bits: [0x0000000011f00000, 0x0000000012f00000)
 End Bits:   [0x0000000012f00000, 0x0000000013f00000)

Polling page: 0x0000000000320000

CodeCache: size=245760Kb used=9912Kb max_used=9923Kb free=235847Kb
 bounds [0x0000000002660000, 0x0000000003020000, 0x0000000011660000]
 total_blobs=3652 nmethods=3052 adapters=513
 compilation: enabled

Compilation events (10 events):
Event: 11.863 Thread 0x0000000054af3000 3067       3       org.apache.xmlbeans.impl.schema.SchemaTypeSystemImpl$StringPool::codeForString (69 bytes)
Event: 11.863 Thread 0x0000000054af3000 nmethod 3067 0x000000000300d4d0 code [0x000000000300d6a0, 0x000000000300de98]
Event: 11.864 Thread 0x0000000054a9a800 3068       4       java.io.DataInputStream::readUTF (501 bytes)
Event: 11.875 Thread 0x0000000054a9a800 nmethod 3068 0x0000000003016cd0 code [0x0000000003016e60, 0x00000000030175f8]
Event: 11.875 Thread 0x0000000054a9a800 3070       4       java.io.FilterInputStream::read (8 bytes)
Event: 11.877 Thread 0x0000000054a9a800 nmethod 3070 0x000000000300d010 code [0x000000000300d160, 0x000000000300d268]
Event: 11.877 Thread 0x0000000054a9a800 3071       4       java.util.zip.InflaterInputStream::read (32 bytes)
Event: 11.887 Thread 0x0000000054a9a800 nmethod 3071 0x0000000003013c10 code [0x0000000003013d60, 0x0000000003013e68]
Event: 11.887 Thread 0x0000000054a9a800 3069       4       java.io.FilterInputStream::read (11 bytes)
Event: 11.888 Thread 0x0000000054a9a800 nmethod 3069 0x00000000030139d0 code [0x0000000003013b00, 0x0000000003013b78]

GC Heap History (10 events):
Event: 4.801 GC heap before
{Heap before GC invocations=2 (full 0):
 PSYoungGen      total 18944K, used 18915K [0x00000000eab00000, 0x00000000ec000000, 0x0000000100000000)
  eden space 16384K, 100% used [0x00000000eab00000,0x00000000ebb00000,0x00000000ebb00000)
  from space 2560K, 98% used [0x00000000ebb00000,0x00000000ebd78d20,0x00000000ebd80000)
  to   space 2560K, 0% used [0x00000000ebd80000,0x00000000ebd80000,0x00000000ec000000)
 ParOldGen       total 44032K, used 1982K [0x00000000c0000000, 0x00000000c2b00000, 0x00000000eab00000)
  object space 44032K, 4% used [0x00000000c0000000,0x00000000c01efbd8,0x00000000c2b00000)
 Metaspace       used 19009K, capacity 19282K, committed 19456K, reserved 1067008K
  class space    used 2423K, capacity 2535K, committed 2560K, reserved 1048576K
Event: 4.814 GC heap after
Heap after GC invocations=2 (full 0):
 PSYoungGen      total 18944K, used 2530K [0x00000000eab00000, 0x00000000ec000000, 0x0000000100000000)
  eden space 16384K, 0% used [0x00000000eab00000,0x00000000eab00000,0x00000000ebb00000)
  from space 2560K, 98% used [0x00000000ebd80000,0x00000000ebff88c8,0x00000000ec000000)
  to   space 2560K, 0% used [0x00000000ebb00000,0x00000000ebb00000,0x00000000ebd80000)
 ParOldGen       total 44032K, used 4805K [0x00000000c0000000, 0x00000000c2b00000, 0x00000000eab00000)
  object space 44032K, 10% used [0x00000000c0000000,0x00000000c04b1790,0x00000000c2b00000)
 Metaspace       used 19009K, capacity 19282K, committed 19456K, reserved 1067008K
  class space    used 2423K, capacity 2535K, committed 2560K, reserved 1048576K
}
Event: 5.754 GC heap before
{Heap before GC invocations=3 (full 0):
 PSYoungGen      total 18944K, used 6848K [0x00000000eab00000, 0x00000000ec000000, 0x0000000100000000)
  eden space 16384K, 26% used [0x00000000eab00000,0x00000000eaf377c8,0x00000000ebb00000)
  from space 2560K, 98% used [0x00000000ebd80000,0x00000000ebff88c8,0x00000000ec000000)
  to   space 2560K, 0% used [0x00000000ebb00000,0x00000000ebb00000,0x00000000ebd80000)
 ParOldGen       total 44032K, used 4805K [0x00000000c0000000, 0x00000000c2b00000, 0x00000000eab00000)
  object space 44032K, 10% used [0x00000000c0000000,0x00000000c04b1790,0x00000000c2b00000)
 Metaspace       used 20773K, capacity 21044K, committed 21296K, reserved 1067008K
  class space    used 2745K, capacity 2862K, committed 2944K, reserved 1048576K
Event: 5.773 GC heap after
Heap after GC invocations=3 (full 0):
 PSYoungGen      total 18944K, used 2560K [0x00000000eab00000, 0x00000000ec000000, 0x0000000100000000)
  eden space 16384K, 0% used [0x00000000eab00000,0x00000000eab00000,0x00000000ebb00000)
  from space 2560K, 100% used [0x00000000ebb00000,0x00000000ebd80000,0x00000000ebd80000)
  to   space 2560K, 0% used [0x00000000ebd80000,0x00000000ebd80000,0x00000000ec000000)
 ParOldGen       total 44032K, used 5793K [0x00000000c0000000, 0x00000000c2b00000, 0x00000000eab00000)
  object space 44032K, 13% used [0x00000000c0000000,0x00000000c05a8520,0x00000000c2b00000)
 Metaspace       used 20773K, capacity 21044K, committed 21296K, reserved 1067008K
  class space    used 2745K, capacity 2862K, committed 2944K, reserved 1048576K
}
Event: 5.773 GC heap before
{Heap before GC invocations=4 (full 1):
 PSYoungGen      total 18944K, used 2560K [0x00000000eab00000, 0x00000000ec000000, 0x0000000100000000)
  eden space 16384K, 0% used [0x00000000eab00000,0x00000000eab00000,0x00000000ebb00000)
  from space 2560K, 100% used [0x00000000ebb00000,0x00000000ebd80000,0x00000000ebd80000)
  to   space 2560K, 0% used [0x00000000ebd80000,0x00000000ebd80000,0x00000000ec000000)
 ParOldGen       total 44032K, used 5793K [0x00000000c0000000, 0x00000000c2b00000, 0x00000000eab00000)
  object space 44032K, 13% used [0x00000000c0000000,0x00000000c05a8520,0x00000000c2b00000)
 Metaspace       used 20773K, capacity 21044K, committed 21296K, reserved 1067008K
  class space    used 2745K, capacity 2862K, committed 2944K, reserved 1048576K
Event: 5.833 GC heap after
Heap after GC invocations=4 (full 1):
 PSYoungGen      total 18944K, used 0K [0x00000000eab00000, 0x00000000ec000000, 0x0000000100000000)
  eden space 16384K, 0% used [0x00000000eab00000,0x00000000eab00000,0x00000000ebb00000)
  from space 2560K, 0% used [0x00000000ebb00000,0x00000000ebb00000,0x00000000ebd80000)
  to   space 2560K, 0% used [0x00000000ebd80000,0x00000000ebd80000,0x00000000ec000000)
 ParOldGen       total 36352K, used 7552K [0x00000000c0000000, 0x00000000c2380000, 0x00000000eab00000)
  object space 36352K, 20% used [0x00000000c0000000,0x00000000c0760160,0x00000000c2380000)
 Metaspace       used 20773K, capacity 21044K, committed 21296K, reserved 1067008K
  class space    used 2745K, capacity 2862K, committed 2944K, reserved 1048576K
}
Event: 11.568 GC heap before
{Heap before GC invocations=5 (full 1):
 PSYoungGen      total 18944K, used 16384K [0x00000000eab00000, 0x00000000ec000000, 0x0000000100000000)
  eden space 16384K, 100% used [0x00000000eab00000,0x00000000ebb00000,0x00000000ebb00000)
  from space 2560K, 0% used [0x00000000ebb00000,0x00000000ebb00000,0x00000000ebd80000)
  to   space 2560K, 0% used [0x00000000ebd80000,0x00000000ebd80000,0x00000000ec000000)
 ParOldGen       total 54784K, used 44188K [0x00000000c0000000, 0x00000000c3580000, 0x00000000eab00000)
  object space 54784K, 80% used [0x00000000c0000000,0x00000000c2b272a0,0x00000000c3580000)
 Metaspace       used 23211K, capacity 23572K, committed 23936K, reserved 1071104K
  class space    used 2955K, capacity 3086K, committed 3200K, reserved 1048576K
Event: 11.574 GC heap after
Heap after GC invocations=5 (full 1):
 PSYoungGen      total 18944K, used 2431K [0x00000000eab00000, 0x00000000ec700000, 0x0000000100000000)
  eden space 16384K, 0% used [0x00000000eab00000,0x00000000eab00000,0x00000000ebb00000)
  from space 2560K, 94% used [0x00000000ebd80000,0x00000000ebfdfc88,0x00000000ec000000)
  to   space 2560K, 0% used [0x00000000ebb00000,0x00000000ebb00000,0x00000000ebd80000)
 ParOldGen       total 54784K, used 44196K [0x00000000c0000000, 0x00000000c3580000, 0x00000000eab00000)
  object space 54784K, 80% used [0x00000000c0000000,0x00000000c2b292a0,0x00000000c3580000)
 Metaspace       used 23211K, capacity 23572K, committed 23936K, reserved 1071104K
  class space    used 2955K, capacity 3086K, committed 3200K, reserved 1048576K
}
Event: 11.877 GC heap before
{Heap before GC invocations=6 (full 1):
 PSYoungGen      total 18944K, used 18815K [0x00000000eab00000, 0x00000000ec700000, 0x0000000100000000)
  eden space 16384K, 100% used [0x00000000eab00000,0x00000000ebb00000,0x00000000ebb00000)
  from space 2560K, 94% used [0x00000000ebd80000,0x00000000ebfdfc88,0x00000000ec000000)
  to   space 2560K, 0% used [0x00000000ebb00000,0x00000000ebb00000,0x00000000ebd80000)
 ParOldGen       total 54784K, used 44196K [0x00000000c0000000, 0x00000000c3580000, 0x00000000eab00000)
  object space 54784K, 80% used [0x00000000c0000000,0x00000000c2b292a0,0x00000000c3580000)
 Metaspace       used 24893K, capacity 25204K, committed 25600K, reserved 1071104K
  class space    used 3147K, capacity 3246K, committed 3328K, reserved 1048576K
Event: 11.887 GC heap after
Heap after GC invocations=6 (full 1):
 PSYoungGen      total 18944K, used 2552K [0x00000000eab00000, 0x00000000ed080000, 0x0000000100000000)
  eden space 16384K, 0% used [0x00000000eab00000,0x00000000eab00000,0x00000000ebb00000)
  from space 2560K, 99% used [0x00000000ebb00000,0x00000000ebd7e370,0x00000000ebd80000)
  to   space 6144K, 0% used [0x00000000eca80000,0x00000000eca80000,0x00000000ed080000)
 ParOldGen       total 54784K, used 46216K [0x00000000c0000000, 0x00000000c3580000, 0x00000000eab00000)
  object space 54784K, 84% used [0x00000000c0000000,0x00000000c2d221d8,0x00000000c3580000)
 Metaspace       used 24893K, capacity 25204K, committed 25600K, reserved 1071104K
  class space    used 3147K, capacity 3246K, committed 3328K, reserved 1048576K
}

Deoptimization events (10 events):
Event: 5.205 Thread 0x000000005886d800 Uncommon trap: reason=bimorphic action=maybe_recompile pc=0x0000000002b54310 method=java.util.regex.Pattern$Start.match(Ljava/util/regex/Matcher;ILjava/lang/CharSequence;)Z @ 44
Event: 5.205 Thread 0x000000005886d800 Uncommon trap: reason=bimorphic action=maybe_recompile pc=0x0000000002b54310 method=java.util.regex.Pattern$Start.match(Ljava/util/regex/Matcher;ILjava/lang/CharSequence;)Z @ 44
Event: 5.332 Thread 0x000000005886d800 Uncommon trap: reason=class_check action=maybe_recompile pc=0x0000000002789aa0 method=java.lang.String.equals(Ljava/lang/Object;)Z @ 8
Event: 5.332 Thread 0x000000005886d800 Uncommon trap: reason=class_check action=maybe_recompile pc=0x0000000002789aa0 method=java.lang.String.equals(Ljava/lang/Object;)Z @ 8
Event: 5.469 Thread 0x000000005886d800 Uncommon trap: reason=unstable_if action=reinterpret pc=0x00000000028d055c method=java.util.Hashtable.get(Ljava/lang/Object;)Ljava/lang/Object; @ 48
Event: 5.471 Thread 0x000000005886d800 Uncommon trap: reason=unstable_if action=reinterpret pc=0x0000000002a79b48 method=java.util.Hashtable.put(Ljava/lang/Object;Ljava/lang/Object;)Ljava/lang/Object; @ 63
Event: 11.128 Thread 0x000000005886d800 Uncommon trap: reason=unstable_if action=reinterpret pc=0x0000000002c37d38 method=java.beans.ChangeListenerMap.get(Ljava/lang/String;)[Ljava/util/EventListener; @ 4
Event: 11.513 Thread 0x000000005886d800 Uncommon trap: reason=unstable_if action=reinterpret pc=0x0000000002f56378 method=java.util.regex.Pattern$CharProperty.match(Ljava/util/regex/Matcher;ILjava/lang/CharSequence;)Z @ 21
Event: 11.670 Thread 0x000000005886d800 Uncommon trap: reason=unstable_if action=reinterpret pc=0x0000000002ec9204 method=java.net.URI.defineString()V @ 4
Event: 11.859 Thread 0x000000005886d800 Uncommon trap: reason=bimorphic action=maybe_recompile pc=0x0000000002a254d4 method=java.io.DataInputStream.readInt()I @ 4

Internal exceptions (10 events):
Event: 11.827 Thread 0x000000005886d800 Exception <a 'java/security/PrivilegedActionException'> (0x00000000eb8d1148) thrown at [D:\re\workspace\8-2-build-windows-amd64-cygwin\jdk8u40\3098\hotspot\src\share\vm\prims\jvm.cpp, line 1382]
Event: 11.827 Thread 0x000000005886d800 Exception <a 'java/security/PrivilegedActionException'> (0x00000000eb8d1620) thrown at [D:\re\workspace\8-2-build-windows-amd64-cygwin\jdk8u40\3098\hotspot\src\share\vm\prims\jvm.cpp, line 1382]
Event: 11.830 Thread 0x000000005886d800 Exception <a 'java/security/PrivilegedActionException'> (0x00000000eb8e0678) thrown at [D:\re\workspace\8-2-build-windows-amd64-cygwin\jdk8u40\3098\hotspot\src\share\vm\prims\jvm.cpp, line 1382]
Event: 11.830 Thread 0x000000005886d800 Exception <a 'java/security/PrivilegedActionException'> (0x00000000eb8e0b50) thrown at [D:\re\workspace\8-2-build-windows-amd64-cygwin\jdk8u40\3098\hotspot\src\share\vm\prims\jvm.cpp, line 1382]
Event: 11.830 Thread 0x000000005886d800 Exception <a 'java/security/PrivilegedActionException'> (0x00000000eb8e4a90) thrown at [D:\re\workspace\8-2-build-windows-amd64-cygwin\jdk8u40\3098\hotspot\src\share\vm\prims\jvm.cpp, line 1382]
Event: 11.830 Thread 0x000000005886d800 Exception <a 'java/security/PrivilegedActionException'> (0x00000000eb8e50f8) thrown at [D:\re\workspace\8-2-build-windows-amd64-cygwin\jdk8u40\3098\hotspot\src\share\vm\prims\jvm.cpp, line 1382]
Event: 11.830 Thread 0x000000005886d800 Exception <a 'java/security/PrivilegedActionException'> (0x00000000eb8e92d0) thrown at [D:\re\workspace\8-2-build-windows-amd64-cygwin\jdk8u40\3098\hotspot\src\share\vm\prims\jvm.cpp, line 1382]
Event: 11.830 Thread 0x000000005886d800 Exception <a 'java/security/PrivilegedActionException'> (0x00000000eb8e97a8) thrown at [D:\re\workspace\8-2-build-windows-amd64-cygwin\jdk8u40\3098\hotspot\src\share\vm\prims\jvm.cpp, line 1382]
Event: 11.831 Thread 0x000000005886d800 Exception <a 'java/security/PrivilegedActionException'> (0x00000000eb8ed7b8) thrown at [D:\re\workspace\8-2-build-windows-amd64-cygwin\jdk8u40\3098\hotspot\src\share\vm\prims\jvm.cpp, line 1382]
Event: 11.831 Thread 0x000000005886d800 Exception <a 'java/security/PrivilegedActionException'> (0x00000000eb8ede20) thrown at [D:\re\workspace\8-2-build-windows-amd64-cygwin\jdk8u40\3098\hotspot\src\share\vm\prims\jvm.cpp, line 1382]

Events (10 events):
Event: 11.854 loading class org/apache/xmlbeans/impl/schema/SchemaGlobalAttributeImpl done
Event: 11.857 loading class org/apache/xmlbeans/impl/schema/SchemaLocalElementImpl
Event: 11.857 loading class org/apache/xmlbeans/impl/schema/SchemaLocalElementImpl done
Event: 11.859 Thread 0x000000005886d800 Uncommon trap: trap_request=0xffffffc6 fr.pc=0x0000000002a254d4
Event: 11.859 Thread 0x000000005886d800 DEOPT PACKING pc=0x0000000002a254d4 sp=0x0000000056aea5c0
Event: 11.859 Thread 0x000000005886d800 DEOPT UNPACKING pc=0x00000000026a556a sp=0x0000000056aea588 mode 2
Event: 11.859 loading class org/apache/xmlbeans/impl/schema/SchemaTypeSystemImpl$StringPool
Event: 11.859 loading class org/apache/xmlbeans/impl/schema/SchemaTypeSystemImpl$StringPool done
Event: 11.877 Executing VM operation: ParallelGCFailedAllocation
Event: 11.887 Executing VM operation: ParallelGCFailedAllocation done


Dynamic libraries:
0x000000013f2d0000 - 0x000000013f307000 	C:\Program Files\Java\jre1.8.0_40\bin\javaw.exe
0x0000000077620000 - 0x00000000777c9000 	C:\Windows\SYSTEM32\ntdll.dll
0x0000000077400000 - 0x000000007751f000 	C:\Windows\system32\kernel32.dll
0x000007fefd7d0000 - 0x000007fefd83b000 	C:\Windows\system32\KERNELBASE.dll
0x000007fefdf20000 - 0x000007fefdffb000 	C:\Windows\system32\ADVAPI32.dll
0x000007feff760000 - 0x000007feff7ff000 	C:\Windows\system32\msvcrt.dll
0x000007fefda70000 - 0x000007fefda8f000 	C:\Windows\SYSTEM32\sechost.dll
0x000007fefd940000 - 0x000007fefda6d000 	C:\Windows\system32\RPCRT4.dll
0x0000000077520000 - 0x000000007761a000 	C:\Windows\system32\USER32.dll
0x000007fefde70000 - 0x000007fefded7000 	C:\Windows\system32\GDI32.dll
0x000007fefdf10000 - 0x000007fefdf1e000 	C:\Windows\system32\LPK.dll
0x000007fefe810000 - 0x000007fefe8d9000 	C:\Windows\system32\USP10.dll
0x000007fefc120000 - 0x000007fefc314000 	C:\Windows\WinSxS\amd64_microsoft.windows.common-controls_6595b64144ccf1df_6.0.7601.17514_none_fa396087175ac9ac\COMCTL32.dll
0x000007fefdd50000 - 0x000007fefddc1000 	C:\Windows\system32\SHLWAPI.dll
0x000007fefdee0000 - 0x000007fefdf0e000 	C:\Windows\system32\IMM32.DLL
0x000007fefe020000 - 0x000007fefe129000 	C:\Windows\system32\MSCTF.dll
0x0000000075310000 - 0x0000000075348000 	C:\PROGRA~2\Sophos\SOPHOS~1\SOPHOS~2.DLL
0x00000000777e0000 - 0x00000000777e7000 	C:\Windows\system32\PSAPI.DLL
0x000000006d7e0000 - 0x000000006d8b2000 	C:\Program Files\Java\jre1.8.0_40\bin\msvcr100.dll
0x000000006d8c0000 - 0x000000006e143000 	C:\Program Files\Java\jre1.8.0_40\bin\server\jvm.dll
0x000007fedae60000 - 0x000007fedae69000 	C:\Windows\system32\WSOCK32.dll
0x000007fefe980000 - 0x000007fefe9cd000 	C:\Windows\system32\WS2_32.dll
0x000007fefe1b0000 - 0x000007fefe1b8000 	C:\Windows\system32\NSI.dll
0x000007fefb180000 - 0x000007fefb1bb000 	C:\Windows\system32\WINMM.dll
0x000007fefc6f0000 - 0x000007fefc6fc000 	C:\Windows\system32\VERSION.dll
0x0000000070170000 - 0x000000007017f000 	C:\Program Files\Java\jre1.8.0_40\bin\verify.dll
0x0000000070140000 - 0x0000000070169000 	C:\Program Files\Java\jre1.8.0_40\bin\java.dll
0x000000006fc60000 - 0x000000006fc76000 	C:\Program Files\Java\jre1.8.0_40\bin\zip.dll
0x000007fefe9d0000 - 0x000007feff758000 	C:\Windows\system32\SHELL32.dll
0x000007fefe2a0000 - 0x000007fefe4a3000 	C:\Windows\system32\ole32.dll
0x000007fefd570000 - 0x000007fefd57f000 	C:\Windows\system32\profapi.dll
0x000000006d640000 - 0x000000006d7d8000 	C:\Program Files\Java\jre1.8.0_40\bin\awt.dll
0x000007fefe1c0000 - 0x000007fefe297000 	C:\Windows\system32\OLEAUT32.dll
0x000007fefb860000 - 0x000007fefb878000 	C:\Windows\system32\DWMAPI.DLL
0x000007fefbef0000 - 0x000007fefbf46000 	C:\Windows\system32\uxtheme.dll
0x000007fefd4a0000 - 0x000007fefd4af000 	C:\Windows\system32\CRYPTBASE.dll
0x000007fee1360000 - 0x000007fee155f000 	C:\Windows\system32\d3d9.dll
0x000007fefadd0000 - 0x000007fefadd7000 	C:\Windows\system32\d3d8thk.dll
0x000007fed7f70000 - 0x000007fed8fdd000 	C:\Windows\system32\nvd3dumx.dll
0x000007fefbac0000 - 0x000007fefbaec000 	C:\Windows\system32\powrprof.dll
0x000007fefe4b0000 - 0x000007fefe687000 	C:\Windows\system32\SETUPAPI.dll
0x000007fefd620000 - 0x000007fefd656000 	C:\Windows\system32\CFGMGR32.dll
0x000007fefd840000 - 0x000007fefd85a000 	C:\Windows\system32\DEVOBJ.dll
0x000007fedfb80000 - 0x000007fedfcec000 	C:\Program Files (x86)\NVIDIA Corporation\3D Vision\nvSCPAPI64.dll
0x000007fef00d0000 - 0x000007fef041d000 	C:\Windows\system32\nvapi64.dll
0x000007fefd900000 - 0x000007fefd93a000 	C:\Windows\system32\WINTRUST.dll
0x000007fefd660000 - 0x000007fefd7c7000 	C:\Windows\system32\CRYPT32.dll
0x000007fefd610000 - 0x000007fefd61f000 	C:\Windows\system32\MSASN1.dll
0x000000006f840000 - 0x000000006f887000 	C:\Program Files\Java\jre1.8.0_40\bin\fontmanager.dll
0x000000006f8b0000 - 0x000000006f8ca000 	C:\Program Files\Java\jre1.8.0_40\bin\net.dll
0x000007fefc700000 - 0x000007fefc72d000 	C:\ProgramData\Sophos\Web Intelligence\swi_ifslsp_64.dll
0x000007fefcda0000 - 0x000007fefcdf5000 	C:\Windows\system32\mswsock.dll
0x000007fefcd90000 - 0x000007fefcd97000 	C:\Windows\System32\wship6.dll
0x000000006f890000 - 0x000000006f8a1000 	C:\Program Files\Java\jre1.8.0_40\bin\nio.dll
0x000000006f7f0000 - 0x000000006f831000 	C:\Program Files\Java\jre1.8.0_40\bin\t2k.dll
0x000007fefce00000 - 0x000007fefce17000 	C:\Windows\system32\CRYPTSP.dll
0x000007fefcb00000 - 0x000007fefcb47000 	C:\Windows\system32\rsaenh.dll
0x000007fefc850000 - 0x000007fefc86e000 	C:\Windows\system32\USERENV.dll
0x000007fefbf50000 - 0x000007fefbf77000 	C:\Windows\system32\IPHLPAPI.DLL
0x000007fefc6e0000 - 0x000007fefc6eb000 	C:\Windows\system32\WINNSI.DLL
0x000007fefa650000 - 0x000007fefa661000 	C:\Windows\system32\dhcpcsvc6.DLL
0x000007fefa630000 - 0x000007fefa648000 	C:\Windows\system32\dhcpcsvc.DLL
0x000007fefe8e0000 - 0x000007fefe979000 	C:\Windows\system32\CLBCatQ.DLL
0x000007fefb6c0000 - 0x000007fefb7ea000 	C:\Windows\system32\WindowsCodecs.dll
0x000007fefd440000 - 0x000007fefd497000 	C:\Windows\system32\apphelp.dll
0x000007feee650000 - 0x000007feee68f000 	C:\Users\boseleya\AppData\Local\Microsoft\SkyDrive\17.0.4035.0328\amd64\SkyDriveShell64.dll
0x000007feee390000 - 0x000007feee437000 	C:\Users\boseleya\AppData\Local\Microsoft\SkyDrive\17.0.4035.0328\amd64\MSVCP110.dll
0x000007feee7c0000 - 0x000007feee88e000 	C:\Users\boseleya\AppData\Local\Microsoft\SkyDrive\17.0.4035.0328\amd64\MSVCR110.dll
0x000007feff800000 - 0x000007feff92a000 	C:\Windows\system32\WININET.dll
0x000007fefe690000 - 0x000007fefe808000 	C:\Windows\system32\urlmon.dll
0x000007fefdaf0000 - 0x000007fefdd49000 	C:\Windows\system32\iertutil.dll
0x000007feee150000 - 0x000007feee38d000 	C:\PROGRA~1\MICROS~2\Office15\GROOVEEX.DLL
0x0000000073010000 - 0x00000000730a8000 	C:\Windows\system32\MSVCP100.dll
0x0000000070fd0000 - 0x0000000070ffb000 	C:\Windows\system32\ATL100.DLL
0x000007fefa750000 - 0x000007fefaa66000 	C:\Windows\system32\msi.dll
0x000007feebc40000 - 0x000007feec4bd000 	C:\PROGRA~1\MICROS~2\Office15\1033\GrooveIntlResource.dll
0x000007feee780000 - 0x000007feee7b5000 	C:\Windows\system32\EhStorShell.dll
0x000007fefb940000 - 0x000007fefba6c000 	C:\Windows\system32\PROPSYS.dll
0x000007feee700000 - 0x000007feee77e000 	C:\Windows\System32\cscui.dll
0x000007feee6f0000 - 0x000007feee6fc000 	C:\Windows\System32\CSCDLL.dll
0x000007fef4950000 - 0x000007fef495f000 	C:\Windows\system32\CSCAPI.dll
0x000007feedbd0000 - 0x000007feedc50000 	C:\Windows\system32\ntshrui.dll
0x000007fefd080000 - 0x000007fefd0a3000 	C:\Windows\system32\srvcli.dll
0x000007fefaf20000 - 0x000007fefaf2b000 	C:\Windows\system32\slc.dll
0x000007fefc6d0000 - 0x000007fefc6d7000 	C:\Windows\System32\wshtcpip.dll
0x000007fefa130000 - 0x000007fefa15f000 	C:\Program Files\Common Files\Microsoft Shared\Windows Live\WLIDNSP.DLL
0x000007fefcc20000 - 0x000007fefcc7b000 	C:\Windows\system32\DNSAPI.dll
0x000007fefa120000 - 0x000007fefa128000 	C:\Windows\system32\rasadhlp.dll
0x000007fefa5a0000 - 0x000007fefa5f3000 	C:\Windows\System32\fwpuclnt.dll
0x000000006d530000 - 0x000000006d554000 	C:\Program Files\Java\jre1.8.0_40\bin\sunec.dll
0x000007fefb200000 - 0x000007fefb215000 	C:\Windows\system32\NLAapi.dll
0x000007fefa060000 - 0x000007fefa075000 	C:\Windows\system32\napinsp.dll
0x000007fefa080000 - 0x000007fefa099000 	C:\Windows\system32\pnrpnsp.dll
0x000007fefa050000 - 0x000007fefa05b000 	C:\Windows\System32\winrnr.dll
0x000007fefa000000 - 0x000007fefa010000 	C:\Windows\system32\wshbth.dll
0x000007fef34e0000 - 0x000007fef3580000 	C:\Windows\WinSxS\amd64_microsoft.windows.common-controls_6595b64144ccf1df_5.82.7601.17514_none_a4d6a923711520a9\comctl32.dll
0x000007fefbca0000 - 0x000007fefbccd000 	C:\Windows\system32\ntmarta.dll
0x000007fefda90000 - 0x000007fefdae2000 	C:\Windows\system32\WLDAP32.dll
0x000007feeb7f0000 - 0x000007feeb98c000 	C:\Windows\system32\NetworkExplorer.dll
0x000007feeda10000 - 0x000007feeda44000 	C:\Windows\System32\shdocvw.dll
0x000007feeec60000 - 0x000007feeec78000 	C:\Windows\system32\MPR.dll
0x000007fef07b0000 - 0x000007fef07ba000 	C:\Windows\System32\drprov.dll
0x000007fefd3b0000 - 0x000007fefd3ed000 	C:\Windows\System32\WINSTA.dll
0x000007feeec30000 - 0x000007feeec52000 	C:\Windows\System32\ntlanman.dll
0x000007feeec10000 - 0x000007feeec2c000 	C:\Windows\System32\davclnt.dll
0x000007feeec00000 - 0x000007feeec0a000 	C:\Windows\System32\DAVHLPR.dll
0x000007fefb580000 - 0x000007fefb595000 	C:\Windows\system32\wkscli.dll
0x000007fefc9e0000 - 0x000007fefc9ec000 	C:\Windows\system32\netutils.dll
0x000007fed71d0000 - 0x000007fed7441000 	C:\Windows\system32\wpdshext.dll
0x000007fefbcd0000 - 0x000007fefbee5000 	C:\Windows\WinSxS\amd64_microsoft.windows.gdiplus_6595b64144ccf1df_1.1.7601.17514_none_2b24536c71ed437a\gdiplus.dll
0x000007fef0fd0000 - 0x000007fef108d000 	C:\Windows\system32\PortableDeviceApi.dll
0x000007fef0910000 - 0x000007fef0949000 	C:\Windows\system32\PortableDeviceTypes.dll
0x000007fef3a90000 - 0x000007fef3ab7000 	C:\Windows\system32\EhStorAPI.dll
0x000007feee630000 - 0x000007feee63c000 	C:\Windows\system32\LINKINFO.dll
0x000007fefd200000 - 0x000007fefd20b000 	C:\Windows\system32\Secur32.dll
0x000007fefd410000 - 0x000007fefd435000 	C:\Windows\system32\SSPICLI.DLL
0x000007fee0da0000 - 0x000007fee0ec5000 	C:\Windows\system32\dbghelp.dll

VM Arguments:
jvm_args: -Dfile.encoding=Cp1252 
java_command: com.bookingsystem.startup.BookingSystemMain
java_class_path (initial): C:\Users\boseleya\Documents\GitHub\java-bs\Booking System\out\production\Booking System;C:\Users\boseleya\Documents\GitHub\java-bs\Booking System\apache-rat-0.6.jar;C:\Users\boseleya\Downloads\Jar\commons-codec-1.10.jar;C:\Users\boseleya\Downloads\Jar\jdatepicker-1.3.4.jar;C:\Users\boseleya\Downloads\Jar\poi-bin-3.11-20141221\poi-3.11\poi-3.11-20141221.jar;C:\Users\boseleya\Downloads\Jar\poi-bin-3.11-20141221\poi-3.11\poi-ooxml-3.11-20141221.jar;C:\Users\boseleya\Downloads\Jar\poi-bin-3.11-20141221\poi-3.11\poi-ooxml-schemas-3.11-20141221.jar;C:\Users\boseleya\Downloads\Jar\poi-bin-3.11-20141221\poi-3.11\ooxml-lib\xmlbeans-2.6.0.jar;C:\Users\boseleya\Downloads\Microsoft JDBC Driver 4.0 for SQL Server\sqljdbc_4.0\enu\sqljdbc4.jar
Launcher Type: SUN_STANDARD

Environment Variables:
PATH=C:/Program Files/Java/jre1.8.0_40/bin/server;C:/Program Files/Java/jre1.8.0_40/bin;C:/Program Files/Java/jre1.8.0_40/lib/amd64;C:\Program Files\Common Files\Microsoft Shared\Windows Live;C:\Program Files (x86)\Common Files\Microsoft Shared\Windows Live;C:\Program Files (x86)\NVIDIA Corporation\PhysX\Common;C:\Windows\system32;C:\Windows;C:\Windows\System32\Wbem;C:\Windows\System32\WindowsPowerShell\v1.0\;C:\Program Files (x86)\Windows Live\Shared;C:\Program Files\Java\jdk1.7.0_75\bin;c:\Program Files (x86)\Microsoft SQL Server\110\Tools\Binn\;c:\Program Files\Microsoft SQL Server\110\Tools\Binn\;c:\Program Files\Microsoft SQL Server\110\DTS\Binn\;c:\Program Files (x86)\Microsoft SQL Server\110\Tools\Binn\ManagementStudio\;c:\Program Files (x86)\Microsoft SQL Server\110\DTS\Binn\;C:\Users\boseleya\Documents\Eclipse IDE\eclipse;
USERNAME=boseleya
OS=Windows_NT
PROCESSOR_IDENTIFIER=Intel64 Family 6 Model 23 Stepping 10, GenuineIntel



---------------  S Y S T E M  ---------------

OS: Windows 7 , 64 bit Build 7601 (6.1.7601.17514)

CPU:total 2 (2 cores per cpu, 1 threads per core) family 6 model 23 stepping 10, cmov, cx8, fxsr, mmx, sse, sse2, sse3, ssse3, sse4.1, tsc

Memory: 4k page, physical 4192760k(1246016k free), swap 8383672k(4557444k free)

vm_info: Java HotSpot(TM) 64-Bit Server VM (25.40-b25) for windows-amd64 JRE (1.8.0_40-b26), built on Mar  7 2015 13:51:59 by "java_re" with MS VC++ 10.0 (VS2010)

time: Fri May 22 15:46:38 2015
elapsed time: 11 seconds (0d 0h 0m 11s)

