#
# A fatal error has been detected by the Java Runtime Environment:
#
#  EXCEPTION_ACCESS_VIOLATION (0xc0000005) at pc=0xffffffffa3685120, pid=23208, tid=23564
#
# JRE version: Java(TM) SE Runtime Environment (8.0_40-b26) (build 1.8.0_40-b26)
# Java VM: Java HotSpot(TM) 64-Bit Server VM (25.40-b25 mixed mode windows-amd64 compressed oops)
# Problematic frame:
# C  0xffffffffa3685120
#
# Failed to write core dump. Minidumps are not enabled by default on client versions of Windows
#
# If you would like to submit a bug report, please visit:
#   http://bugreport.java.com/bugreport/crash.jsp
#

---------------  T H R E A D  ---------------

Current thread (0x0000000058a1f000):  JavaThread "AWT-EventQueue-0" [_thread_in_Java, id=23564, stack(0x0000000058280000,0x0000000058380000)]

siginfo: ExceptionCode=0xc0000005, ExceptionInformation=0x0000000000000008 0xffffffffa3685120

Registers:
RAX=0x000000005b828108, RBX=0x000000005b828108, RCX=0x000000005b828898, RDX=0x000000007b8bae3d
RSP=0x0000000058379828, RBP=0x0000000058379890, RSI=0x00000000730d0a53, RDI=0x0000000069676573
R8 =0x0000000000000006, R9 =0x00000000eb9aae50, R10=0x000000006ddcbba0, R11=0x0000000002a11020
R12=0x0000000000000000, R13=0x0000000058379840, R14=0x00000000583798a0, R15=0x0000000058a1f000
RIP=0xffffffffa3685120, EFLAGS=0x0000000000010206

Top of Stack: (sp=0x0000000058379828)
0x0000000058379828:   0000000002687450 00000000e59454c5
0x0000000058379838:   0000000002687450 0000000000000006
0x0000000058379848:   000000007b8bae3d 0000000058379850
0x0000000058379858:   000000005b828233 00000000583798a0
0x0000000058379868:   000000005b828898 0000000000000000
0x0000000058379878:   000000005b828248 0000000058379840
0x0000000058379888:   00000000583798a0 00000000583798f0
0x0000000058379898:   0000000002687450 000000007b8bae3d
0x00000000583798a8:   0000000084df6252 00000000583798b0
0x00000000583798b8:   000000005b8284a9 0000000058379968
0x00000000583798c8:   000000005b828898 0000000000000000
0x00000000583798d8:   000000005b828560 00000000583798a0
0x00000000583798e8:   0000000058379970 0000000058379ac8
0x00000000583798f8:   00000000028b36e4 0000000048cf95f5
0x0000000058379908:   00000000591d557d 000000000000002c
0x0000000058379918:   0000000084df6252 00000000c0d98c91 

Instructions: (pc=0xffffffffa3685120)
0xffffffffa3685100:   
[error occurred during error reporting (printing registers, top of stack, instructions near pc), id 0xc0000005]

Register to memory mapping:

RAX={method} {0x000000005b828110} 'lf_S' '(II)I' in 'sun/security/provider/SHA2'
RBX={method} {0x000000005b828110} 'lf_S' '(II)I' in 'sun/security/provider/SHA2'
RCX=0x000000005b828898 is pointing into metadata
RDX=0x000000007b8bae3d is an unknown value
RSP=0x0000000058379828 is pointing into the stack for thread: 0x0000000058a1f000
RBP=0x0000000058379890 is pointing into the stack for thread: 0x0000000058a1f000
RSI=0x00000000730d0a53 is an unknown value
RDI=0x0000000069676573 is an unknown value
R8 =0x0000000000000006 is an unknown value
R9 =0x00000000eb9aae50 is an oop
java.lang.Class 
 - klass: 'java/lang/Class'
R10=0x000000006ddcbba0 is an unknown value
R11=0x0000000002a11020 is at entry_point+0 in (nmethod*)0x0000000002a10ed0
R12=0x0000000000000000 is an unknown value
R13=0x0000000058379840 is pointing into the stack for thread: 0x0000000058a1f000
R14=0x00000000583798a0 is pointing into the stack for thread: 0x0000000058a1f000
R15=0x0000000058a1f000 is a thread


Stack: [0x0000000058280000,0x0000000058380000],  sp=0x0000000058379828,  free space=998k
Native frames: (J=compiled Java code, j=interpreted, Vv=VM code, C=native code)
C  0xffffffffa3685120


---------------  P R O C E S S  ---------------

Java Threads: ( => current thread )
  0x0000000058c4c800 JavaThread "TimerQueue" daemon [_thread_blocked, id=24264, stack(0x000000005b580000,0x000000005b680000)]
  0x0000000058c38800 JavaThread "D3D Screen Updater" daemon [_thread_blocked, id=23736, stack(0x000000005b3c0000,0x000000005b4c0000)]
  0x0000000001e6e000 JavaThread "DestroyJavaVM" [_thread_blocked, id=2340, stack(0x00000000022b0000,0x00000000023b0000)]
=>0x0000000058a1f000 JavaThread "AWT-EventQueue-0" [_thread_in_Java, id=23564, stack(0x0000000058280000,0x0000000058380000)]
  0x0000000056781800 JavaThread "AWT-Windows" daemon [_thread_in_native, id=22180, stack(0x0000000056960000,0x0000000056a60000)]
  0x000000005679a800 JavaThread "AWT-Shutdown" [_thread_blocked, id=24480, stack(0x0000000056aa0000,0x0000000056ba0000)]
  0x0000000056795800 JavaThread "Java2D Disposer" daemon [_thread_blocked, id=22320, stack(0x0000000056840000,0x0000000056940000)]
  0x0000000054aca000 JavaThread "Service Thread" daemon [_thread_blocked, id=19392, stack(0x00000000560f0000,0x00000000561f0000)]
  0x0000000054ac5000 JavaThread "C1 CompilerThread1" daemon [_thread_blocked, id=18348, stack(0x0000000055f40000,0x0000000056040000)]
  0x0000000054a6c800 JavaThread "C2 CompilerThread0" daemon [_thread_blocked, id=23728, stack(0x0000000055d50000,0x0000000055e50000)]
  0x0000000054a6a800 JavaThread "Attach Listener" daemon [_thread_blocked, id=23772, stack(0x0000000055ba0000,0x0000000055ca0000)]
  0x0000000054a69800 JavaThread "Signal Dispatcher" daemon [_thread_blocked, id=23888, stack(0x00000000554b0000,0x00000000555b0000)]
  0x0000000054a0c000 JavaThread "Finalizer" daemon [_thread_blocked, id=21340, stack(0x00000000559f0000,0x0000000055af0000)]
  0x0000000054a05000 JavaThread "Reference Handler" daemon [_thread_blocked, id=19644, stack(0x00000000557c0000,0x00000000558c0000)]

Other Threads:
  0x00000000549fd000 VMThread [stack: 0x00000000555d0000,0x00000000556d0000] [id=24224]
  0x0000000054acb000 WatcherThread [stack: 0x00000000562b0000,0x00000000563b0000] [id=24440]

VM state:not at safepoint (normal execution)

VM Mutex/Monitor currently owned by a thread: None

Heap:
 PSYoungGen      total 18944K, used 15108K [0x00000000eab00000, 0x00000000ec000000, 0x0000000100000000)
  eden space 16384K, 92% used [0x00000000eab00000,0x00000000eb9c10a8,0x00000000ebb00000)
  from space 2560K, 0% used [0x00000000ebd80000,0x00000000ebd80000,0x00000000ec000000)
  to   space 2560K, 0% used [0x00000000ebb00000,0x00000000ebb00000,0x00000000ebd80000)
 ParOldGen       total 44032K, used 0K [0x00000000c0000000, 0x00000000c2b00000, 0x00000000eab00000)
  object space 44032K, 0% used [0x00000000c0000000,0x00000000c0000000,0x00000000c2b00000)
 Metaspace       used 15879K, capacity 16112K, committed 16384K, reserved 1062912K
  class space    used 2111K, capacity 2204K, committed 2304K, reserved 1048576K

Card table byte_map: [0x0000000011a40000,0x0000000011c50000] byte_map_base: 0x0000000011440000

Marking Bits: (ParMarkBitMap*) 0x000000006dde4040
 Begin Bits: [0x0000000011ed0000, 0x0000000012ed0000)
 End Bits:   [0x0000000012ed0000, 0x0000000013ed0000)

Polling page: 0x0000000000120000

CodeCache: size=245760Kb used=3645Kb max_used=3645Kb free=242114Kb
 bounds [0x0000000002680000, 0x0000000002a20000, 0x0000000011680000]
 total_blobs=1655 nmethods=1123 adapters=446
 compilation: enabled

Compilation events (10 events):
Event: 2.455 Thread 0x0000000054ac5000 nmethod 1119 0x0000000002a0ba90 code [0x0000000002a0bc00, 0x0000000002a0be50]
Event: 2.455 Thread 0x0000000054ac5000 1118       3       sun.security.util.ObjectIdentifier::hashCode (8 bytes)
Event: 2.455 Thread 0x0000000054ac5000 nmethod 1118 0x0000000002a10b50 code [0x0000000002a10cc0, 0x0000000002a10e48]
Event: 2.455 Thread 0x0000000054ac5000 1120       3       sun.security.provider.SHA2::lf_S (11 bytes)
Event: 2.455 Thread 0x0000000054ac5000 nmethod 1120 0x0000000002a10ed0 code [0x0000000002a11020, 0x0000000002a11170]
Event: 2.455 Thread 0x0000000054ac5000 1121       3       sun.security.provider.SHA2::lf_R (4 bytes)
Event: 2.455 Thread 0x0000000054ac5000 nmethod 1121 0x0000000002a111d0 code [0x0000000002a11320, 0x0000000002a11450]
Event: 2.455 Thread 0x0000000054ac5000 1122       1       sun.security.provider.SHA2::lf_S (11 bytes)
Event: 2.455 Thread 0x0000000054ac5000 nmethod 1122 0x0000000002a114d0 code [0x0000000002a11620, 0x0000000002a11730]
Event: 2.455 Thread 0x0000000054ac5000 1123       3       sun.security.provider.SHA2::lf_sigma1 (21 bytes)

GC Heap History (0 events):
No events

Deoptimization events (10 events):
Event: 0.735 Thread 0x0000000001e6e000 Uncommon trap: reason=bimorphic action=maybe_recompile pc=0x000000000286acd8 method=java.util.HashMap.getNode(ILjava/lang/Object;)Ljava/util/HashMap$Node; @ 126
Event: 0.735 Thread 0x0000000001e6e000 Uncommon trap: reason=bimorphic action=maybe_recompile pc=0x000000000286acd8 method=java.util.HashMap.getNode(ILjava/lang/Object;)Ljava/util/HashMap$Node; @ 126
Event: 0.735 Thread 0x0000000001e6e000 Uncommon trap: reason=bimorphic action=maybe_recompile pc=0x000000000286acd8 method=java.util.HashMap.getNode(ILjava/lang/Object;)Ljava/util/HashMap$Node; @ 126
Event: 1.050 Thread 0x0000000001e6e000 Uncommon trap: reason=null_check action=make_not_entrant pc=0x0000000002912c18 method=javax.swing.UIDefaults.getResourceCache(Ljava/util/Locale;)Ljava/util/Map; @ 10
Event: 1.054 Thread 0x0000000001e6e000 Uncommon trap: reason=class_check action=maybe_recompile pc=0x000000000290d70c method=javax.swing.UIDefaults.getFromHashtable(Ljava/lang/Object;)Ljava/lang/Object; @ 92
Event: 1.054 Thread 0x0000000001e6e000 Uncommon trap: reason=class_check action=maybe_recompile pc=0x000000000290d70c method=javax.swing.UIDefaults.getFromHashtable(Ljava/lang/Object;)Ljava/lang/Object; @ 92
Event: 1.054 Thread 0x0000000001e6e000 Uncommon trap: reason=class_check action=maybe_recompile pc=0x000000000290d70c method=javax.swing.UIDefaults.getFromHashtable(Ljava/lang/Object;)Ljava/lang/Object; @ 92
Event: 1.054 Thread 0x0000000001e6e000 Uncommon trap: reason=class_check action=maybe_recompile pc=0x000000000290d70c method=javax.swing.UIDefaults.getFromHashtable(Ljava/lang/Object;)Ljava/lang/Object; @ 92
Event: 1.163 Thread 0x0000000056781800 Uncommon trap: reason=unstable_if action=reinterpret pc=0x00000000029403e0 method=sun.awt.SunToolkit.getAppContext(Ljava/lang/Object;)Lsun/awt/AppContext; @ 4
Event: 2.279 Thread 0x0000000058a1f000 Uncommon trap: reason=bimorphic action=maybe_recompile pc=0x00000000028799a0 method=java.util.HashMap.getNode(ILjava/lang/Object;)Ljava/util/HashMap$Node; @ 126

Internal exceptions (10 events):
Event: 0.049 Thread 0x0000000001e6e000 Exception <a 'java/lang/NoSuchMethodError': Method sun.misc.Unsafe.prefetchRead(Ljava/lang/Object;J)V name or signature does not match> (0x00000000eab0de10) thrown at [D:\re\workspace\8-2-build-windows-amd64-cygwin\jdk8u40\3098\hotspot\src\share\vm\prims\jÑœ¯Â¾ Â?
Event: 0.142 Thread 0x0000000001e6e000 Exception <a 'java/security/PrivilegedActionException'> (0x00000000eab98430) thrown at [D:\re\workspace\8-2-build-windows-amd64-cygwin\jdk8u40\3098\hotspot\src\share\vm\prims\jvm.cpp, line 1382]
Event: 0.142 Thread 0x0000000001e6e000 Exception <a 'java/security/PrivilegedActionException'> (0x00000000eab985e8) thrown at [D:\re\workspace\8-2-build-windows-amd64-cygwin\jdk8u40\3098\hotspot\src\share\vm\prims\jvm.cpp, line 1382]
Event: 0.142 Thread 0x0000000001e6e000 Exception <a 'java/security/PrivilegedActionException'> (0x00000000eab9c0e0) thrown at [D:\re\workspace\8-2-build-windows-amd64-cygwin\jdk8u40\3098\hotspot\src\share\vm\prims\jvm.cpp, line 1382]
Event: 0.142 Thread 0x0000000001e6e000 Exception <a 'java/security/PrivilegedActionException'> (0x00000000eab9c298) thrown at [D:\re\workspace\8-2-build-windows-amd64-cygwin\jdk8u40\3098\hotspot\src\share\vm\prims\jvm.cpp, line 1382]
Event: 0.179 Thread 0x0000000001e6e000 Exception <a 'java/io/FileNotFoundException'> (0x00000000eac6e698) thrown at [D:\re\workspace\8-2-build-windows-amd64-cygwin\jdk8u40\3098\hotspot\src\share\vm\prims\jni.cpp, line 709]
Event: 0.203 Thread 0x0000000001e6e000 Exception <a 'java/io/FileNotFoundException'> (0x00000000eac8eb50) thrown at [D:\re\workspace\8-2-build-windows-amd64-cygwin\jdk8u40\3098\hotspot\src\share\vm\prims\jni.cpp, line 709]
Event: 0.260 Thread 0x0000000001e6e000 Exception <a 'java/lang/NoSuchFieldError': method resolution failed> (0x00000000ead62e98) thrown at [D:\re\workspace\8-2-build-windows-amd64-cygwin\jdk8u40\3098\hotspot\src\share\vm\prims\methodHandles.cpp, line 1125]
Event: 0.262 Thread 0x0000000001e6e000 Exception <a 'java/lang/NoSuchFieldError': method resolution failed> (0x00000000ead718d8) thrown at [D:\re\workspace\8-2-build-windows-amd64-cygwin\jdk8u40\3098\hotspot\src\share\vm\prims\methodHandles.cpp, line 1125]
Event: 1.050 Thread 0x0000000001e6e000 Implicit null exception at 0x0000000002912783 to 0x0000000002912c0d

Events (10 events):
Event: 2.453 loading class java/security/interfaces/DSAKey done
Event: 2.453 loading class java/security/interfaces/DSAPublicKey done
Event: 2.453 loading class sun/security/provider/DSAPublicKey done
Event: 2.453 loading class sun/security/provider/DSAPublicKeyImpl done
Event: 2.454 loading class sun/security/rsa/RSASignature$SHA256withRSA
Event: 2.455 loading class sun/security/rsa/RSASignature$SHA256withRSA done
Event: 2.455 loading class sun/security/provider/SHA2$SHA256
Event: 2.455 loading class sun/security/provider/SHA2
Event: 2.455 loading class sun/security/provider/SHA2 done
Event: 2.455 loading class sun/security/provider/SHA2$SHA256 done


Dynamic libraries:
0x000000013f540000 - 0x000000013f577000 	C:\Program Files\Java\jre1.8.0_40\bin\javaw.exe
0x0000000077320000 - 0x00000000774c9000 	C:\Windows\SYSTEM32\ntdll.dll
0x0000000077100000 - 0x000000007721f000 	C:\Windows\system32\kernel32.dll
0x000007fefd320000 - 0x000007fefd38b000 	C:\Windows\system32\KERNELBASE.dll
0x000007fefdf40000 - 0x000007fefe01b000 	C:\Windows\system32\ADVAPI32.dll
0x000007fefe230000 - 0x000007fefe2cf000 	C:\Windows\system32\msvcrt.dll
0x000007fefdba0000 - 0x000007fefdbbf000 	C:\Windows\SYSTEM32\sechost.dll
0x000007feff500000 - 0x000007feff62d000 	C:\Windows\system32\RPCRT4.dll
0x0000000077220000 - 0x000000007731a000 	C:\Windows\system32\USER32.dll
0x000007fefd8f0000 - 0x000007fefd957000 	C:\Windows\system32\GDI32.dll
0x000007fefdde0000 - 0x000007fefddee000 	C:\Windows\system32\LPK.dll
0x000007fefddf0000 - 0x000007fefdeb9000 	C:\Windows\system32\USP10.dll
0x000007fefbc20000 - 0x000007fefbe14000 	C:\Windows\WinSxS\amd64_microsoft.windows.common-controls_6595b64144ccf1df_6.0.7601.17514_none_fa396087175ac9ac\COMCTL32.dll
0x000007feff3d0000 - 0x000007feff441000 	C:\Windows\system32\SHLWAPI.dll
0x000007fefd640000 - 0x000007fefd66e000 	C:\Windows\system32\IMM32.DLL
0x000007feff140000 - 0x000007feff249000 	C:\Windows\system32\MSCTF.dll
0x0000000075010000 - 0x0000000075048000 	C:\PROGRA~2\Sophos\SOPHOS~1\SOPHOS~2.DLL
0x00000000774f0000 - 0x00000000774f7000 	C:\Windows\system32\PSAPI.DLL
0x0000000068dd0000 - 0x0000000068ea2000 	C:\Program Files\Java\jre1.8.0_40\bin\msvcr100.dll
0x000000006d5e0000 - 0x000000006de63000 	C:\Program Files\Java\jre1.8.0_40\bin\server\jvm.dll
0x000007fefb890000 - 0x000007fefb899000 	C:\Windows\system32\WSOCK32.dll
0x000007fefdd90000 - 0x000007fefdddd000 	C:\Windows\system32\WS2_32.dll
0x000007feff450000 - 0x000007feff458000 	C:\Windows\system32\NSI.dll
0x000007fefae50000 - 0x000007fefae8b000 	C:\Windows\system32\WINMM.dll
0x000007fefc7a0000 - 0x000007fefc7ac000 	C:\Windows\system32\VERSION.dll
0x0000000070f10000 - 0x0000000070f1f000 	C:\Program Files\Java\jre1.8.0_40\bin\verify.dll
0x0000000070a10000 - 0x0000000070a39000 	C:\Program Files\Java\jre1.8.0_40\bin\java.dll
0x0000000070e80000 - 0x0000000070e96000 	C:\Program Files\Java\jre1.8.0_40\bin\zip.dll
0x000007fefe3b0000 - 0x000007feff138000 	C:\Windows\system32\SHELL32.dll
0x000007fefe020000 - 0x000007fefe223000 	C:\Windows\system32\ole32.dll
0x000007fefd270000 - 0x000007fefd27f000 	C:\Windows\system32\profapi.dll
0x000000005a0f0000 - 0x000000005a288000 	C:\Program Files\Java\jre1.8.0_40\bin\awt.dll
0x000007fefe2d0000 - 0x000007fefe3a7000 	C:\Windows\system32\OLEAUT32.dll
0x000007fefb6c0000 - 0x000007fefb6d8000 	C:\Windows\system32\DWMAPI.DLL
0x000007fefbbc0000 - 0x000007fefbc16000 	C:\Windows\system32\uxtheme.dll
0x000007fefd140000 - 0x000007fefd14f000 	C:\Windows\system32\CRYPTBASE.dll
0x000007fed9340000 - 0x000007fed953f000 	C:\Windows\system32\d3d9.dll
0x000007fefac90000 - 0x000007fefac97000 	C:\Windows\system32\d3d8thk.dll
0x000007fed3b00000 - 0x000007fed4b6d000 	C:\Windows\system32\nvd3dumx.dll
0x000007fefb740000 - 0x000007fefb76c000 	C:\Windows\system32\powrprof.dll
0x000007fefd960000 - 0x000007fefdb37000 	C:\Windows\system32\SETUPAPI.dll
0x000007fefd600000 - 0x000007fefd636000 	C:\Windows\system32\CFGMGR32.dll
0x000007fefd390000 - 0x000007fefd3aa000 	C:\Windows\system32\DEVOBJ.dll
0x000007fee8f60000 - 0x000007fee90cc000 	C:\Program Files (x86)\NVIDIA Corporation\3D Vision\nvSCPAPI64.dll
0x000007fef2e30000 - 0x000007fef317d000 	C:\Windows\system32\nvapi64.dll
0x000007fefd5c0000 - 0x000007fefd5fa000 	C:\Windows\system32\WINTRUST.dll
0x000007fefd450000 - 0x000007fefd5b7000 	C:\Windows\system32\CRYPT32.dll
0x000007fefd310000 - 0x000007fefd31f000 	C:\Windows\system32\MSASN1.dll
0x0000000071140000 - 0x0000000071187000 	C:\Program Files\Java\jre1.8.0_40\bin\fontmanager.dll
0x0000000070e40000 - 0x0000000070e5a000 	C:\Program Files\Java\jre1.8.0_40\bin\net.dll
0x000007fefc3e0000 - 0x000007fefc40d000 	C:\ProgramData\Sophos\Web Intelligence\swi_ifslsp_64.dll
0x000007fefcaa0000 - 0x000007fefcaf5000 	C:\Windows\system32\mswsock.dll
0x000007fefca90000 - 0x000007fefca97000 	C:\Windows\System32\wship6.dll
0x0000000070660000 - 0x0000000070671000 	C:\Program Files\Java\jre1.8.0_40\bin\nio.dll
0x0000000071190000 - 0x00000000711d1000 	C:\Program Files\Java\jre1.8.0_40\bin\t2k.dll
0x000007fefccb0000 - 0x000007fefccc7000 	C:\Windows\system32\CRYPTSP.dll
0x000007fefc7e0000 - 0x000007fefc827000 	C:\Windows\system32\rsaenh.dll
0x000007fefc530000 - 0x000007fefc54e000 	C:\Windows\system32\USERENV.dll
0x000007fefbf60000 - 0x000007fefbf87000 	C:\Windows\system32\IPHLPAPI.DLL
0x000007fefc620000 - 0x000007fefc62b000 	C:\Windows\system32\WINNSI.DLL
0x000007fefa250000 - 0x000007fefa261000 	C:\Windows\system32\dhcpcsvc6.DLL
0x000007fefa230000 - 0x000007fefa248000 	C:\Windows\system32\dhcpcsvc.DLL
0x000007feff460000 - 0x000007feff4f9000 	C:\Windows\system32\CLBCatQ.DLL
0x000007fefb3d0000 - 0x000007fefb4fa000 	C:\Windows\system32\WindowsCodecs.dll
0x000007fefd150000 - 0x000007fefd1a7000 	C:\Windows\system32\apphelp.dll
0x000007feee2e0000 - 0x000007feee31f000 	C:\Users\boseleya\AppData\Local\Microsoft\SkyDrive\17.0.4035.0328\amd64\SkyDriveShell64.dll
0x000007feee230000 - 0x000007feee2d7000 	C:\Users\boseleya\AppData\Local\Microsoft\SkyDrive\17.0.4035.0328\amd64\MSVCP110.dll
0x000007feee160000 - 0x000007feee22e000 	C:\Users\boseleya\AppData\Local\Microsoft\SkyDrive\17.0.4035.0328\amd64\MSVCR110.dll
0x000007fefdbc0000 - 0x000007fefdcea000 	C:\Windows\system32\WININET.dll
0x000007feff250000 - 0x000007feff3c8000 	C:\Windows\system32\urlmon.dll
0x000007fefd670000 - 0x000007fefd8c9000 	C:\Windows\system32\iertutil.dll
0x000007feedf20000 - 0x000007feee15d000 	C:\PROGRA~1\MICROS~2\Office15\GROOVEEX.DLL
0x0000000072d10000 - 0x0000000072da8000 	C:\Windows\system32\MSVCP100.dll
0x000000006ee60000 - 0x000000006ee8b000 	C:\Windows\system32\ATL100.DLL
0x000007fefa450000 - 0x000007fefa766000 	C:\Windows\system32\msi.dll
0x000007feeb710000 - 0x000007feebf8d000 	C:\PROGRA~1\MICROS~2\Office15\1033\GrooveIntlResource.dll
0x000007feed9e0000 - 0x000007feeda15000 	C:\Windows\system32\EhStorShell.dll
0x000007fefb540000 - 0x000007fefb66c000 	C:\Windows\system32\PROPSYS.dll
0x000007feee440000 - 0x000007feee4be000 	C:\Windows\System32\cscui.dll
0x000007feee430000 - 0x000007feee43c000 	C:\Windows\System32\CSCDLL.dll
0x000007fef43d0000 - 0x000007fef43df000 	C:\Windows\system32\CSCAPI.dll
0x000007feee3b0000 - 0x000007feee430000 	C:\Windows\system32\ntshrui.dll
0x000007fefcd70000 - 0x000007fefcd93000 	C:\Windows\system32\srvcli.dll
0x000007fefabe0000 - 0x000007fefabeb000 	C:\Windows\system32\slc.dll
0x000007fefc3d0000 - 0x000007fefc3d7000 	C:\Windows\System32\wshtcpip.dll
0x000007fef9e20000 - 0x000007fef9e4f000 	C:\Program Files\Common Files\Microsoft Shared\Windows Live\WLIDNSP.DLL
0x000007fefc970000 - 0x000007fefc9cb000 	C:\Windows\system32\DNSAPI.dll
0x000007fef9dc0000 - 0x000007fef9dc8000 	C:\Windows\system32\rasadhlp.dll
0x000007fefa2e0000 - 0x000007fefa333000 	C:\Windows\System32\fwpuclnt.dll
0x000007fedfa80000 - 0x000007fedfba5000 	C:\Windows\system32\dbghelp.dll

VM Arguments:
jvm_args: -Dfile.encoding=Cp1252 
java_command: com.bookingsystem.startup.BookingSystemMain
java_class_path (initial): C:\Users\boseleya\Documents\GitHub\java-bs\Booking System\out\production\Booking System;C:\Users\boseleya\Documents\GitHub\java-bs\Booking System\apache-rat-0.6.jar;C:\Users\boseleya\Downloads\Jar\commons-codec-1.10.jar;C:\Users\boseleya\Downloads\Jar\jdatepicker-1.3.4.jar;C:\Users\boseleya\Downloads\Jar\poi-bin-3.11-20141221\poi-3.11\poi-3.11-20141221.jar;C:\Users\boseleya\Downloads\Jar\poi-bin-3.11-20141221\poi-3.11\poi-ooxml-3.11-20141221.jar;C:\Users\boseleya\Downloads\Jar\poi-bin-3.11-20141221\poi-3.11\poi-ooxml-schemas-3.11-20141221.jar;C:\Users\boseleya\Downloads\Jar\poi-bin-3.11-20141221\poi-3.11\ooxml-lib\xmlbeans-2.6.0.jar;C:\Users\boseleya\Downloads\Microsoft JDBC Driver 4.0 for SQL Server\sqljdbc_4.0\enu\sqljdbc4.jar
Launcher Type: SUN_STANDARD

Environment Variables:
PATH=C:/Program Files/Java/jre1.8.0_40/bin/server;C:/Program Files/Java/jre1.8.0_40/bin;C:/Program Files/Java/jre1.8.0_40/lib/amd64;C:\Program Files\Common Files\Microsoft Shared\Windows Live;C:\Program Files (x86)\Common Files\Microsoft Shared\Windows Live;C:\Program Files (x86)\NVIDIA Corporation\PhysX\Common;C:\Windows\system32;C:\Windows;C:\Windows\System32\Wbem;C:\Windows\System32\WindowsPowerShell\v1.0\;C:\Program Files (x86)\Windows Live\Shared;C:\Program Files\Java\jdk1.7.0_75\bin;c:\Program Files (x86)\Microsoft SQL Server\110\Tools\Binn\;c:\Program Files\Microsoft SQL Server\110\Tools\Binn\;c:\Program Files\Microsoft SQL Server\110\DTS\Binn\;c:\Program Files (x86)\Microsoft SQL Server\110\Tools\Binn\ManagementStudio\;c:\Program Files (x86)\Microsoft SQL Server\110\DTS\Binn\;C:\Users\boseleya\Documents\Eclipse IDE\eclipse;
USERNAME=boseleya
OS=Windows_NT
PROCESSOR_IDENTIFIER=Intel64 Family 6 Model 23 Stepping 10, GenuineIntel



---------------  S Y S T E M  ---------------

OS: Windows 7 , 64 bit Build 7601 (6.1.7601.17514)

CPU:total 2 (2 cores per cpu, 1 threads per core) family 6 model 23 stepping 10, cmov, cx8, fxsr, mmx, sse, sse2, sse3, ssse3, sse4.1, tsc

Memory: 4k page, physical 4192760k(1203224k free), swap 8383672k(4092204k free)

vm_info: Java HotSpot(TM) 64-Bit Server VM (25.40-b25) for windows-amd64 JRE (1.8.0_40-b26), built on Mar  7 2015 13:51:59 by "java_re" with MS VC++ 10.0 (VS2010)

time: Fri May 15 10:40:07 2015
elapsed time: 2 seconds (0d 0h 0m 2s)

